<?xml version="1.0" encoding="UTF-8" ?>
<testsuite tests="165" failures="69" name="TestSuite" time="2,482.736" errors="0" skipped="2">
  <properties>
    <property name="java.vendor" value="Oracle Corporation"/>
    <property name="JOB_NAME" value="Vitalglobal"/>
    <property name="RUN_TESTS_DISPLAY_URL" value="http://localhost:8080/job/Vitalglobal/10/display/redirect?page=tests"/>
    <property name="sun.java.launcher" value="SUN_STANDARD"/>
    <property name="NUMBER_OF_PROCESSORS" value="4"/>
    <property name="sun.management.compiler" value="HotSpot 64-Bit Tiered Compilers"/>
    <property name="JENKINS_HOME" value="C:\Users\Surendra\.jenkins"/>
    <property name="FPS_BROWSER_USER_PROFILE_STRING" value="Default"/>
    <property name="HUDSON_SERVER_COOKIE" value="749739d47c05db53"/>
    <property name="POM_ARTIFACTID" value="Vitalglobal"/>
    <property name="os.name" value="Windows 10"/>
    <property name="sun.boot.class.path" value="C:\Program Files\Java\jre1.8.0_251\lib\resources.jar;C:\Program Files\Java\jre1.8.0_251\lib\rt.jar;C:\Program Files\Java\jre1.8.0_251\lib\sunrsasign.jar;C:\Program Files\Java\jre1.8.0_251\lib\jsse.jar;C:\Program Files\Java\jre1.8.0_251\lib\jce.jar;C:\Program Files\Java\jre1.8.0_251\lib\charsets.jar;C:\Program Files\Java\jre1.8.0_251\lib\jfr.jar;C:\Program Files\Java\jre1.8.0_251\classes"/>
    <property name="EXECUTOR_NUMBER" value="0"/>
    <property name="sun.desktop" value="windows"/>
    <property name="PATHEXT" value=".COM;.EXE;.BAT;.CMD;.VBS;.VBE;.JS;.JSE;.WSF;.WSH;.MSC"/>
    <property name="java.vm.specification.vendor" value="Oracle Corporation"/>
    <property name="POM_DISPLAYNAME" value="Vitalglobal"/>
    <property name="NODE_LABELS" value="master"/>
    <property name="TEMP" value="C:\Users\Surendra\AppData\Local\Temp"/>
    <property name="java.runtime.version" value="1.8.0_251-b08"/>
    <property name="FPS_BROWSER_APP_PROFILE_STRING" value="Internet Explorer"/>
    <property name="user.name" value="Surendra"/>
    <property name="guice.disable.misplaced.annotation.check" value="true"/>
    <property name="CommonProgramW6432" value="C:\Program Files\Common Files"/>
    <property name="ProgramFiles" value="C:\Program Files"/>
    <property name="PROMPT" value="$P$G"/>
    <property name="user.language" value="en"/>
    <property name="JOB_BASE_NAME" value="Vitalglobal"/>
    <property name="RUN_CHANGES_DISPLAY_URL" value="http://localhost:8080/job/Vitalglobal/10/display/redirect?page=changes"/>
    <property name="BUILD_DISPLAY_NAME" value="#10"/>
    <property name="OneDrive" value="C:\Users\Surendra\OneDrive"/>
    <property name="sun.boot.library.path" value="C:\Program Files\Java\jre1.8.0_251\bin"/>
    <property name="LOCALAPPDATA" value="C:\Users\Surendra\AppData\Local"/>
    <property name="java.version" value="1.8.0_251"/>
    <property name="PROCESSOR_LEVEL" value="6"/>
    <property name="user.timezone" value="Asia/Calcutta"/>
    <property name="USERNAME" value="Surendra"/>
    <property name="sun.arch.data.model" value="64"/>
    <property name="NODE_NAME" value="master"/>
    <property name="java.endorsed.dirs" value="C:\Program Files\Java\jre1.8.0_251\lib\endorsed"/>
    <property name="BUILD_ID" value="10"/>
    <property name="sun.cpu.isalist" value="amd64"/>
    <property name="sun.jnu.encoding" value="Cp1252"/>
    <property name="file.encoding.pkg" value="sun.io"/>
    <property name="file.separator" value="\"/>
    <property name="java.specification.name" value="Java Platform API Specification"/>
    <property name="HOMEDRIVE" value="C:"/>
    <property name="maven.conf" value="C:\Users\Surendra\.jenkins\tools\hudson.tasks.Maven_MavenInstallation\Vitalglobal\conf"/>
    <property name="java.class.version" value="52.0"/>
    <property name="=::" value="::\"/>
    <property name="org.slf4j.simpleLogger.defaultLogLevel" value="info"/>
    <property name="user.country" value="IN"/>
    <property name="ALLUSERSPROFILE" value="C:\ProgramData"/>
    <property name="java.home" value="C:\Program Files\Java\jre1.8.0_251"/>
    <property name="java.vm.info" value="mixed mode"/>
    <property name="os.version" value="10.0"/>
    <property name="RUN_DISPLAY_URL" value="http://localhost:8080/job/Vitalglobal/10/display/redirect"/>
    <property name="POM_VERSION" value="0.0.1-SNAPSHOT"/>
    <property name="TMP" value="C:\Users\Surendra\AppData\Local\Temp"/>
    <property name="RUN_ARTIFACTS_DISPLAY_URL" value="http://localhost:8080/job/Vitalglobal/10/display/redirect?page=artifacts"/>
    <property name="path.separator" value=";"/>
    <property name="java.vm.version" value="25.251-b08"/>
    <property name="user.variant" value=""/>
    <property name="JOB_DISPLAY_URL" value="http://localhost:8080/job/Vitalglobal/display/redirect"/>
    <property name="CommonProgramFiles(x86)" value="C:\Program Files (x86)\Common Files"/>
    <property name="USERDOMAIN_ROAMINGPROFILE" value="DESKTOP-4C220HH"/>
    <property name="java.awt.printerjob" value="sun.awt.windows.WPrinterJob"/>
    <property name="sun.io.unicode.encoding" value="UnicodeLittle"/>
    <property name="CommonProgramFiles" value="C:\Program Files\Common Files"/>
    <property name="ComSpec" value="C:\Windows\system32\cmd.exe"/>
    <property name="awt.toolkit" value="sun.awt.windows.WToolkit"/>
    <property name="HOMEPATH" value="\Users\Surendra"/>
    <property name="POM_PACKAGING" value="jar"/>
    <property name="user.script" value=""/>
    <property name="COMPUTERNAME" value="DESKTOP-4C220HH"/>
    <property name="POM_GROUPID" value="communication"/>
    <property name="user.home" value="C:\Users\Surendra"/>
    <property name="PUBLIC" value="C:\Users\Public"/>
    <property name="BUILD_TAG" value="jenkins-Vitalglobal-10"/>
    <property name="JENKINS_SERVER_COOKIE" value="749739d47c05db53"/>
    <property name="HUDSON_URL" value="http://localhost:8080/"/>
    <property name="ProgramData" value="C:\ProgramData"/>
    <property name="java.specification.vendor" value="Oracle Corporation"/>
    <property name="USERPROFILE" value="C:\Users\Surendra"/>
    <property name="CLASSPATH" value=""/>
    <property name="java.vendor.url" value="http://java.oracle.com/"/>
    <property name="java.library.path" value="C:\Program Files (x86)\Common Files\Oracle\Java\javapath;C:\Windows\Sun\Java\bin;C:\Windows\system32;C:\Windows;C:\Users\Surendra\.jenkins\tools\hudson.tasks.Maven_MavenInstallation\Vitalglobal/bin;C:\Program Files (x86)\Common Files\Oracle\Java\javapath;C:\Windows\system32;C:\Windows;C:\Windows\System32\Wbem;C:\Windows\System32\WindowsPowerShell\v1.0\;C:\Windows\System32\OpenSSH\;C:\Program Files\Java\jdk1.8.0_251\bin;C:\Users\Surendra\AppData\Local\Microsoft\WindowsApps;;."/>
    <property name="java.vm.vendor" value="Oracle Corporation"/>
    <property name="APPDATA" value="C:\Users\Surendra\AppData\Roaming"/>
    <property name="java.runtime.name" value="Java(TM) SE Runtime Environment"/>
    <property name="maven.home" value="C:\Users\Surendra\.jenkins\tools\hudson.tasks.Maven_MavenInstallation\Vitalglobal"/>
    <property name="java.class.path" value="C:\Users\Surendra\.jenkins\plugins\maven-plugin\WEB-INF\lib\maven35-agent-1.13.jar;C:\Users\Surendra\.jenkins\tools\hudson.tasks.Maven_MavenInstallation\Vitalglobal\boot\plexus-classworlds-2.6.0.jar;C:\Users\Surendra\.jenkins\tools\hudson.tasks.Maven_MavenInstallation\Vitalglobal/conf/logging"/>
    <property name="sun.java.command" value="jenkins.maven3.agent.Maven35Main C:\Users\Surendra\.jenkins\tools\hudson.tasks.Maven_MavenInstallation\Vitalglobal C:\Users\Surendra\.jenkins\war\WEB-INF\lib\remoting-4.5.jar C:\Users\Surendra\.jenkins\plugins\maven-plugin\WEB-INF\lib\maven35-interceptor-1.13.jar C:\Users\Surendra\.jenkins\plugins\maven-plugin\WEB-INF\lib\maven3-interceptor-commons-1.13.jar 51684"/>
    <property name="Path" value="C:\Program Files (x86)\Common Files\Oracle\Java\javapath;C:\Windows\system32;C:\Windows;C:\Windows\System32\Wbem;C:\Windows\System32\WindowsPowerShell\v1.0\;C:\Windows\System32\OpenSSH\;C:\Program Files\Java\jdk1.8.0_251\bin;C:\Users\Surendra\AppData\Local\Microsoft\WindowsApps;"/>
    <property name="java.vm.specification.name" value="Java Virtual Machine Specification"/>
    <property name="PROCESSOR_ARCHITECTURE" value="AMD64"/>
    <property name="PROCESSOR_IDENTIFIER" value="Intel64 Family 6 Model 78 Stepping 3, GenuineIntel"/>
    <property name="SESSIONNAME" value="Console"/>
    <property name="java.vm.specification.version" value="1.8"/>
    <property name="sun.os.patch.level" value=""/>
    <property name="sun.cpu.endian" value="little"/>
    <property name="M2_HOME" value="C:\Users\Surendra\.jenkins\tools\hudson.tasks.Maven_MavenInstallation\Vitalglobal"/>
    <property name="java.io.tmpdir" value="C:\Users\Surendra\AppData\Local\Temp\"/>
    <property name="OS" value="Windows_NT"/>
    <property name="HUDSON_HOME" value="C:\Users\Surendra\.jenkins"/>
    <property name="PATH+MAVEN" value="C:\Users\Surendra\.jenkins\tools\hudson.tasks.Maven_MavenInstallation\Vitalglobal/bin"/>
    <property name="ProgramFiles(x86)" value="C:\Program Files (x86)"/>
    <property name="BUILD_URL" value="http://localhost:8080/job/Vitalglobal/10/"/>
    <property name="java.vendor.url.bug" value="http://bugreport.sun.com/bugreport/"/>
    <property name="java.awt.graphicsenv" value="sun.awt.Win32GraphicsEnvironment"/>
    <property name="os.arch" value="amd64"/>
    <property name="SystemRoot" value="C:\Windows"/>
    <property name="java.ext.dirs" value="C:\Program Files\Java\jre1.8.0_251\lib\ext;C:\Windows\Sun\Java\lib\ext"/>
    <property name="user.dir" value="C:\VitalGlobal"/>
    <property name="JOB_URL" value="http://localhost:8080/job/Vitalglobal/"/>
    <property name="LOGONSERVER" value="\\DESKTOP-4C220HH"/>
    <property name="USERDOMAIN" value="DESKTOP-4C220HH"/>
    <property name="line.separator" value="
"/>
    <property name="MAVEN_HOME" value="C:\Users\Surendra\.jenkins\tools\hudson.tasks.Maven_MavenInstallation\Vitalglobal"/>
    <property name="java.vm.name" value="Java HotSpot(TM) 64-Bit Server VM"/>
    <property name="BUILD_NUMBER" value="10"/>
    <property name="JENKINS_URL" value="http://localhost:8080/"/>
    <property name="PROCESSOR_REVISION" value="4e03"/>
    <property name="ProgramW6432" value="C:\Program Files"/>
    <property name="windir" value="C:\Windows"/>
    <property name="=C:" value="C:\jenkins"/>
    <property name="file.encoding" value="Cp1252"/>
    <property name="SystemDrive" value="C:"/>
    <property name="maven3.interceptor" value="C:\Users\Surendra\.jenkins\plugins\maven-plugin\WEB-INF\lib\maven35-interceptor-1.13.jar"/>
    <property name="WORKSPACE_TMP" value="C:\Users\Surendra\.jenkins\workspace\Vitalglobal@tmp"/>
    <property name="WORKSPACE" value="C:\Users\Surendra\.jenkins\workspace\Vitalglobal"/>
    <property name="maven3.interceptor.common" value="C:\Users\Surendra\.jenkins\plugins\maven-plugin\WEB-INF\lib\maven3-interceptor-commons-1.13.jar"/>
    <property name="java.specification.version" value="1.8"/>
    <property name="PSModulePath" value="C:\Program Files\WindowsPowerShell\Modules;C:\Windows\system32\WindowsPowerShell\v1.0\Modules"/>
    <property name="DriverData" value="C:\Windows\System32\Drivers\DriverData"/>
  </properties>
  <testcase classname="testcases.AddCustomerPage_Test" name="add_customerpjsip" time="16.137"/>
  <testcase classname="testcases.UserDirectoryPage_Test" name="directory_validation" time="29.585">
    <failure type="java.lang.NullPointerException">java.lang.NullPointerException
	at reusefunctions.ReuseFunctions.takeScreenshotAtEndOfTest(ReuseFunctions.java:57)
	at webeventlistner.WebEventListener.onException(WebEventListener.java:63)
	at sun.reflect.NativeMethodAccessorImpl.invoke0(Native Method)
	at sun.reflect.NativeMethodAccessorImpl.invoke(Unknown Source)
	at sun.reflect.DelegatingMethodAccessorImpl.invoke(Unknown Source)
	at java.lang.reflect.Method.invoke(Unknown Source)
	at org.openqa.selenium.support.events.EventFiringWebDriver.lambda$new$0(EventFiringWebDriver.java:84)
	at com.sun.proxy.$Proxy9.onException(Unknown Source)
	at org.openqa.selenium.support.events.EventFiringWebDriver.lambda$new$1(EventFiringWebDriver.java:107)
	at com.sun.proxy.$Proxy10.findElement(Unknown Source)
	at org.openqa.selenium.support.events.EventFiringWebDriver.findElement(EventFiringWebDriver.java:194)
	at org.openqa.selenium.support.pagefactory.DefaultElementLocator.findElement(DefaultElementLocator.java:69)
	at org.openqa.selenium.support.pagefactory.internal.LocatingElementHandler.invoke(LocatingElementHandler.java:38)
	at com.sun.proxy.$Proxy14.click(Unknown Source)
	at webpages.UserDirectoryPage.directory_validation(UserDirectoryPage.java:57)
	at testcases.UserDirectoryPage_Test.directory_validation(UserDirectoryPage_Test.java:39)
</failure>
    <system-out>Before navigating to: &apos;http://123.108.80.102/multitenant&apos;
Navigated to:&apos;http://123.108.80.102/multitenant&apos;
Trying to find Element By : By.xpath: //input[contains(@ng-model,&apos;formdata.username&apos;)]
Found Element By : By.xpath: //input[contains(@ng-model,&apos;formdata.username&apos;)]
Trying to find Element By : By.xpath: //input[@type=&apos;password&apos;]
Found Element By : By.xpath: //input[@type=&apos;password&apos;]
Trying to find Element By : By.xpath: (//button[@type=&apos;submit&apos;])[1]
Found Element By : By.xpath: (//button[@type=&apos;submit&apos;])[1]
Trying to click on: [[ChromeDriver: chrome on WINDOWS (d83e1e71684a6cd0346165cd6579df41)] -&gt; xpath: (//button[@type=&apos;submit&apos;])[1]]
Clicked on: [[ChromeDriver: chrome on WINDOWS (d83e1e71684a6cd0346165cd6579df41)] -&gt; xpath: (//button[@type=&apos;submit&apos;])[1]]
Trying to find Element By : By.xpath: //a[contains(.,&apos;PBX Setting&apos;)]
Exception occured: org.openqa.selenium.NoSuchElementException: no such element: Unable to locate element: {&quot;method&quot;:&quot;xpath&quot;,&quot;selector&quot;:&quot;//a[contains(.,&apos;PBX Setting&apos;)]&quot;}
  (Session info: chrome=84.0.4147.125)
For documentation on this error, please visit: http://seleniumhq.org/exceptions/no_such_element.html
Build info: version: &apos;3.141.5&apos;, revision: &apos;d54ebd709a&apos;, time: &apos;2018-11-06T11:42:16&apos;
System info: host: &apos;DESKTOP-4C220HH&apos;, ip: &apos;192.168.29.189&apos;, os.name: &apos;Windows 10&apos;, os.arch: &apos;amd64&apos;, os.version: &apos;10.0&apos;, java.version: &apos;1.8.0_251&apos;
Driver info: org.openqa.selenium.chrome.ChromeDriver
Capabilities {acceptInsecureCerts: false, browserName: chrome, browserVersion: 84.0.4147.125, chrome: {chromedriverVersion: 83.0.4103.14 (be04594a2b841..., userDataDir: C:\Users\Surendra\AppData\L...}, goog:chromeOptions: {debuggerAddress: localhost:51866}, javascriptEnabled: true, networkConnectionEnabled: false, pageLoadStrategy: normal, platform: WINDOWS, platformName: WINDOWS, proxy: Proxy(), setWindowRect: true, strictFileInteractability: false, timeouts: {implicit: 0, pageLoad: 300000, script: 30000}, unhandledPromptBehavior: dismiss and notify, webauthn:virtualAuthenticators: true}
Session ID: d83e1e71684a6cd0346165cd6579df41
*** Element info: {Using=xpath, value=//a[contains(.,&apos;PBX Setting&apos;)]}
</system-out>
    <system-err>Starting ChromeDriver 83.0.4103.14 (be04594a2b8411758b860104bc0a1033417178be-refs/branch-heads/4103@{#119}) on port 2109
Only local connections are allowed.
Please see https://chromedriver.chromium.org/security-considerations for suggestions on keeping ChromeDriver safe.
ChromeDriver was started successfully.
[1597325302.741][WARNING]: This version of ChromeDriver has not been tested with Chrome version 84.
Aug 13, 2020 6:58:25 PM org.openqa.selenium.remote.ProtocolHandshake createSession
INFO: Detected dialect: W3C
</system-err>
  </testcase>
  <testcase classname="testcases.MusiconHoldPage_Test" name="musiconhold_validation" time="6.541"/>
  <testcase classname="testcases.AddCustomerPage_Test" name="add_customersip" time="17.036">
    <failure type="java.lang.NullPointerException">java.lang.NullPointerException
	at reusefunctions.ReuseFunctions.takeScreenshotAtEndOfTest(ReuseFunctions.java:57)
	at webeventlistner.WebEventListener.onException(WebEventListener.java:63)
	at sun.reflect.NativeMethodAccessorImpl.invoke0(Native Method)
	at sun.reflect.NativeMethodAccessorImpl.invoke(Unknown Source)
	at sun.reflect.DelegatingMethodAccessorImpl.invoke(Unknown Source)
	at java.lang.reflect.Method.invoke(Unknown Source)
	at org.openqa.selenium.support.events.EventFiringWebDriver.lambda$new$0(EventFiringWebDriver.java:84)
	at com.sun.proxy.$Proxy9.onException(Unknown Source)
	at org.openqa.selenium.support.events.EventFiringWebDriver.lambda$new$1(EventFiringWebDriver.java:107)
	at com.sun.proxy.$Proxy10.findElement(Unknown Source)
	at org.openqa.selenium.support.events.EventFiringWebDriver.findElement(EventFiringWebDriver.java:194)
	at org.openqa.selenium.support.pagefactory.DefaultElementLocator.findElement(DefaultElementLocator.java:69)
	at org.openqa.selenium.support.pagefactory.internal.LocatingElementHandler.invoke(LocatingElementHandler.java:38)
	at com.sun.proxy.$Proxy14.sendKeys(Unknown Source)
	at webpages.AddCustomerPage.add_customersip(AddCustomerPage.java:86)
	at testcases.AddCustomerPage_Test.add_customersip(AddCustomerPage_Test.java:44)
</failure>
    <system-out>Trying to find Element By : By.xpath: //input[contains(@name,&apos;uname&apos;)]
Exception occured: org.openqa.selenium.WebDriverException: chrome not reachable
  (Session info: chrome=84.0.4147.125)
Build info: version: &apos;3.141.5&apos;, revision: &apos;d54ebd709a&apos;, time: &apos;2018-11-06T11:42:16&apos;
System info: host: &apos;DESKTOP-4C220HH&apos;, ip: &apos;192.168.29.189&apos;, os.name: &apos;Windows 10&apos;, os.arch: &apos;amd64&apos;, os.version: &apos;10.0&apos;, java.version: &apos;1.8.0_251&apos;
Driver info: org.openqa.selenium.chrome.ChromeDriver
Capabilities {acceptInsecureCerts: false, browserName: chrome, browserVersion: 84.0.4147.125, chrome: {chromedriverVersion: 83.0.4103.14 (be04594a2b841..., userDataDir: C:\Users\Surendra\AppData\L...}, goog:chromeOptions: {debuggerAddress: localhost:51791}, javascriptEnabled: true, networkConnectionEnabled: false, pageLoadStrategy: normal, platform: WINDOWS, platformName: WINDOWS, proxy: Proxy(), setWindowRect: true, strictFileInteractability: false, timeouts: {implicit: 0, pageLoad: 300000, script: 30000}, unhandledPromptBehavior: dismiss and notify, webauthn:virtualAuthenticators: true}
Session ID: cb5c711c33f692db66bbf964e33ad001
*** Element info: {Using=xpath, value=//input[contains(@name,&apos;uname&apos;)]}
</system-out>
    <system-err>[1597325375.519][WARNING]: Timed out connecting to Chrome, retrying...
</system-err>
  </testcase>
  <testcase classname="testcases.UserDirectoryPage_Test" name="add_directroy" time="21.094">
    <failure type="java.lang.NullPointerException">java.lang.NullPointerException
	at reusefunctions.ReuseFunctions.takeScreenshotAtEndOfTest(ReuseFunctions.java:57)
	at webeventlistner.WebEventListener.onException(WebEventListener.java:63)
	at sun.reflect.NativeMethodAccessorImpl.invoke0(Native Method)
	at sun.reflect.NativeMethodAccessorImpl.invoke(Unknown Source)
	at sun.reflect.DelegatingMethodAccessorImpl.invoke(Unknown Source)
	at java.lang.reflect.Method.invoke(Unknown Source)
	at org.openqa.selenium.support.events.EventFiringWebDriver.lambda$new$0(EventFiringWebDriver.java:84)
	at com.sun.proxy.$Proxy9.onException(Unknown Source)
	at org.openqa.selenium.support.events.EventFiringWebDriver.lambda$new$1(EventFiringWebDriver.java:107)
	at com.sun.proxy.$Proxy10.findElement(Unknown Source)
	at org.openqa.selenium.support.events.EventFiringWebDriver.findElement(EventFiringWebDriver.java:194)
	at org.openqa.selenium.support.pagefactory.DefaultElementLocator.findElement(DefaultElementLocator.java:69)
	at org.openqa.selenium.support.pagefactory.internal.LocatingElementHandler.invoke(LocatingElementHandler.java:38)
	at com.sun.proxy.$Proxy14.click(Unknown Source)
	at webpages.UserDirectoryPage.add_directroy(UserDirectoryPage.java:73)
	at testcases.UserDirectoryPage_Test.add_directroy(UserDirectoryPage_Test.java:48)
</failure>
    <system-out>Trying to find Element By : By.xpath: //button[contains(.,&apos;Action&apos;)]
Exception occured: org.openqa.selenium.NoSuchElementException: no such element: Unable to locate element: {&quot;method&quot;:&quot;xpath&quot;,&quot;selector&quot;:&quot;//button[contains(.,&apos;Action&apos;)]&quot;}
  (Session info: chrome=84.0.4147.125)
For documentation on this error, please visit: http://seleniumhq.org/exceptions/no_such_element.html
Build info: version: &apos;3.141.5&apos;, revision: &apos;d54ebd709a&apos;, time: &apos;2018-11-06T11:42:16&apos;
System info: host: &apos;DESKTOP-4C220HH&apos;, ip: &apos;192.168.29.189&apos;, os.name: &apos;Windows 10&apos;, os.arch: &apos;amd64&apos;, os.version: &apos;10.0&apos;, java.version: &apos;1.8.0_251&apos;
Driver info: org.openqa.selenium.chrome.ChromeDriver
Capabilities {acceptInsecureCerts: false, browserName: chrome, browserVersion: 84.0.4147.125, chrome: {chromedriverVersion: 83.0.4103.14 (be04594a2b841..., userDataDir: C:\Users\Surendra\AppData\L...}, goog:chromeOptions: {debuggerAddress: localhost:51866}, javascriptEnabled: true, networkConnectionEnabled: false, pageLoadStrategy: normal, platform: WINDOWS, platformName: WINDOWS, proxy: Proxy(), setWindowRect: true, strictFileInteractability: false, timeouts: {implicit: 0, pageLoad: 300000, script: 30000}, unhandledPromptBehavior: dismiss and notify, webauthn:virtualAuthenticators: true}
Session ID: d83e1e71684a6cd0346165cd6579df41
*** Element info: {Using=xpath, value=//button[contains(.,&apos;Action&apos;)]}
</system-out>
  </testcase>
  <testcase classname="testcases.MusiconHoldPage_Test" name="add_musichold" time="23.109">
    <failure type="java.lang.NullPointerException">java.lang.NullPointerException
	at reusefunctions.ReuseFunctions.takeScreenshotAtEndOfTest(ReuseFunctions.java:57)
	at webeventlistner.WebEventListener.onException(WebEventListener.java:63)
	at sun.reflect.NativeMethodAccessorImpl.invoke0(Native Method)
	at sun.reflect.NativeMethodAccessorImpl.invoke(Unknown Source)
	at sun.reflect.DelegatingMethodAccessorImpl.invoke(Unknown Source)
	at java.lang.reflect.Method.invoke(Unknown Source)
	at org.openqa.selenium.support.events.EventFiringWebDriver.lambda$new$0(EventFiringWebDriver.java:84)
	at com.sun.proxy.$Proxy9.onException(Unknown Source)
	at org.openqa.selenium.support.events.EventFiringWebDriver.lambda$new$1(EventFiringWebDriver.java:107)
	at com.sun.proxy.$Proxy10.findElement(Unknown Source)
	at org.openqa.selenium.support.events.EventFiringWebDriver.findElement(EventFiringWebDriver.java:194)
	at org.openqa.selenium.support.pagefactory.DefaultElementLocator.findElement(DefaultElementLocator.java:69)
	at org.openqa.selenium.support.pagefactory.internal.LocatingElementHandler.invoke(LocatingElementHandler.java:38)
	at com.sun.proxy.$Proxy14.getText(Unknown Source)
	at webpages.MusiconHoldPage.add_musichold(MusiconHoldPage.java:83)
	at testcases.MusiconHoldPage_Test.add_musichold(MusiconHoldPage_Test.java:42)
</failure>
    <system-out>Trying to find Element By : By.xpath: //button[contains(.,&apos;Action&apos;)]
Found Element By : By.xpath: //button[contains(.,&apos;Action&apos;)]
Trying to click on: [[ChromeDriver: chrome on WINDOWS (2b6a21eb581cd6ce8e103735c7191bdf)] -&gt; xpath: //button[contains(.,&apos;Action&apos;)]]
Clicked on: [[ChromeDriver: chrome on WINDOWS (2b6a21eb581cd6ce8e103735c7191bdf)] -&gt; xpath: //button[contains(.,&apos;Action&apos;)]]
Trying to find Element By : By.xpath: //a[contains(@ng-click,&apos;addMusic();&apos;)]
Found Element By : By.xpath: //a[contains(@ng-click,&apos;addMusic();&apos;)]
Trying to click on: [[ChromeDriver: chrome on WINDOWS (2b6a21eb581cd6ce8e103735c7191bdf)] -&gt; xpath: //a[contains(@ng-click,&apos;addMusic();&apos;)]]
Clicked on: [[ChromeDriver: chrome on WINDOWS (2b6a21eb581cd6ce8e103735c7191bdf)] -&gt; xpath: //a[contains(@ng-click,&apos;addMusic();&apos;)]]
Trying to find Element By : By.xpath: //input[@name=&apos;name&apos;]
Found Element By : By.xpath: //input[@name=&apos;name&apos;]
Trying to find Element By : By.xpath: //input[@type=&apos;file&apos;]
Found Element By : By.xpath: //input[@type=&apos;file&apos;]
Trying to find Element By : By.xpath: //input[@value=&apos;Submit&apos;]
Found Element By : By.xpath: //input[@value=&apos;Submit&apos;]
Trying to click on: [[ChromeDriver: chrome on WINDOWS (2b6a21eb581cd6ce8e103735c7191bdf)] -&gt; xpath: //input[@value=&apos;Submit&apos;]]
Clicked on: [[ChromeDriver: chrome on WINDOWS (2b6a21eb581cd6ce8e103735c7191bdf)] -&gt; xpath: //input[@value=&apos;Submit&apos;]]
Trying to find Element By : By.xpath: //h4[@class=&apos;ng-binding&apos;][contains(.,&apos;Added successfully&apos;)]
Exception occured: org.openqa.selenium.NoSuchElementException: no such element: Unable to locate element: {&quot;method&quot;:&quot;xpath&quot;,&quot;selector&quot;:&quot;//h4[@class=&apos;ng-binding&apos;][contains(.,&apos;Added successfully&apos;)]&quot;}
  (Session info: chrome=84.0.4147.125)
For documentation on this error, please visit: http://seleniumhq.org/exceptions/no_such_element.html
Build info: version: &apos;3.141.5&apos;, revision: &apos;d54ebd709a&apos;, time: &apos;2018-11-06T11:42:16&apos;
System info: host: &apos;DESKTOP-4C220HH&apos;, ip: &apos;192.168.29.189&apos;, os.name: &apos;Windows 10&apos;, os.arch: &apos;amd64&apos;, os.version: &apos;10.0&apos;, java.version: &apos;1.8.0_251&apos;
Driver info: org.openqa.selenium.chrome.ChromeDriver
Capabilities {acceptInsecureCerts: false, browserName: chrome, browserVersion: 84.0.4147.125, chrome: {chromedriverVersion: 83.0.4103.14 (be04594a2b841..., userDataDir: C:\Users\Surendra\AppData\L...}, goog:chromeOptions: {debuggerAddress: localhost:51947}, javascriptEnabled: true, networkConnectionEnabled: false, pageLoadStrategy: normal, platform: WINDOWS, platformName: WINDOWS, proxy: Proxy(), setWindowRect: true, strictFileInteractability: false, timeouts: {implicit: 0, pageLoad: 300000, script: 30000}, unhandledPromptBehavior: dismiss and notify, webauthn:virtualAuthenticators: true}
Session ID: 2b6a21eb581cd6ce8e103735c7191bdf
*** Element info: {Using=xpath, value=//h4[@class=&apos;ng-binding&apos;][contains(.,&apos;Added successfully&apos;)]}
</system-out>
  </testcase>
  <testcase classname="testcases.AddCustomerPage_Test" name="add_customerUserDevice" time="17.03">
    <failure type="java.lang.NullPointerException">java.lang.NullPointerException
	at reusefunctions.ReuseFunctions.takeScreenshotAtEndOfTest(ReuseFunctions.java:57)
	at webeventlistner.WebEventListener.onException(WebEventListener.java:63)
	at sun.reflect.NativeMethodAccessorImpl.invoke0(Native Method)
	at sun.reflect.NativeMethodAccessorImpl.invoke(Unknown Source)
	at sun.reflect.DelegatingMethodAccessorImpl.invoke(Unknown Source)
	at java.lang.reflect.Method.invoke(Unknown Source)
	at org.openqa.selenium.support.events.EventFiringWebDriver.lambda$new$0(EventFiringWebDriver.java:84)
	at com.sun.proxy.$Proxy9.onException(Unknown Source)
	at org.openqa.selenium.support.events.EventFiringWebDriver.lambda$new$1(EventFiringWebDriver.java:107)
	at com.sun.proxy.$Proxy10.findElement(Unknown Source)
	at org.openqa.selenium.support.events.EventFiringWebDriver.findElement(EventFiringWebDriver.java:194)
	at org.openqa.selenium.support.pagefactory.DefaultElementLocator.findElement(DefaultElementLocator.java:69)
	at org.openqa.selenium.support.pagefactory.internal.LocatingElementHandler.invoke(LocatingElementHandler.java:38)
	at com.sun.proxy.$Proxy14.sendKeys(Unknown Source)
	at webpages.AddCustomerPage.add_customerUserDevice(AddCustomerPage.java:119)
	at testcases.AddCustomerPage_Test.add_customerUserDevice(AddCustomerPage_Test.java:50)
</failure>
    <system-out>Trying to find Element By : By.xpath: //input[contains(@name,&apos;uname&apos;)]
Exception occured: org.openqa.selenium.WebDriverException: chrome not reachable
  (Session info: chrome=84.0.4147.125)
Build info: version: &apos;3.141.5&apos;, revision: &apos;d54ebd709a&apos;, time: &apos;2018-11-06T11:42:16&apos;
System info: host: &apos;DESKTOP-4C220HH&apos;, ip: &apos;192.168.29.189&apos;, os.name: &apos;Windows 10&apos;, os.arch: &apos;amd64&apos;, os.version: &apos;10.0&apos;, java.version: &apos;1.8.0_251&apos;
Driver info: org.openqa.selenium.chrome.ChromeDriver
Capabilities {acceptInsecureCerts: false, browserName: chrome, browserVersion: 84.0.4147.125, chrome: {chromedriverVersion: 83.0.4103.14 (be04594a2b841..., userDataDir: C:\Users\Surendra\AppData\L...}, goog:chromeOptions: {debuggerAddress: localhost:51791}, javascriptEnabled: true, networkConnectionEnabled: false, pageLoadStrategy: normal, platform: WINDOWS, platformName: WINDOWS, proxy: Proxy(), setWindowRect: true, strictFileInteractability: false, timeouts: {implicit: 0, pageLoad: 300000, script: 30000}, unhandledPromptBehavior: dismiss and notify, webauthn:virtualAuthenticators: true}
Session ID: cb5c711c33f692db66bbf964e33ad001
*** Element info: {Using=xpath, value=//input[contains(@name,&apos;uname&apos;)]}
</system-out>
    <system-err>[1597325436.760][WARNING]: Timed out connecting to Chrome, retrying...
</system-err>
  </testcase>
  <testcase classname="testcases.AnnouncementsPage_Test" name="announcement_validation" time="8.672"/>
  <testcase classname="testcases.AnnouncementsPage_Test" name="add_announcement" time="11.428"/>
  <testcase classname="testcases.UserDirectoryPage_Test" name="assign_directroy" time="25.051">
    <failure type="java.lang.NullPointerException">java.lang.NullPointerException
	at reusefunctions.ReuseFunctions.takeScreenshotAtEndOfTest(ReuseFunctions.java:57)
	at webeventlistner.WebEventListener.onException(WebEventListener.java:63)
	at sun.reflect.NativeMethodAccessorImpl.invoke0(Native Method)
	at sun.reflect.NativeMethodAccessorImpl.invoke(Unknown Source)
	at sun.reflect.DelegatingMethodAccessorImpl.invoke(Unknown Source)
	at java.lang.reflect.Method.invoke(Unknown Source)
	at org.openqa.selenium.support.events.EventFiringWebDriver.lambda$new$0(EventFiringWebDriver.java:84)
	at com.sun.proxy.$Proxy9.onException(Unknown Source)
	at org.openqa.selenium.support.events.EventFiringWebDriver.lambda$new$1(EventFiringWebDriver.java:107)
	at com.sun.proxy.$Proxy10.findElement(Unknown Source)
	at org.openqa.selenium.support.events.EventFiringWebDriver.findElement(EventFiringWebDriver.java:194)
	at org.openqa.selenium.support.pagefactory.DefaultElementLocator.findElement(DefaultElementLocator.java:69)
	at org.openqa.selenium.support.pagefactory.internal.LocatingElementHandler.invoke(LocatingElementHandler.java:38)
	at com.sun.proxy.$Proxy14.click(Unknown Source)
	at webpages.UserDirectoryPage.assign_directory(UserDirectoryPage.java:101)
	at testcases.UserDirectoryPage_Test.assign_directroy(UserDirectoryPage_Test.java:64)
</failure>
    <system-out>Trying to find Element By : By.xpath: //td[contains(.,&apos;newdirectory&apos;)]
Exception occured: org.openqa.selenium.NoSuchElementException: no such element: Unable to locate element: {&quot;method&quot;:&quot;xpath&quot;,&quot;selector&quot;:&quot;//td[contains(.,&apos;newdirectory&apos;)]&quot;}
  (Session info: chrome=84.0.4147.125)
For documentation on this error, please visit: http://seleniumhq.org/exceptions/no_such_element.html
Build info: version: &apos;3.141.5&apos;, revision: &apos;d54ebd709a&apos;, time: &apos;2018-11-06T11:42:16&apos;
System info: host: &apos;DESKTOP-4C220HH&apos;, ip: &apos;192.168.29.189&apos;, os.name: &apos;Windows 10&apos;, os.arch: &apos;amd64&apos;, os.version: &apos;10.0&apos;, java.version: &apos;1.8.0_251&apos;
Driver info: org.openqa.selenium.chrome.ChromeDriver
Capabilities {acceptInsecureCerts: false, browserName: chrome, browserVersion: 84.0.4147.125, chrome: {chromedriverVersion: 83.0.4103.14 (be04594a2b841..., userDataDir: C:\Users\Surendra\AppData\L...}, goog:chromeOptions: {debuggerAddress: localhost:51866}, javascriptEnabled: true, networkConnectionEnabled: false, pageLoadStrategy: normal, platform: WINDOWS, platformName: WINDOWS, proxy: Proxy(), setWindowRect: true, strictFileInteractability: false, timeouts: {implicit: 0, pageLoad: 300000, script: 30000}, unhandledPromptBehavior: dismiss and notify, webauthn:virtualAuthenticators: true}
Session ID: d83e1e71684a6cd0346165cd6579df41
*** Element info: {Using=xpath, value=//td[contains(.,&apos;newdirectory&apos;)]}
</system-out>
  </testcase>
  <testcase classname="testcases.AnnouncementsPage_Test" name="edit_announcement" time="9.533"/>
  <testcase classname="testcases.MusiconHoldPage_Test" name="edit_musichold" time="25.127">
    <failure type="java.lang.NullPointerException">java.lang.NullPointerException
	at reusefunctions.ReuseFunctions.takeScreenshotAtEndOfTest(ReuseFunctions.java:57)
	at webeventlistner.WebEventListener.onException(WebEventListener.java:63)
	at sun.reflect.NativeMethodAccessorImpl.invoke0(Native Method)
	at sun.reflect.NativeMethodAccessorImpl.invoke(Unknown Source)
	at sun.reflect.DelegatingMethodAccessorImpl.invoke(Unknown Source)
	at java.lang.reflect.Method.invoke(Unknown Source)
	at org.openqa.selenium.support.events.EventFiringWebDriver.lambda$new$0(EventFiringWebDriver.java:84)
	at com.sun.proxy.$Proxy9.onException(Unknown Source)
	at org.openqa.selenium.support.events.EventFiringWebDriver$EventFiringWebElement.lambda$new$0(EventFiringWebDriver.java:406)
	at com.sun.proxy.$Proxy15.click(Unknown Source)
	at org.openqa.selenium.support.events.EventFiringWebDriver$EventFiringWebElement.click(EventFiringWebDriver.java:417)
	at sun.reflect.GeneratedMethodAccessor9.invoke(Unknown Source)
	at sun.reflect.DelegatingMethodAccessorImpl.invoke(Unknown Source)
	at java.lang.reflect.Method.invoke(Unknown Source)
	at org.openqa.selenium.support.pagefactory.internal.LocatingElementHandler.invoke(LocatingElementHandler.java:51)
	at com.sun.proxy.$Proxy14.click(Unknown Source)
	at webpages.MusiconHoldPage.edit_musichold(MusiconHoldPage.java:90)
	at testcases.MusiconHoldPage_Test.edit_musichold(MusiconHoldPage_Test.java:49)
</failure>
    <system-out>Trying to find Element By : By.xpath: //td[contains(.,&apos;someexample&apos;)]
Found Element By : By.xpath: //td[contains(.,&apos;someexample&apos;)]
Trying to click on: [[ChromeDriver: chrome on WINDOWS (2b6a21eb581cd6ce8e103735c7191bdf)] -&gt; xpath: //td[contains(.,&apos;someexample&apos;)]]
Exception occured: org.openqa.selenium.ElementNotInteractableException: element not interactable
  (Session info: chrome=84.0.4147.125)
Build info: version: &apos;3.141.5&apos;, revision: &apos;d54ebd709a&apos;, time: &apos;2018-11-06T11:42:16&apos;
System info: host: &apos;DESKTOP-4C220HH&apos;, ip: &apos;192.168.29.189&apos;, os.name: &apos;Windows 10&apos;, os.arch: &apos;amd64&apos;, os.version: &apos;10.0&apos;, java.version: &apos;1.8.0_251&apos;
Driver info: org.openqa.selenium.chrome.ChromeDriver
Capabilities {acceptInsecureCerts: false, browserName: chrome, browserVersion: 84.0.4147.125, chrome: {chromedriverVersion: 83.0.4103.14 (be04594a2b841..., userDataDir: C:\Users\Surendra\AppData\L...}, goog:chromeOptions: {debuggerAddress: localhost:51947}, javascriptEnabled: true, networkConnectionEnabled: false, pageLoadStrategy: normal, platform: WINDOWS, platformName: WINDOWS, proxy: Proxy(), setWindowRect: true, strictFileInteractability: false, timeouts: {implicit: 0, pageLoad: 300000, script: 30000}, unhandledPromptBehavior: dismiss and notify, webauthn:virtualAuthenticators: true}
Session ID: 2b6a21eb581cd6ce8e103735c7191bdf
</system-out>
  </testcase>
  <testcase classname="testcases.AnnouncementsPage_Test" name="delete_announcement" time="25.034">
    <failure type="java.lang.NullPointerException">java.lang.NullPointerException
	at reusefunctions.ReuseFunctions.takeScreenshotAtEndOfTest(ReuseFunctions.java:57)
	at webeventlistner.WebEventListener.onException(WebEventListener.java:63)
	at sun.reflect.NativeMethodAccessorImpl.invoke0(Native Method)
	at sun.reflect.NativeMethodAccessorImpl.invoke(Unknown Source)
	at sun.reflect.DelegatingMethodAccessorImpl.invoke(Unknown Source)
	at java.lang.reflect.Method.invoke(Unknown Source)
	at org.openqa.selenium.support.events.EventFiringWebDriver.lambda$new$0(EventFiringWebDriver.java:84)
	at com.sun.proxy.$Proxy9.onException(Unknown Source)
	at org.openqa.selenium.support.events.EventFiringWebDriver.lambda$new$1(EventFiringWebDriver.java:107)
	at com.sun.proxy.$Proxy10.findElement(Unknown Source)
	at org.openqa.selenium.support.events.EventFiringWebDriver.findElement(EventFiringWebDriver.java:194)
	at org.openqa.selenium.support.pagefactory.DefaultElementLocator.findElement(DefaultElementLocator.java:69)
	at org.openqa.selenium.support.pagefactory.internal.LocatingElementHandler.invoke(LocatingElementHandler.java:38)
	at com.sun.proxy.$Proxy14.click(Unknown Source)
	at webpages.AnnouncementsPage.delete_announcement(AnnouncementsPage.java:132)
	at testcases.AnnouncementsPage_Test.delete_announcement(AnnouncementsPage_Test.java:61)
</failure>
    <system-out>Trying to find Element By : By.xpath: //td[@class=&apos;ng-binding&apos;][contains(.,&apos;newtest&apos;)]
Exception occured: org.openqa.selenium.NoSuchElementException: no such element: Unable to locate element: {&quot;method&quot;:&quot;xpath&quot;,&quot;selector&quot;:&quot;//td[@class=&apos;ng-binding&apos;][contains(.,&apos;newtest&apos;)]&quot;}
  (Session info: chrome=84.0.4147.125)
For documentation on this error, please visit: http://seleniumhq.org/exceptions/no_such_element.html
Build info: version: &apos;3.141.5&apos;, revision: &apos;d54ebd709a&apos;, time: &apos;2018-11-06T11:42:16&apos;
System info: host: &apos;DESKTOP-4C220HH&apos;, ip: &apos;192.168.29.189&apos;, os.name: &apos;Windows 10&apos;, os.arch: &apos;amd64&apos;, os.version: &apos;10.0&apos;, java.version: &apos;1.8.0_251&apos;
Driver info: org.openqa.selenium.chrome.ChromeDriver
Capabilities {acceptInsecureCerts: false, browserName: chrome, browserVersion: 84.0.4147.125, chrome: {chromedriverVersion: 83.0.4103.14 (be04594a2b841..., userDataDir: C:\Users\Surendra\AppData\L...}, goog:chromeOptions: {debuggerAddress: localhost:52105}, javascriptEnabled: true, networkConnectionEnabled: false, pageLoadStrategy: normal, platform: WINDOWS, platformName: WINDOWS, proxy: Proxy(), setWindowRect: true, strictFileInteractability: false, timeouts: {implicit: 0, pageLoad: 300000, script: 30000}, unhandledPromptBehavior: dismiss and notify, webauthn:virtualAuthenticators: true}
Session ID: 137757fb5bc4ac5f229d32b07e8b1516
*** Element info: {Using=xpath, value=//td[@class=&apos;ng-binding&apos;][contains(.,&apos;newtest&apos;)]}
</system-out>
  </testcase>
  <testcase classname="testcases.AnnouncementsPjsipPage_Test" name="announcement_validation" time="9.134"/>
  <testcase classname="testcases.AnnouncementsPjsipPage_Test" name="add_announcement" time="6.456"/>
  <testcase classname="testcases.AnnouncementsPjsipPage_Test" name="edit_announcement" time="9.554"/>
  <testcase classname="testcases.AnnouncementsPjsipPage_Test" name="delete_announcement" time="7.357"/>
  <testcase classname="testcases.ConferencePage_Test" name="conferencepage_validation" time="11.996"/>
  <testcase classname="testcases.ConferencePage_Test" name="add_conferencepage" time="7.479"/>
  <testcase classname="testcases.MusiconHoldPage_Test" name="delete_musichold" time="25.07">
    <failure type="java.lang.NullPointerException">java.lang.NullPointerException
	at reusefunctions.ReuseFunctions.takeScreenshotAtEndOfTest(ReuseFunctions.java:57)
	at webeventlistner.WebEventListener.onException(WebEventListener.java:63)
	at sun.reflect.NativeMethodAccessorImpl.invoke0(Native Method)
	at sun.reflect.NativeMethodAccessorImpl.invoke(Unknown Source)
	at sun.reflect.DelegatingMethodAccessorImpl.invoke(Unknown Source)
	at java.lang.reflect.Method.invoke(Unknown Source)
	at org.openqa.selenium.support.events.EventFiringWebDriver.lambda$new$0(EventFiringWebDriver.java:84)
	at com.sun.proxy.$Proxy9.onException(Unknown Source)
	at org.openqa.selenium.support.events.EventFiringWebDriver.lambda$new$1(EventFiringWebDriver.java:107)
	at com.sun.proxy.$Proxy10.findElement(Unknown Source)
	at org.openqa.selenium.support.events.EventFiringWebDriver.findElement(EventFiringWebDriver.java:194)
	at org.openqa.selenium.support.pagefactory.DefaultElementLocator.findElement(DefaultElementLocator.java:69)
	at org.openqa.selenium.support.pagefactory.internal.LocatingElementHandler.invoke(LocatingElementHandler.java:38)
	at com.sun.proxy.$Proxy14.click(Unknown Source)
	at webpages.MusiconHoldPage.delete_musichold(MusiconHoldPage.java:111)
	at testcases.MusiconHoldPage_Test.delete_musichold(MusiconHoldPage_Test.java:56)
</failure>
    <system-out>Trying to find Element By : By.xpath: //td[contains(.,&apos;newmusic&apos;)]
Exception occured: org.openqa.selenium.NoSuchElementException: no such element: Unable to locate element: {&quot;method&quot;:&quot;xpath&quot;,&quot;selector&quot;:&quot;//td[contains(.,&apos;newmusic&apos;)]&quot;}
  (Session info: chrome=84.0.4147.125)
For documentation on this error, please visit: http://seleniumhq.org/exceptions/no_such_element.html
Build info: version: &apos;3.141.5&apos;, revision: &apos;d54ebd709a&apos;, time: &apos;2018-11-06T11:42:16&apos;
System info: host: &apos;DESKTOP-4C220HH&apos;, ip: &apos;192.168.29.189&apos;, os.name: &apos;Windows 10&apos;, os.arch: &apos;amd64&apos;, os.version: &apos;10.0&apos;, java.version: &apos;1.8.0_251&apos;
Driver info: org.openqa.selenium.chrome.ChromeDriver
Capabilities {acceptInsecureCerts: false, browserName: chrome, browserVersion: 84.0.4147.125, chrome: {chromedriverVersion: 83.0.4103.14 (be04594a2b841..., userDataDir: C:\Users\Surendra\AppData\L...}, goog:chromeOptions: {debuggerAddress: localhost:51947}, javascriptEnabled: true, networkConnectionEnabled: false, pageLoadStrategy: normal, platform: WINDOWS, platformName: WINDOWS, proxy: Proxy(), setWindowRect: true, strictFileInteractability: false, timeouts: {implicit: 0, pageLoad: 300000, script: 30000}, unhandledPromptBehavior: dismiss and notify, webauthn:virtualAuthenticators: true}
Session ID: 2b6a21eb581cd6ce8e103735c7191bdf
*** Element info: {Using=xpath, value=//td[contains(.,&apos;newmusic&apos;)]}
</system-out>
  </testcase>
  <testcase classname="testcases.ConferencePage_Test" name="edit_conferencepage" time="14.002"/>
  <testcase classname="testcases.UserDirectoryPage_Test" name="edit_directroy" time="25.041">
    <failure type="java.lang.NullPointerException">java.lang.NullPointerException
	at reusefunctions.ReuseFunctions.takeScreenshotAtEndOfTest(ReuseFunctions.java:57)
	at webeventlistner.WebEventListener.onException(WebEventListener.java:63)
	at sun.reflect.NativeMethodAccessorImpl.invoke0(Native Method)
	at sun.reflect.NativeMethodAccessorImpl.invoke(Unknown Source)
	at sun.reflect.DelegatingMethodAccessorImpl.invoke(Unknown Source)
	at java.lang.reflect.Method.invoke(Unknown Source)
	at org.openqa.selenium.support.events.EventFiringWebDriver.lambda$new$0(EventFiringWebDriver.java:84)
	at com.sun.proxy.$Proxy9.onException(Unknown Source)
	at org.openqa.selenium.support.events.EventFiringWebDriver.lambda$new$1(EventFiringWebDriver.java:107)
	at com.sun.proxy.$Proxy10.findElement(Unknown Source)
	at org.openqa.selenium.support.events.EventFiringWebDriver.findElement(EventFiringWebDriver.java:194)
	at org.openqa.selenium.support.pagefactory.DefaultElementLocator.findElement(DefaultElementLocator.java:69)
	at org.openqa.selenium.support.pagefactory.internal.LocatingElementHandler.invoke(LocatingElementHandler.java:38)
	at com.sun.proxy.$Proxy14.click(Unknown Source)
	at webpages.UserDirectoryPage.edit_directory(UserDirectoryPage.java:84)
	at testcases.UserDirectoryPage_Test.edit_directroy(UserDirectoryPage_Test.java:56)
</failure>
    <system-out>Trying to find Element By : By.xpath: //td[contains(.,&apos;newdirectory&apos;)]
Exception occured: org.openqa.selenium.NoSuchElementException: no such element: Unable to locate element: {&quot;method&quot;:&quot;xpath&quot;,&quot;selector&quot;:&quot;//td[contains(.,&apos;newdirectory&apos;)]&quot;}
  (Session info: chrome=84.0.4147.125)
For documentation on this error, please visit: http://seleniumhq.org/exceptions/no_such_element.html
Build info: version: &apos;3.141.5&apos;, revision: &apos;d54ebd709a&apos;, time: &apos;2018-11-06T11:42:16&apos;
System info: host: &apos;DESKTOP-4C220HH&apos;, ip: &apos;192.168.29.189&apos;, os.name: &apos;Windows 10&apos;, os.arch: &apos;amd64&apos;, os.version: &apos;10.0&apos;, java.version: &apos;1.8.0_251&apos;
Driver info: org.openqa.selenium.chrome.ChromeDriver
Capabilities {acceptInsecureCerts: false, browserName: chrome, browserVersion: 84.0.4147.125, chrome: {chromedriverVersion: 83.0.4103.14 (be04594a2b841..., userDataDir: C:\Users\Surendra\AppData\L...}, goog:chromeOptions: {debuggerAddress: localhost:51866}, javascriptEnabled: true, networkConnectionEnabled: false, pageLoadStrategy: normal, platform: WINDOWS, platformName: WINDOWS, proxy: Proxy(), setWindowRect: true, strictFileInteractability: false, timeouts: {implicit: 0, pageLoad: 300000, script: 30000}, unhandledPromptBehavior: dismiss and notify, webauthn:virtualAuthenticators: true}
Session ID: d83e1e71684a6cd0346165cd6579df41
*** Element info: {Using=xpath, value=//td[contains(.,&apos;newdirectory&apos;)]}
</system-out>
  </testcase>
  <testcase classname="testcases.UserDirectoryPage_Test" name="delete_directroy" time="25.092">
    <failure type="java.lang.NullPointerException">java.lang.NullPointerException
	at reusefunctions.ReuseFunctions.takeScreenshotAtEndOfTest(ReuseFunctions.java:57)
	at webeventlistner.WebEventListener.onException(WebEventListener.java:63)
	at sun.reflect.NativeMethodAccessorImpl.invoke0(Native Method)
	at sun.reflect.NativeMethodAccessorImpl.invoke(Unknown Source)
	at sun.reflect.DelegatingMethodAccessorImpl.invoke(Unknown Source)
	at java.lang.reflect.Method.invoke(Unknown Source)
	at org.openqa.selenium.support.events.EventFiringWebDriver.lambda$new$0(EventFiringWebDriver.java:84)
	at com.sun.proxy.$Proxy9.onException(Unknown Source)
	at org.openqa.selenium.support.events.EventFiringWebDriver.lambda$new$1(EventFiringWebDriver.java:107)
	at com.sun.proxy.$Proxy10.findElement(Unknown Source)
	at org.openqa.selenium.support.events.EventFiringWebDriver.findElement(EventFiringWebDriver.java:194)
	at org.openqa.selenium.support.pagefactory.DefaultElementLocator.findElement(DefaultElementLocator.java:69)
	at org.openqa.selenium.support.pagefactory.internal.LocatingElementHandler.invoke(LocatingElementHandler.java:38)
	at com.sun.proxy.$Proxy14.click(Unknown Source)
	at webpages.UserDirectoryPage.delete_directory(UserDirectoryPage.java:114)
	at testcases.UserDirectoryPage_Test.delete_directroy(UserDirectoryPage_Test.java:72)
</failure>
    <system-out>Trying to find Element By : By.xpath: //td[contains(.,&apos;newdirectoryy&apos;)]
Exception occured: org.openqa.selenium.NoSuchElementException: no such element: Unable to locate element: {&quot;method&quot;:&quot;xpath&quot;,&quot;selector&quot;:&quot;//td[contains(.,&apos;newdirectoryy&apos;)]&quot;}
  (Session info: chrome=84.0.4147.125)
For documentation on this error, please visit: http://seleniumhq.org/exceptions/no_such_element.html
Build info: version: &apos;3.141.5&apos;, revision: &apos;d54ebd709a&apos;, time: &apos;2018-11-06T11:42:16&apos;
System info: host: &apos;DESKTOP-4C220HH&apos;, ip: &apos;192.168.29.189&apos;, os.name: &apos;Windows 10&apos;, os.arch: &apos;amd64&apos;, os.version: &apos;10.0&apos;, java.version: &apos;1.8.0_251&apos;
Driver info: org.openqa.selenium.chrome.ChromeDriver
Capabilities {acceptInsecureCerts: false, browserName: chrome, browserVersion: 84.0.4147.125, chrome: {chromedriverVersion: 83.0.4103.14 (be04594a2b841..., userDataDir: C:\Users\Surendra\AppData\L...}, goog:chromeOptions: {debuggerAddress: localhost:51866}, javascriptEnabled: true, networkConnectionEnabled: false, pageLoadStrategy: normal, platform: WINDOWS, platformName: WINDOWS, proxy: Proxy(), setWindowRect: true, strictFileInteractability: false, timeouts: {implicit: 0, pageLoad: 300000, script: 30000}, unhandledPromptBehavior: dismiss and notify, webauthn:virtualAuthenticators: true}
Session ID: d83e1e71684a6cd0346165cd6579df41
*** Element info: {Using=xpath, value=//td[contains(.,&apos;newdirectoryy&apos;)]}
</system-out>
  </testcase>
  <testcase classname="testcases.MusiconHoldPage_Test" name="field_validation" time="25.148">
    <failure type="java.lang.NullPointerException">java.lang.NullPointerException
	at reusefunctions.ReuseFunctions.takeScreenshotAtEndOfTest(ReuseFunctions.java:57)
	at webeventlistner.WebEventListener.onException(WebEventListener.java:63)
	at sun.reflect.NativeMethodAccessorImpl.invoke0(Native Method)
	at sun.reflect.NativeMethodAccessorImpl.invoke(Unknown Source)
	at sun.reflect.DelegatingMethodAccessorImpl.invoke(Unknown Source)
	at java.lang.reflect.Method.invoke(Unknown Source)
	at org.openqa.selenium.support.events.EventFiringWebDriver.lambda$new$0(EventFiringWebDriver.java:84)
	at com.sun.proxy.$Proxy9.onException(Unknown Source)
	at org.openqa.selenium.support.events.EventFiringWebDriver$EventFiringWebElement.lambda$new$0(EventFiringWebDriver.java:406)
	at com.sun.proxy.$Proxy15.click(Unknown Source)
	at org.openqa.selenium.support.events.EventFiringWebDriver$EventFiringWebElement.click(EventFiringWebDriver.java:417)
	at sun.reflect.GeneratedMethodAccessor9.invoke(Unknown Source)
	at sun.reflect.DelegatingMethodAccessorImpl.invoke(Unknown Source)
	at java.lang.reflect.Method.invoke(Unknown Source)
	at org.openqa.selenium.support.pagefactory.internal.LocatingElementHandler.invoke(LocatingElementHandler.java:51)
	at com.sun.proxy.$Proxy14.click(Unknown Source)
	at webpages.MusiconHoldPage.field_validation(MusiconHoldPage.java:124)
	at testcases.MusiconHoldPage_Test.field_validation(MusiconHoldPage_Test.java:63)
</failure>
    <system-out>Trying to find Element By : By.xpath: //button[contains(.,&apos;Action&apos;)]
Found Element By : By.xpath: //button[contains(.,&apos;Action&apos;)]
Trying to click on: [[ChromeDriver: chrome on WINDOWS (2b6a21eb581cd6ce8e103735c7191bdf)] -&gt; xpath: //button[contains(.,&apos;Action&apos;)]]
Exception occured: org.openqa.selenium.ElementNotInteractableException: element not interactable
  (Session info: chrome=84.0.4147.125)
Build info: version: &apos;3.141.5&apos;, revision: &apos;d54ebd709a&apos;, time: &apos;2018-11-06T11:42:16&apos;
System info: host: &apos;DESKTOP-4C220HH&apos;, ip: &apos;192.168.29.189&apos;, os.name: &apos;Windows 10&apos;, os.arch: &apos;amd64&apos;, os.version: &apos;10.0&apos;, java.version: &apos;1.8.0_251&apos;
Driver info: org.openqa.selenium.chrome.ChromeDriver
Capabilities {acceptInsecureCerts: false, browserName: chrome, browserVersion: 84.0.4147.125, chrome: {chromedriverVersion: 83.0.4103.14 (be04594a2b841..., userDataDir: C:\Users\Surendra\AppData\L...}, goog:chromeOptions: {debuggerAddress: localhost:51947}, javascriptEnabled: true, networkConnectionEnabled: false, pageLoadStrategy: normal, platform: WINDOWS, platformName: WINDOWS, proxy: Proxy(), setWindowRect: true, strictFileInteractability: false, timeouts: {implicit: 0, pageLoad: 300000, script: 30000}, unhandledPromptBehavior: dismiss and notify, webauthn:virtualAuthenticators: true}
Session ID: 2b6a21eb581cd6ce8e103735c7191bdf
</system-out>
  </testcase>
  <testcase classname="testcases.ConferencePage_Test" name="radiodelete_conferencepage" time="0.001"/>
  <testcase classname="testcases.ConferencePage_Test" name="delete_conferencepage" time="5.583"/>
  <testcase classname="testcases.ConferencePjsipPage_Test" name="conferencepage_validation" time="11.993"/>
  <testcase classname="testcases.ConferencePjsipPage_Test" name="add_conferencepage" time="7.258"/>
  <testcase classname="testcases.ConferencePjsipPage_Test" name="edit_conferencepage" time="33.877">
    <failure type="java.lang.NullPointerException">java.lang.NullPointerException
	at reusefunctions.ReuseFunctions.takeScreenshotAtEndOfTest(ReuseFunctions.java:57)
	at webeventlistner.WebEventListener.onException(WebEventListener.java:63)
	at sun.reflect.NativeMethodAccessorImpl.invoke0(Native Method)
	at sun.reflect.NativeMethodAccessorImpl.invoke(Unknown Source)
	at sun.reflect.DelegatingMethodAccessorImpl.invoke(Unknown Source)
	at java.lang.reflect.Method.invoke(Unknown Source)
	at org.openqa.selenium.support.events.EventFiringWebDriver.lambda$new$0(EventFiringWebDriver.java:84)
	at com.sun.proxy.$Proxy9.onException(Unknown Source)
	at org.openqa.selenium.support.events.EventFiringWebDriver.lambda$new$1(EventFiringWebDriver.java:107)
	at com.sun.proxy.$Proxy10.findElement(Unknown Source)
	at org.openqa.selenium.support.events.EventFiringWebDriver.findElement(EventFiringWebDriver.java:194)
	at org.openqa.selenium.support.pagefactory.DefaultElementLocator.findElement(DefaultElementLocator.java:69)
	at org.openqa.selenium.support.pagefactory.internal.LocatingElementHandler.invoke(LocatingElementHandler.java:38)
	at com.sun.proxy.$Proxy14.getText(Unknown Source)
	at webpages.ConferencePjsipPage.edit_conferencepage(ConferencePjsipPage.java:106)
	at testcases.ConferencePjsipPage_Test.edit_conferencepage(ConferencePjsipPage_Test.java:50)
</failure>
    <system-out>Trying to find Element By : By.xpath: //td[contains(.,&apos;965965&apos;)]
Found Element By : By.xpath: //td[contains(.,&apos;965965&apos;)]
Trying to click on: [[ChromeDriver: chrome on WINDOWS (88f184c380caa747c41e521117c2a8ed)] -&gt; xpath: //td[contains(.,&apos;965965&apos;)]]
Clicked on: [[ChromeDriver: chrome on WINDOWS (88f184c380caa747c41e521117c2a8ed)] -&gt; xpath: //td[contains(.,&apos;965965&apos;)]]
Trying to find Element By : By.xpath: //button[@data-toggle=&apos;dropdown&apos;][contains(.,&apos;Action&apos;)]
Found Element By : By.xpath: //button[@data-toggle=&apos;dropdown&apos;][contains(.,&apos;Action&apos;)]
Trying to click on: [[ChromeDriver: chrome on WINDOWS (88f184c380caa747c41e521117c2a8ed)] -&gt; xpath: //button[@data-toggle=&apos;dropdown&apos;][contains(.,&apos;Action&apos;)]]
Clicked on: [[ChromeDriver: chrome on WINDOWS (88f184c380caa747c41e521117c2a8ed)] -&gt; xpath: //button[@data-toggle=&apos;dropdown&apos;][contains(.,&apos;Action&apos;)]]
Trying to find Element By : By.xpath: //a[contains(.,&apos;Edit&apos;)]
Found Element By : By.xpath: //a[contains(.,&apos;Edit&apos;)]
Trying to click on: [[ChromeDriver: chrome on WINDOWS (88f184c380caa747c41e521117c2a8ed)] -&gt; xpath: //a[contains(.,&apos;Edit&apos;)]]
Clicked on: [[ChromeDriver: chrome on WINDOWS (88f184c380caa747c41e521117c2a8ed)] -&gt; xpath: //a[contains(.,&apos;Edit&apos;)]]
Trying to find Element By : By.xpath: //input[@name=&apos;name&apos;]
Found Element By : By.xpath: //input[@name=&apos;name&apos;]
Trying to find Element By : By.xpath: //input[@name=&apos;name&apos;]
Found Element By : By.xpath: //input[@name=&apos;name&apos;]
Trying to find Element By : By.xpath: //input[@name=&apos;pin&apos;]
Found Element By : By.xpath: //input[@name=&apos;pin&apos;]
Trying to find Element By : By.xpath: //input[@name=&apos;pin&apos;]
Found Element By : By.xpath: //input[@name=&apos;pin&apos;]
Trying to find Element By : By.xpath: //input[contains(@name,&apos;apin&apos;)]
Found Element By : By.xpath: //input[contains(@name,&apos;apin&apos;)]
Trying to find Element By : By.xpath: //input[contains(@name,&apos;apin&apos;)]
Found Element By : By.xpath: //input[contains(@name,&apos;apin&apos;)]
Trying to find Element By : By.xpath: //input[@value=&apos;Update&apos;]
Found Element By : By.xpath: //input[@value=&apos;Update&apos;]
Trying to click on: [[ChromeDriver: chrome on WINDOWS (88f184c380caa747c41e521117c2a8ed)] -&gt; xpath: //input[@value=&apos;Update&apos;]]
Clicked on: [[ChromeDriver: chrome on WINDOWS (88f184c380caa747c41e521117c2a8ed)] -&gt; xpath: //input[@value=&apos;Update&apos;]]
Trying to find Element By : By.xpath: //h4[@class=&apos;ng-binding&apos;][contains(.,&apos;Conference Updated successfully&apos;)]
Exception occured: org.openqa.selenium.NoSuchElementException: no such element: Unable to locate element: {&quot;method&quot;:&quot;xpath&quot;,&quot;selector&quot;:&quot;//h4[@class=&apos;ng-binding&apos;][contains(.,&apos;Conference Updated successfully&apos;)]&quot;}
  (Session info: chrome=84.0.4147.125)
For documentation on this error, please visit: http://seleniumhq.org/exceptions/no_such_element.html
Build info: version: &apos;3.141.5&apos;, revision: &apos;d54ebd709a&apos;, time: &apos;2018-11-06T11:42:16&apos;
System info: host: &apos;DESKTOP-4C220HH&apos;, ip: &apos;192.168.29.189&apos;, os.name: &apos;Windows 10&apos;, os.arch: &apos;amd64&apos;, os.version: &apos;10.0&apos;, java.version: &apos;1.8.0_251&apos;
Driver info: org.openqa.selenium.chrome.ChromeDriver
Capabilities {acceptInsecureCerts: false, browserName: chrome, browserVersion: 84.0.4147.125, chrome: {chromedriverVersion: 83.0.4103.14 (be04594a2b841..., userDataDir: C:\Users\Surendra\AppData\L...}, goog:chromeOptions: {debuggerAddress: localhost:52472}, javascriptEnabled: true, networkConnectionEnabled: false, pageLoadStrategy: normal, platform: WINDOWS, platformName: WINDOWS, proxy: Proxy(), setWindowRect: true, strictFileInteractability: false, timeouts: {implicit: 0, pageLoad: 300000, script: 30000}, unhandledPromptBehavior: dismiss and notify, webauthn:virtualAuthenticators: true}
Session ID: 88f184c380caa747c41e521117c2a8ed
*** Element info: {Using=xpath, value=//h4[@class=&apos;ng-binding&apos;][contains(.,&apos;Conference Updated successfully&apos;)]}
</system-out>
  </testcase>
  <testcase classname="testcases.ConferencePjsipPage_Test" name="delete_conferencepage" time="25.157">
    <failure type="java.lang.NullPointerException">java.lang.NullPointerException
	at reusefunctions.ReuseFunctions.takeScreenshotAtEndOfTest(ReuseFunctions.java:57)
	at webeventlistner.WebEventListener.onException(WebEventListener.java:63)
	at sun.reflect.NativeMethodAccessorImpl.invoke0(Native Method)
	at sun.reflect.NativeMethodAccessorImpl.invoke(Unknown Source)
	at sun.reflect.DelegatingMethodAccessorImpl.invoke(Unknown Source)
	at java.lang.reflect.Method.invoke(Unknown Source)
	at org.openqa.selenium.support.events.EventFiringWebDriver.lambda$new$0(EventFiringWebDriver.java:84)
	at com.sun.proxy.$Proxy9.onException(Unknown Source)
	at org.openqa.selenium.support.events.EventFiringWebDriver$EventFiringWebElement.lambda$new$0(EventFiringWebDriver.java:406)
	at com.sun.proxy.$Proxy15.click(Unknown Source)
	at org.openqa.selenium.support.events.EventFiringWebDriver$EventFiringWebElement.click(EventFiringWebDriver.java:417)
	at sun.reflect.GeneratedMethodAccessor9.invoke(Unknown Source)
	at sun.reflect.DelegatingMethodAccessorImpl.invoke(Unknown Source)
	at java.lang.reflect.Method.invoke(Unknown Source)
	at org.openqa.selenium.support.pagefactory.internal.LocatingElementHandler.invoke(LocatingElementHandler.java:51)
	at com.sun.proxy.$Proxy14.click(Unknown Source)
	at webpages.ConferencePjsipPage.delete_conferencepage(ConferencePjsipPage.java:114)
	at testcases.ConferencePjsipPage_Test.delete_conferencepage(ConferencePjsipPage_Test.java:56)
</failure>
    <system-out>Trying to find Element By : By.xpath: //td[contains(.,&apos;965965&apos;)]
Found Element By : By.xpath: //td[contains(.,&apos;965965&apos;)]
Trying to click on: [[ChromeDriver: chrome on WINDOWS (88f184c380caa747c41e521117c2a8ed)] -&gt; xpath: //td[contains(.,&apos;965965&apos;)]]
Exception occured: org.openqa.selenium.ElementNotInteractableException: element not interactable
  (Session info: chrome=84.0.4147.125)
Build info: version: &apos;3.141.5&apos;, revision: &apos;d54ebd709a&apos;, time: &apos;2018-11-06T11:42:16&apos;
System info: host: &apos;DESKTOP-4C220HH&apos;, ip: &apos;192.168.29.189&apos;, os.name: &apos;Windows 10&apos;, os.arch: &apos;amd64&apos;, os.version: &apos;10.0&apos;, java.version: &apos;1.8.0_251&apos;
Driver info: org.openqa.selenium.chrome.ChromeDriver
Capabilities {acceptInsecureCerts: false, browserName: chrome, browserVersion: 84.0.4147.125, chrome: {chromedriverVersion: 83.0.4103.14 (be04594a2b841..., userDataDir: C:\Users\Surendra\AppData\L...}, goog:chromeOptions: {debuggerAddress: localhost:52472}, javascriptEnabled: true, networkConnectionEnabled: false, pageLoadStrategy: normal, platform: WINDOWS, platformName: WINDOWS, proxy: Proxy(), setWindowRect: true, strictFileInteractability: false, timeouts: {implicit: 0, pageLoad: 300000, script: 30000}, unhandledPromptBehavior: dismiss and notify, webauthn:virtualAuthenticators: true}
Session ID: 88f184c380caa747c41e521117c2a8ed
</system-out>
  </testcase>
  <testcase classname="testcases.CustomerPage_Test" name="Addcustomer" time="53.742"/>
  <testcase classname="testcases.DirectoryPage_Test" name="directory_validation" time="9.607"/>
  <testcase classname="testcases.DirectoryPage_Test" name="add_directroy" time="1.744"/>
  <testcase classname="testcases.DirectoryPage_Test" name="assign_directroy" time="25.361">
    <failure type="java.lang.NullPointerException">java.lang.NullPointerException
	at reusefunctions.ReuseFunctions.takeScreenshotAtEndOfTest(ReuseFunctions.java:57)
	at webeventlistner.WebEventListener.onException(WebEventListener.java:63)
	at sun.reflect.NativeMethodAccessorImpl.invoke0(Native Method)
	at sun.reflect.NativeMethodAccessorImpl.invoke(Unknown Source)
	at sun.reflect.DelegatingMethodAccessorImpl.invoke(Unknown Source)
	at java.lang.reflect.Method.invoke(Unknown Source)
	at org.openqa.selenium.support.events.EventFiringWebDriver.lambda$new$0(EventFiringWebDriver.java:84)
	at com.sun.proxy.$Proxy9.onException(Unknown Source)
	at org.openqa.selenium.support.events.EventFiringWebDriver$EventFiringWebElement.lambda$new$0(EventFiringWebDriver.java:406)
	at com.sun.proxy.$Proxy15.click(Unknown Source)
	at org.openqa.selenium.support.events.EventFiringWebDriver$EventFiringWebElement.click(EventFiringWebDriver.java:417)
	at sun.reflect.GeneratedMethodAccessor9.invoke(Unknown Source)
	at sun.reflect.DelegatingMethodAccessorImpl.invoke(Unknown Source)
	at java.lang.reflect.Method.invoke(Unknown Source)
	at org.openqa.selenium.support.pagefactory.internal.LocatingElementHandler.invoke(LocatingElementHandler.java:51)
	at com.sun.proxy.$Proxy14.click(Unknown Source)
	at webpages.DirectoryPage.assign_directory(DirectoryPage.java:112)
	at testcases.DirectoryPage_Test.assign_directroy(DirectoryPage_Test.java:64)
</failure>
    <system-out>Trying to find Element By : By.xpath: //td[@class=&apos;ng-binding&apos;][contains(.,&apos;newdirectory&apos;)]
Found Element By : By.xpath: //td[@class=&apos;ng-binding&apos;][contains(.,&apos;newdirectory&apos;)]
Trying to click on: [[ChromeDriver: chrome on WINDOWS (78af1a965f8fdf9375749982c34db110)] -&gt; xpath: //td[@class=&apos;ng-binding&apos;][contains(.,&apos;newdirectory&apos;)]]
Clicked on: [[ChromeDriver: chrome on WINDOWS (78af1a965f8fdf9375749982c34db110)] -&gt; xpath: //td[@class=&apos;ng-binding&apos;][contains(.,&apos;newdirectory&apos;)]]
Trying to find Element By : By.xpath: //button[@data-toggle=&apos;dropdown&apos;][contains(.,&apos;Action&apos;)]
Found Element By : By.xpath: //button[@data-toggle=&apos;dropdown&apos;][contains(.,&apos;Action&apos;)]
Trying to click on: [[ChromeDriver: chrome on WINDOWS (78af1a965f8fdf9375749982c34db110)] -&gt; xpath: //button[@data-toggle=&apos;dropdown&apos;][contains(.,&apos;Action&apos;)]]
Clicked on: [[ChromeDriver: chrome on WINDOWS (78af1a965f8fdf9375749982c34db110)] -&gt; xpath: //button[@data-toggle=&apos;dropdown&apos;][contains(.,&apos;Action&apos;)]]
Trying to find Element By : By.xpath: //a[contains(@ng-click,&apos;assignedExtList();&apos;)]
Found Element By : By.xpath: //a[contains(@ng-click,&apos;assignedExtList();&apos;)]
Trying to click on: [[ChromeDriver: chrome on WINDOWS (78af1a965f8fdf9375749982c34db110)] -&gt; xpath: //a[contains(@ng-click,&apos;assignedExtList();&apos;)]]
Clicked on: [[ChromeDriver: chrome on WINDOWS (78af1a965f8fdf9375749982c34db110)] -&gt; xpath: //a[contains(@ng-click,&apos;assignedExtList();&apos;)]]
Trying to find Element By : By.xpath: (//input[@name=&apos;extlistdirectorys&apos;])[1]
Found Element By : By.xpath: (//input[@name=&apos;extlistdirectorys&apos;])[1]
Trying to click on: [[ChromeDriver: chrome on WINDOWS (78af1a965f8fdf9375749982c34db110)] -&gt; xpath: (//input[@name=&apos;extlistdirectorys&apos;])[1]]
Exception occured: org.openqa.selenium.ElementNotInteractableException: element not interactable
  (Session info: chrome=84.0.4147.125)
Build info: version: &apos;3.141.5&apos;, revision: &apos;d54ebd709a&apos;, time: &apos;2018-11-06T11:42:16&apos;
System info: host: &apos;DESKTOP-4C220HH&apos;, ip: &apos;192.168.29.189&apos;, os.name: &apos;Windows 10&apos;, os.arch: &apos;amd64&apos;, os.version: &apos;10.0&apos;, java.version: &apos;1.8.0_251&apos;
Driver info: org.openqa.selenium.chrome.ChromeDriver
Capabilities {acceptInsecureCerts: false, browserName: chrome, browserVersion: 84.0.4147.125, chrome: {chromedriverVersion: 83.0.4103.14 (be04594a2b841..., userDataDir: C:\Users\Surendra\AppData\L...}, goog:chromeOptions: {debuggerAddress: localhost:52649}, javascriptEnabled: true, networkConnectionEnabled: false, pageLoadStrategy: normal, platform: WINDOWS, platformName: WINDOWS, proxy: Proxy(), setWindowRect: true, strictFileInteractability: false, timeouts: {implicit: 0, pageLoad: 300000, script: 30000}, unhandledPromptBehavior: dismiss and notify, webauthn:virtualAuthenticators: true}
Session ID: 78af1a965f8fdf9375749982c34db110
</system-out>
  </testcase>
  <testcase classname="testcases.DirectoryPage_Test" name="edit_directroy" time="6.139">
    <failure type="java.lang.NullPointerException">java.lang.NullPointerException
	at reusefunctions.ReuseFunctions.takeScreenshotAtEndOfTest(ReuseFunctions.java:57)
	at webeventlistner.WebEventListener.onException(WebEventListener.java:63)
	at sun.reflect.NativeMethodAccessorImpl.invoke0(Native Method)
	at sun.reflect.NativeMethodAccessorImpl.invoke(Unknown Source)
	at sun.reflect.DelegatingMethodAccessorImpl.invoke(Unknown Source)
	at java.lang.reflect.Method.invoke(Unknown Source)
	at org.openqa.selenium.support.events.EventFiringWebDriver.lambda$new$0(EventFiringWebDriver.java:84)
	at com.sun.proxy.$Proxy9.onException(Unknown Source)
	at org.openqa.selenium.support.events.EventFiringWebDriver$EventFiringWebElement.lambda$new$0(EventFiringWebDriver.java:406)
	at com.sun.proxy.$Proxy15.click(Unknown Source)
	at org.openqa.selenium.support.events.EventFiringWebDriver$EventFiringWebElement.click(EventFiringWebDriver.java:417)
	at sun.reflect.GeneratedMethodAccessor9.invoke(Unknown Source)
	at sun.reflect.DelegatingMethodAccessorImpl.invoke(Unknown Source)
	at java.lang.reflect.Method.invoke(Unknown Source)
	at org.openqa.selenium.support.pagefactory.internal.LocatingElementHandler.invoke(LocatingElementHandler.java:51)
	at com.sun.proxy.$Proxy14.click(Unknown Source)
	at webpages.DirectoryPage.edit_directory(DirectoryPage.java:91)
	at testcases.DirectoryPage_Test.edit_directroy(DirectoryPage_Test.java:56)
</failure>
    <system-out>Trying to find Element By : By.xpath: //td[@class=&apos;ng-binding&apos;][contains(.,&apos;newdirectory&apos;)]
Found Element By : By.xpath: //td[@class=&apos;ng-binding&apos;][contains(.,&apos;newdirectory&apos;)]
Trying to click on: [[ChromeDriver: chrome on WINDOWS (78af1a965f8fdf9375749982c34db110)] -&gt; xpath: //td[@class=&apos;ng-binding&apos;][contains(.,&apos;newdirectory&apos;)]]
Exception occured: org.openqa.selenium.ElementClickInterceptedException: element click intercepted: Element &lt;td class=&quot;ng-binding&quot;&gt;...&lt;/td&gt; is not clickable at point (1214, 527). Other element would receive the click: &lt;div ng-show=&quot;loader&quot; class=&quot;modal text-center&quot; style=&quot;display:block; width:100%; background-color:rgba(0,0,0,0.8); overflow:hidden; top:0px; padding-top:20%; z-index:9999;&quot;&gt;...&lt;/div&gt;
  (Session info: chrome=84.0.4147.125)
Build info: version: &apos;3.141.5&apos;, revision: &apos;d54ebd709a&apos;, time: &apos;2018-11-06T11:42:16&apos;
System info: host: &apos;DESKTOP-4C220HH&apos;, ip: &apos;192.168.29.189&apos;, os.name: &apos;Windows 10&apos;, os.arch: &apos;amd64&apos;, os.version: &apos;10.0&apos;, java.version: &apos;1.8.0_251&apos;
Driver info: org.openqa.selenium.chrome.ChromeDriver
Capabilities {acceptInsecureCerts: false, browserName: chrome, browserVersion: 84.0.4147.125, chrome: {chromedriverVersion: 83.0.4103.14 (be04594a2b841..., userDataDir: C:\Users\Surendra\AppData\L...}, goog:chromeOptions: {debuggerAddress: localhost:52649}, javascriptEnabled: true, networkConnectionEnabled: false, pageLoadStrategy: normal, platform: WINDOWS, platformName: WINDOWS, proxy: Proxy(), setWindowRect: true, strictFileInteractability: false, timeouts: {implicit: 0, pageLoad: 300000, script: 30000}, unhandledPromptBehavior: dismiss and notify, webauthn:virtualAuthenticators: true}
Session ID: 78af1a965f8fdf9375749982c34db110
</system-out>
  </testcase>
  <testcase classname="testcases.DirectoryPage_Test" name="delete_directroy" time="25.073">
    <failure type="java.lang.NullPointerException">java.lang.NullPointerException
	at reusefunctions.ReuseFunctions.takeScreenshotAtEndOfTest(ReuseFunctions.java:57)
	at webeventlistner.WebEventListener.onException(WebEventListener.java:63)
	at sun.reflect.GeneratedMethodAccessor19.invoke(Unknown Source)
	at sun.reflect.DelegatingMethodAccessorImpl.invoke(Unknown Source)
	at java.lang.reflect.Method.invoke(Unknown Source)
	at org.openqa.selenium.support.events.EventFiringWebDriver.lambda$new$0(EventFiringWebDriver.java:84)
	at com.sun.proxy.$Proxy9.onException(Unknown Source)
	at org.openqa.selenium.support.events.EventFiringWebDriver.lambda$new$1(EventFiringWebDriver.java:107)
	at com.sun.proxy.$Proxy10.findElement(Unknown Source)
	at org.openqa.selenium.support.events.EventFiringWebDriver.findElement(EventFiringWebDriver.java:194)
	at org.openqa.selenium.support.pagefactory.DefaultElementLocator.findElement(DefaultElementLocator.java:69)
	at org.openqa.selenium.support.pagefactory.internal.LocatingElementHandler.invoke(LocatingElementHandler.java:38)
	at com.sun.proxy.$Proxy14.click(Unknown Source)
	at webpages.DirectoryPage.delete_directory(DirectoryPage.java:123)
	at testcases.DirectoryPage_Test.delete_directroy(DirectoryPage_Test.java:72)
</failure>
    <system-out>Trying to find Element By : By.xpath: //td[@class=&apos;ng-binding&apos;][contains(.,&apos;newdirectoryy&apos;)]
Exception occured: org.openqa.selenium.NoSuchElementException: no such element: Unable to locate element: {&quot;method&quot;:&quot;xpath&quot;,&quot;selector&quot;:&quot;//td[@class=&apos;ng-binding&apos;][contains(.,&apos;newdirectoryy&apos;)]&quot;}
  (Session info: chrome=84.0.4147.125)
For documentation on this error, please visit: http://seleniumhq.org/exceptions/no_such_element.html
Build info: version: &apos;3.141.5&apos;, revision: &apos;d54ebd709a&apos;, time: &apos;2018-11-06T11:42:16&apos;
System info: host: &apos;DESKTOP-4C220HH&apos;, ip: &apos;192.168.29.189&apos;, os.name: &apos;Windows 10&apos;, os.arch: &apos;amd64&apos;, os.version: &apos;10.0&apos;, java.version: &apos;1.8.0_251&apos;
Driver info: org.openqa.selenium.chrome.ChromeDriver
Capabilities {acceptInsecureCerts: false, browserName: chrome, browserVersion: 84.0.4147.125, chrome: {chromedriverVersion: 83.0.4103.14 (be04594a2b841..., userDataDir: C:\Users\Surendra\AppData\L...}, goog:chromeOptions: {debuggerAddress: localhost:52649}, javascriptEnabled: true, networkConnectionEnabled: false, pageLoadStrategy: normal, platform: WINDOWS, platformName: WINDOWS, proxy: Proxy(), setWindowRect: true, strictFileInteractability: false, timeouts: {implicit: 0, pageLoad: 300000, script: 30000}, unhandledPromptBehavior: dismiss and notify, webauthn:virtualAuthenticators: true}
Session ID: 78af1a965f8fdf9375749982c34db110
*** Element info: {Using=xpath, value=//td[@class=&apos;ng-binding&apos;][contains(.,&apos;newdirectoryy&apos;)]}
</system-out>
  </testcase>
  <testcase classname="testcases.MusiconHoldPage_Test" name="file_field_validation" time="25.174">
    <failure type="java.lang.NullPointerException">java.lang.NullPointerException
	at reusefunctions.ReuseFunctions.takeScreenshotAtEndOfTest(ReuseFunctions.java:57)
	at webeventlistner.WebEventListener.onException(WebEventListener.java:63)
	at sun.reflect.GeneratedMethodAccessor19.invoke(Unknown Source)
	at sun.reflect.DelegatingMethodAccessorImpl.invoke(Unknown Source)
	at java.lang.reflect.Method.invoke(Unknown Source)
	at org.openqa.selenium.support.events.EventFiringWebDriver.lambda$new$0(EventFiringWebDriver.java:84)
	at com.sun.proxy.$Proxy9.onException(Unknown Source)
	at org.openqa.selenium.support.events.EventFiringWebDriver$EventFiringWebElement.lambda$new$0(EventFiringWebDriver.java:406)
	at com.sun.proxy.$Proxy15.click(Unknown Source)
	at org.openqa.selenium.support.events.EventFiringWebDriver$EventFiringWebElement.click(EventFiringWebDriver.java:417)
	at sun.reflect.GeneratedMethodAccessor9.invoke(Unknown Source)
	at sun.reflect.DelegatingMethodAccessorImpl.invoke(Unknown Source)
	at java.lang.reflect.Method.invoke(Unknown Source)
	at org.openqa.selenium.support.pagefactory.internal.LocatingElementHandler.invoke(LocatingElementHandler.java:51)
	at com.sun.proxy.$Proxy14.click(Unknown Source)
	at webpages.MusiconHoldPage.file_field_validation(MusiconHoldPage.java:136)
	at testcases.MusiconHoldPage_Test.file_field_validation(MusiconHoldPage_Test.java:70)
</failure>
    <system-out>Trying to find Element By : By.xpath: //button[contains(.,&apos;Action&apos;)]
Found Element By : By.xpath: //button[contains(.,&apos;Action&apos;)]
Trying to click on: [[ChromeDriver: chrome on WINDOWS (2b6a21eb581cd6ce8e103735c7191bdf)] -&gt; xpath: //button[contains(.,&apos;Action&apos;)]]
Exception occured: org.openqa.selenium.ElementNotInteractableException: element not interactable
  (Session info: chrome=84.0.4147.125)
Build info: version: &apos;3.141.5&apos;, revision: &apos;d54ebd709a&apos;, time: &apos;2018-11-06T11:42:16&apos;
System info: host: &apos;DESKTOP-4C220HH&apos;, ip: &apos;192.168.29.189&apos;, os.name: &apos;Windows 10&apos;, os.arch: &apos;amd64&apos;, os.version: &apos;10.0&apos;, java.version: &apos;1.8.0_251&apos;
Driver info: org.openqa.selenium.chrome.ChromeDriver
Capabilities {acceptInsecureCerts: false, browserName: chrome, browserVersion: 84.0.4147.125, chrome: {chromedriverVersion: 83.0.4103.14 (be04594a2b841..., userDataDir: C:\Users\Surendra\AppData\L...}, goog:chromeOptions: {debuggerAddress: localhost:51947}, javascriptEnabled: true, networkConnectionEnabled: false, pageLoadStrategy: normal, platform: WINDOWS, platformName: WINDOWS, proxy: Proxy(), setWindowRect: true, strictFileInteractability: false, timeouts: {implicit: 0, pageLoad: 300000, script: 30000}, unhandledPromptBehavior: dismiss and notify, webauthn:virtualAuthenticators: true}
Session ID: 2b6a21eb581cd6ce8e103735c7191bdf
</system-out>
  </testcase>
  <testcase classname="testcases.MusiconHoldPjsipPage_Test" name="musiconhold_validation" time="6.92"/>
  <testcase classname="testcases.MusiconHoldPjsipPage_Test" name="add_musichold" time="5.953"/>
  <testcase classname="testcases.MusiconHoldPjsipPage_Test" name="edit_musichold" time="16.056"/>
  <testcase classname="testcases.MusiconHoldPjsipPage_Test" name="delete_musichold" time="7.434"/>
  <testcase classname="testcases.MusiconHoldPjsipPage_Test" name="field_validation" time="7.849"/>
  <testcase classname="testcases.PagingIntercomPage_Test" name="paging_validation" time="6.597"/>
  <testcase classname="testcases.PagingIntercomPage_Test" name="add_paging" time="6.917"/>
  <testcase classname="testcases.PagingIntercomPage_Test" name="edit_paging" time="9.752"/>
  <testcase classname="testcases.PagingIntercomPage_Test" name="delete_paging" time="7.341"/>
  <testcase classname="testcases.PagingIntercomPjsipPage_Test" name="paging_validation" time="6.474"/>
  <testcase classname="testcases.PagingIntercomPjsipPage_Test" name="add_paging" time="6.862"/>
  <testcase classname="testcases.PagingIntercomPjsipPage_Test" name="edit_paging" time="9.724"/>
  <testcase classname="testcases.PagingIntercomPjsipPage_Test" name="delete_paging" time="7.333"/>
  <testcase classname="testcases.QueuesPage_Test" name="queues_validation" time="6.533"/>
  <testcase classname="testcases.QueuesPage_Test" name="add_queues" time="29.076"/>
  <testcase classname="testcases.QueuesPage_Test" name="edit_queues" time="21.183"/>
  <testcase classname="testcases.QueuesPage_Test" name="delete_queues" time="7.317"/>
  <testcase classname="testcases.QueuesPjsipPage_Test" name="queues_validation" time="7.187"/>
  <testcase classname="testcases.QueuesPjsipPage_Test" name="add_queues" time="28.06"/>
  <testcase classname="testcases.QueuesPjsipPage_Test" name="edit_queues" time="21.381"/>
  <testcase classname="testcases.QueuesPjsipPage_Test" name="delete_queues" time="8.777"/>
  <testcase classname="testcases.RingGroupsPage_Test" name="ringgroup_validation" time="8.791"/>
  <testcase classname="testcases.RingGroupsPage_Test" name="add_ringgroup" time="7.451"/>
  <testcase classname="testcases.RingGroupsPage_Test" name="edit_ringgroup" time="17.951"/>
  <testcase classname="testcases.RingGroupsPage_Test" name="delete_ringgroup" time="7.367"/>
  <testcase classname="testcases.RingGroupsPjsipPage_Test" name="ringgroup_validation" time="6.917"/>
  <testcase classname="testcases.RingGroupsPjsipPage_Test" name="add_ringgroup" time="7.175"/>
  <testcase classname="testcases.RingGroupsPjsipPage_Test" name="edit_ringgroup" time="23.34"/>
  <testcase classname="testcases.RingGroupsPjsipPage_Test" name="delete_ringgroup" time="7.38"/>
  <testcase classname="testcases.SystemRecordingPage_Test" name="systemrecord_validation" time="9.074"/>
  <testcase classname="testcases.SystemRecordingPage_Test" name="add_systemrecord" time="8.475"/>
  <testcase classname="testcases.SystemRecordingPage_Test" name="edit_systemrecord" time="7.906"/>
  <testcase classname="testcases.SystemRecordingPage_Test" name="delete_systemrecord" time="8.395"/>
  <testcase classname="testcases.SystemRecordingPage_Test" name="withoutselectradioedit" time="5.156"/>
  <testcase classname="testcases.DirectoryPage_Test" name="withoutradiodelete" time="5.019">
    <failure type="java.lang.NullPointerException">java.lang.NullPointerException
	at reusefunctions.ReuseFunctions.takeScreenshotAtEndOfTest(ReuseFunctions.java:57)
	at webeventlistner.WebEventListener.onException(WebEventListener.java:63)
	at sun.reflect.GeneratedMethodAccessor19.invoke(Unknown Source)
	at sun.reflect.DelegatingMethodAccessorImpl.invoke(Unknown Source)
	at java.lang.reflect.Method.invoke(Unknown Source)
	at org.openqa.selenium.support.events.EventFiringWebDriver.lambda$new$0(EventFiringWebDriver.java:84)
	at com.sun.proxy.$Proxy9.onException(Unknown Source)
	at org.openqa.selenium.support.events.EventFiringWebDriver.lambda$new$1(EventFiringWebDriver.java:107)
	at com.sun.proxy.$Proxy10.findElement(Unknown Source)
	at org.openqa.selenium.support.events.EventFiringWebDriver.findElement(EventFiringWebDriver.java:194)
	at org.openqa.selenium.support.pagefactory.DefaultElementLocator.findElement(DefaultElementLocator.java:69)
	at org.openqa.selenium.support.pagefactory.internal.LocatingElementHandler.invoke(LocatingElementHandler.java:38)
	at com.sun.proxy.$Proxy14.click(Unknown Source)
	at webpages.DirectoryPage.withoutradioedit(DirectoryPage.java:138)
	at testcases.DirectoryPage_Test.withoutradiodelete(DirectoryPage_Test.java:89)
</failure>
    <system-out>Trying to find Element By : By.xpath: //button[@data-toggle=&apos;dropdown&apos;][contains(.,&apos;Action&apos;)]
Exception occured: org.openqa.selenium.NoSuchSessionException: invalid session id
Build info: version: &apos;3.141.5&apos;, revision: &apos;d54ebd709a&apos;, time: &apos;2018-11-06T11:42:16&apos;
System info: host: &apos;DESKTOP-4C220HH&apos;, ip: &apos;192.168.29.189&apos;, os.name: &apos;Windows 10&apos;, os.arch: &apos;amd64&apos;, os.version: &apos;10.0&apos;, java.version: &apos;1.8.0_251&apos;
Driver info: org.openqa.selenium.chrome.ChromeDriver
Capabilities {acceptInsecureCerts: false, browserName: chrome, browserVersion: 84.0.4147.125, chrome: {chromedriverVersion: 83.0.4103.14 (be04594a2b841..., userDataDir: C:\Users\Surendra\AppData\L...}, goog:chromeOptions: {debuggerAddress: localhost:52649}, javascriptEnabled: true, networkConnectionEnabled: false, pageLoadStrategy: normal, platform: WINDOWS, platformName: WINDOWS, proxy: Proxy(), setWindowRect: true, strictFileInteractability: false, timeouts: {implicit: 0, pageLoad: 300000, script: 30000}, unhandledPromptBehavior: dismiss and notify, webauthn:virtualAuthenticators: true}
Session ID: 78af1a965f8fdf9375749982c34db110
*** Element info: {Using=xpath, value=//button[@data-toggle=&apos;dropdown&apos;][contains(.,&apos;Action&apos;)]}
</system-out>
  </testcase>
  <testcase classname="testcases.UserDirectoryPage_Test" name="withoutradiodelete" time="25.036">
    <failure type="java.lang.NullPointerException">java.lang.NullPointerException
	at reusefunctions.ReuseFunctions.takeScreenshotAtEndOfTest(ReuseFunctions.java:57)
	at webeventlistner.WebEventListener.onException(WebEventListener.java:63)
	at sun.reflect.GeneratedMethodAccessor19.invoke(Unknown Source)
	at sun.reflect.DelegatingMethodAccessorImpl.invoke(Unknown Source)
	at java.lang.reflect.Method.invoke(Unknown Source)
	at org.openqa.selenium.support.events.EventFiringWebDriver.lambda$new$0(EventFiringWebDriver.java:84)
	at com.sun.proxy.$Proxy9.onException(Unknown Source)
	at org.openqa.selenium.support.events.EventFiringWebDriver.lambda$new$1(EventFiringWebDriver.java:107)
	at com.sun.proxy.$Proxy10.findElement(Unknown Source)
	at org.openqa.selenium.support.events.EventFiringWebDriver.findElement(EventFiringWebDriver.java:194)
	at org.openqa.selenium.support.pagefactory.DefaultElementLocator.findElement(DefaultElementLocator.java:69)
	at org.openqa.selenium.support.pagefactory.internal.LocatingElementHandler.invoke(LocatingElementHandler.java:38)
	at com.sun.proxy.$Proxy14.click(Unknown Source)
	at webpages.UserDirectoryPage.withoutradioedit(UserDirectoryPage.java:125)
	at testcases.UserDirectoryPage_Test.withoutradiodelete(UserDirectoryPage_Test.java:89)
</failure>
    <system-out>Trying to find Element By : By.xpath: //button[contains(.,&apos;Action&apos;)]
Exception occured: org.openqa.selenium.NoSuchElementException: no such element: Unable to locate element: {&quot;method&quot;:&quot;xpath&quot;,&quot;selector&quot;:&quot;//button[contains(.,&apos;Action&apos;)]&quot;}
  (Session info: chrome=84.0.4147.125)
For documentation on this error, please visit: http://seleniumhq.org/exceptions/no_such_element.html
Build info: version: &apos;3.141.5&apos;, revision: &apos;d54ebd709a&apos;, time: &apos;2018-11-06T11:42:16&apos;
System info: host: &apos;DESKTOP-4C220HH&apos;, ip: &apos;192.168.29.189&apos;, os.name: &apos;Windows 10&apos;, os.arch: &apos;amd64&apos;, os.version: &apos;10.0&apos;, java.version: &apos;1.8.0_251&apos;
Driver info: org.openqa.selenium.chrome.ChromeDriver
Capabilities {acceptInsecureCerts: false, browserName: chrome, browserVersion: 84.0.4147.125, chrome: {chromedriverVersion: 83.0.4103.14 (be04594a2b841..., userDataDir: C:\Users\Surendra\AppData\L...}, goog:chromeOptions: {debuggerAddress: localhost:51866}, javascriptEnabled: true, networkConnectionEnabled: false, pageLoadStrategy: normal, platform: WINDOWS, platformName: WINDOWS, proxy: Proxy(), setWindowRect: true, strictFileInteractability: false, timeouts: {implicit: 0, pageLoad: 300000, script: 30000}, unhandledPromptBehavior: dismiss and notify, webauthn:virtualAuthenticators: true}
Session ID: d83e1e71684a6cd0346165cd6579df41
*** Element info: {Using=xpath, value=//button[contains(.,&apos;Action&apos;)]}
</system-out>
  </testcase>
  <testcase classname="testcases.DirectoryPage_Test" name="withoutradioedit" time="5.011">
    <failure type="java.lang.NullPointerException">java.lang.NullPointerException
	at reusefunctions.ReuseFunctions.takeScreenshotAtEndOfTest(ReuseFunctions.java:57)
	at webeventlistner.WebEventListener.onException(WebEventListener.java:63)
	at sun.reflect.GeneratedMethodAccessor19.invoke(Unknown Source)
	at sun.reflect.DelegatingMethodAccessorImpl.invoke(Unknown Source)
	at java.lang.reflect.Method.invoke(Unknown Source)
	at org.openqa.selenium.support.events.EventFiringWebDriver.lambda$new$0(EventFiringWebDriver.java:84)
	at com.sun.proxy.$Proxy9.onException(Unknown Source)
	at org.openqa.selenium.support.events.EventFiringWebDriver.lambda$new$1(EventFiringWebDriver.java:107)
	at com.sun.proxy.$Proxy10.findElement(Unknown Source)
	at org.openqa.selenium.support.events.EventFiringWebDriver.findElement(EventFiringWebDriver.java:194)
	at org.openqa.selenium.support.pagefactory.DefaultElementLocator.findElement(DefaultElementLocator.java:69)
	at org.openqa.selenium.support.pagefactory.internal.LocatingElementHandler.invoke(LocatingElementHandler.java:38)
	at com.sun.proxy.$Proxy14.click(Unknown Source)
	at webpages.DirectoryPage.withoutradioedit(DirectoryPage.java:138)
	at testcases.DirectoryPage_Test.withoutradioedit(DirectoryPage_Test.java:80)
</failure>
    <system-out>Trying to find Element By : By.xpath: //button[@data-toggle=&apos;dropdown&apos;][contains(.,&apos;Action&apos;)]
Exception occured: org.openqa.selenium.NoSuchSessionException: invalid session id
Build info: version: &apos;3.141.5&apos;, revision: &apos;d54ebd709a&apos;, time: &apos;2018-11-06T11:42:16&apos;
System info: host: &apos;DESKTOP-4C220HH&apos;, ip: &apos;192.168.29.189&apos;, os.name: &apos;Windows 10&apos;, os.arch: &apos;amd64&apos;, os.version: &apos;10.0&apos;, java.version: &apos;1.8.0_251&apos;
Driver info: org.openqa.selenium.chrome.ChromeDriver
Capabilities {acceptInsecureCerts: false, browserName: chrome, browserVersion: 84.0.4147.125, chrome: {chromedriverVersion: 83.0.4103.14 (be04594a2b841..., userDataDir: C:\Users\Surendra\AppData\L...}, goog:chromeOptions: {debuggerAddress: localhost:52649}, javascriptEnabled: true, networkConnectionEnabled: false, pageLoadStrategy: normal, platform: WINDOWS, platformName: WINDOWS, proxy: Proxy(), setWindowRect: true, strictFileInteractability: false, timeouts: {implicit: 0, pageLoad: 300000, script: 30000}, unhandledPromptBehavior: dismiss and notify, webauthn:virtualAuthenticators: true}
Session ID: 78af1a965f8fdf9375749982c34db110
*** Element info: {Using=xpath, value=//button[@data-toggle=&apos;dropdown&apos;][contains(.,&apos;Action&apos;)]}
</system-out>
  </testcase>
  <testcase classname="testcases.DirectoryPjsipPage_Test" name="directory_validation" time="8.888"/>
  <testcase classname="testcases.DirectoryPjsipPage_Test" name="add_directroy" time="1.679"/>
  <testcase classname="testcases.DirectoryPjsipPage_Test" name="assign_directroy" time="6.036"/>
  <testcase classname="testcases.DirectoryPjsipPage_Test" name="edit_directroy" time="9.983"/>
  <testcase classname="testcases.DirectoryPjsipPage_Test" name="delete_directroy" time="7.319"/>
  <testcase classname="testcases.DirectoryPjsipPage_Test" name="withoutradiodelete" time="5.182"/>
  <testcase classname="testcases.DirectoryPjsipPage_Test" name="withoutradioedit" time="5.251"/>
  <testcase classname="testcases.FeatureCodePage_Test" name="featurecode_validation" time="7.042"/>
  <testcase classname="testcases.FeatureCodePage_Test" name="deactive_validation" time="21.241">
    <failure type="java.lang.NullPointerException">java.lang.NullPointerException
	at reusefunctions.ReuseFunctions.takeScreenshotAtEndOfTest(ReuseFunctions.java:57)
	at webeventlistner.WebEventListener.onException(WebEventListener.java:63)
	at sun.reflect.GeneratedMethodAccessor19.invoke(Unknown Source)
	at sun.reflect.DelegatingMethodAccessorImpl.invoke(Unknown Source)
	at java.lang.reflect.Method.invoke(Unknown Source)
	at org.openqa.selenium.support.events.EventFiringWebDriver.lambda$new$0(EventFiringWebDriver.java:84)
	at com.sun.proxy.$Proxy9.onException(Unknown Source)
	at org.openqa.selenium.support.events.EventFiringWebDriver$EventFiringWebElement.lambda$new$0(EventFiringWebDriver.java:406)
	at com.sun.proxy.$Proxy15.click(Unknown Source)
	at org.openqa.selenium.support.events.EventFiringWebDriver$EventFiringWebElement.click(EventFiringWebDriver.java:417)
	at sun.reflect.GeneratedMethodAccessor9.invoke(Unknown Source)
	at sun.reflect.DelegatingMethodAccessorImpl.invoke(Unknown Source)
	at java.lang.reflect.Method.invoke(Unknown Source)
	at org.openqa.selenium.support.pagefactory.internal.LocatingElementHandler.invoke(LocatingElementHandler.java:51)
	at com.sun.proxy.$Proxy14.click(Unknown Source)
	at webpages.FeatureCodePage.deactive_validation(FeatureCodePage.java:59)
	at testcases.FeatureCodePage_Test.deactive_validation(FeatureCodePage_Test.java:41)
</failure>
    <system-out>Trying to find Element By : By.xpath: //td[contains(.,&apos;*72&apos;)]
Found Element By : By.xpath: //td[contains(.,&apos;*72&apos;)]
Trying to click on: [[ChromeDriver: chrome on WINDOWS (48695faea216ec1700514aeded5b8e30)] -&gt; xpath: //td[contains(.,&apos;*72&apos;)]]
Clicked on: [[ChromeDriver: chrome on WINDOWS (48695faea216ec1700514aeded5b8e30)] -&gt; xpath: //td[contains(.,&apos;*72&apos;)]]
Trying to find Element By : By.xpath: //button[contains(.,&apos;Action&apos;)]
Found Element By : By.xpath: //button[contains(.,&apos;Action&apos;)]
Trying to click on: [[ChromeDriver: chrome on WINDOWS (48695faea216ec1700514aeded5b8e30)] -&gt; xpath: //button[contains(.,&apos;Action&apos;)]]
Clicked on: [[ChromeDriver: chrome on WINDOWS (48695faea216ec1700514aeded5b8e30)] -&gt; xpath: //button[contains(.,&apos;Action&apos;)]]
Trying to find Element By : By.xpath: //a[contains(.,&apos;Deactivate&apos;)]
Found Element By : By.xpath: //a[contains(.,&apos;Deactivate&apos;)]
Trying to click on: [[ChromeDriver: chrome on WINDOWS (48695faea216ec1700514aeded5b8e30)] -&gt; xpath: //a[contains(.,&apos;Deactivate&apos;)]]
Exception occured: org.openqa.selenium.ElementNotInteractableException: element not interactable
  (Session info: chrome=84.0.4147.125)
Build info: version: &apos;3.141.5&apos;, revision: &apos;d54ebd709a&apos;, time: &apos;2018-11-06T11:42:16&apos;
System info: host: &apos;DESKTOP-4C220HH&apos;, ip: &apos;192.168.29.189&apos;, os.name: &apos;Windows 10&apos;, os.arch: &apos;amd64&apos;, os.version: &apos;10.0&apos;, java.version: &apos;1.8.0_251&apos;
Driver info: org.openqa.selenium.chrome.ChromeDriver
Capabilities {acceptInsecureCerts: false, browserName: chrome, browserVersion: 84.0.4147.125, chrome: {chromedriverVersion: 83.0.4103.14 (be04594a2b841..., userDataDir: C:\Users\Surendra\AppData\L...}, goog:chromeOptions: {debuggerAddress: localhost:53624}, javascriptEnabled: true, networkConnectionEnabled: false, pageLoadStrategy: normal, platform: WINDOWS, platformName: WINDOWS, proxy: Proxy(), setWindowRect: true, strictFileInteractability: false, timeouts: {implicit: 0, pageLoad: 300000, script: 30000}, unhandledPromptBehavior: dismiss and notify, webauthn:virtualAuthenticators: true}
Session ID: 48695faea216ec1700514aeded5b8e30
</system-out>
  </testcase>
  <testcase classname="testcases.IvrOptionsPage_Test" name="timecondition_validation" time="7.154"/>
  <testcase classname="testcases.IvrOptionsPage_Test" name="add_ivroption" time="16.422"/>
  <testcase classname="testcases.IvrOptionsPage_Test" name="edit_ivroption" time="23.519"/>
  <testcase classname="testcases.IvrOptionsPage_Test" name="delete_ivroption" time="7.395"/>
  <testcase classname="testcases.ListofCustomersPage_Test" name="view" time="10.056">
    <failure type="java.lang.NullPointerException">java.lang.NullPointerException
	at reusefunctions.ReuseFunctions.takeScreenshotAtEndOfTest(ReuseFunctions.java:57)
	at webeventlistner.WebEventListener.onException(WebEventListener.java:63)
	at sun.reflect.GeneratedMethodAccessor19.invoke(Unknown Source)
	at sun.reflect.DelegatingMethodAccessorImpl.invoke(Unknown Source)
	at java.lang.reflect.Method.invoke(Unknown Source)
	at org.openqa.selenium.support.events.EventFiringWebDriver.lambda$new$0(EventFiringWebDriver.java:84)
	at com.sun.proxy.$Proxy9.onException(Unknown Source)
	at org.openqa.selenium.support.events.EventFiringWebDriver$EventFiringWebElement.lambda$new$0(EventFiringWebDriver.java:406)
	at com.sun.proxy.$Proxy15.click(Unknown Source)
	at org.openqa.selenium.support.events.EventFiringWebDriver$EventFiringWebElement.click(EventFiringWebDriver.java:417)
	at sun.reflect.GeneratedMethodAccessor9.invoke(Unknown Source)
	at sun.reflect.DelegatingMethodAccessorImpl.invoke(Unknown Source)
	at java.lang.reflect.Method.invoke(Unknown Source)
	at org.openqa.selenium.support.pagefactory.internal.LocatingElementHandler.invoke(LocatingElementHandler.java:51)
	at com.sun.proxy.$Proxy14.click(Unknown Source)
	at webpages.ListofCustomersPage.view(ListofCustomersPage.java:77)
	at testcases.ListofCustomersPage_Test.view(ListofCustomersPage_Test.java:45)
</failure>
    <system-out>Before navigating to: &apos;http://123.108.80.102/multitenant&apos;
Navigated to:&apos;http://123.108.80.102/multitenant&apos;
Trying to find Element By : By.xpath: //input[@ng-model=&apos;formdata.username&apos;]
Found Element By : By.xpath: //input[@ng-model=&apos;formdata.username&apos;]
Trying to find Element By : By.xpath: //input[@ng-model=&apos;formdata.password&apos;]
Found Element By : By.xpath: //input[@ng-model=&apos;formdata.password&apos;]
Trying to find Element By : By.xpath: (//button[contains(@type,&apos;submit&apos;)])[1]
Found Element By : By.xpath: (//button[contains(@type,&apos;submit&apos;)])[1]
Trying to click on: [[ChromeDriver: chrome on WINDOWS (e99c9083a0278fd3c47f67add1865e55)] -&gt; xpath: (//button[contains(@type,&apos;submit&apos;)])[1]]
Clicked on: [[ChromeDriver: chrome on WINDOWS (e99c9083a0278fd3c47f67add1865e55)] -&gt; xpath: (//button[contains(@type,&apos;submit&apos;)])[1]]
Trying to find Element By : By.xpath: //span[contains(.,&apos;Customers&apos;)]
Found Element By : By.xpath: //span[contains(.,&apos;Customers&apos;)]
Trying to click on: [[ChromeDriver: chrome on WINDOWS (e99c9083a0278fd3c47f67add1865e55)] -&gt; xpath: //span[contains(.,&apos;Customers&apos;)]]
Clicked on: [[ChromeDriver: chrome on WINDOWS (e99c9083a0278fd3c47f67add1865e55)] -&gt; xpath: //span[contains(.,&apos;Customers&apos;)]]
Trying to find Element By : By.xpath: //a[contains(.,&apos;List of Customers&apos;)]
Found Element By : By.xpath: //a[contains(.,&apos;List of Customers&apos;)]
Trying to click on: [[ChromeDriver: chrome on WINDOWS (e99c9083a0278fd3c47f67add1865e55)] -&gt; xpath: //a[contains(.,&apos;List of Customers&apos;)]]
Clicked on: [[ChromeDriver: chrome on WINDOWS (e99c9083a0278fd3c47f67add1865e55)] -&gt; xpath: //a[contains(.,&apos;List of Customers&apos;)]]
Trying to find Element By : By.xpath: //input[contains(@ng-model,&apos;keywords&apos;)]
Found Element By : By.xpath: //input[contains(@ng-model,&apos;keywords&apos;)]
Trying to find Element By : By.xpath: (//td[@class=&apos;ng-binding&apos;][contains(.,&apos;polo&apos;)])[1]
Found Element By : By.xpath: (//td[@class=&apos;ng-binding&apos;][contains(.,&apos;polo&apos;)])[1]
Trying to click on: [[ChromeDriver: chrome on WINDOWS (e99c9083a0278fd3c47f67add1865e55)] -&gt; xpath: (//td[@class=&apos;ng-binding&apos;][contains(.,&apos;polo&apos;)])[1]]
Exception occured: org.openqa.selenium.StaleElementReferenceException: stale element reference: element is not attached to the page document
  (Session info: chrome=84.0.4147.125)
For documentation on this error, please visit: http://seleniumhq.org/exceptions/stale_element_reference.html
Build info: version: &apos;3.141.5&apos;, revision: &apos;d54ebd709a&apos;, time: &apos;2018-11-06T11:42:16&apos;
System info: host: &apos;DESKTOP-4C220HH&apos;, ip: &apos;192.168.29.189&apos;, os.name: &apos;Windows 10&apos;, os.arch: &apos;amd64&apos;, os.version: &apos;10.0&apos;, java.version: &apos;1.8.0_251&apos;
Driver info: org.openqa.selenium.chrome.ChromeDriver
Capabilities {acceptInsecureCerts: false, browserName: chrome, browserVersion: 84.0.4147.125, chrome: {chromedriverVersion: 83.0.4103.14 (be04594a2b841..., userDataDir: C:\Users\Surendra\AppData\L...}, goog:chromeOptions: {debuggerAddress: localhost:53822}, javascriptEnabled: true, networkConnectionEnabled: false, pageLoadStrategy: normal, platform: WINDOWS, platformName: WINDOWS, proxy: Proxy(), setWindowRect: true, strictFileInteractability: false, timeouts: {implicit: 0, pageLoad: 300000, script: 30000}, unhandledPromptBehavior: dismiss and notify, webauthn:virtualAuthenticators: true}
Session ID: e99c9083a0278fd3c47f67add1865e55
</system-out>
    <system-err>Starting ChromeDriver 83.0.4103.14 (be04594a2b8411758b860104bc0a1033417178be-refs/branch-heads/4103@{#119}) on port 26304
Only local connections are allowed.
Please see https://chromedriver.chromium.org/security-considerations for suggestions on keeping ChromeDriver safe.
ChromeDriver was started successfully.
[1597326671.931][WARNING]: This version of ChromeDriver has not been tested with Chrome version 84.
Aug 13, 2020 7:21:13 PM org.openqa.selenium.remote.ProtocolHandshake createSession
INFO: Detected dialect: W3C
</system-err>
  </testcase>
  <testcase classname="testcases.ListofCustomer_Test" name="ListofCustomerdata" time="92.753"/>
  <testcase classname="testcases.ListofDidsPage_Test" name="listofdid_validation" time="18.039"/>
  <testcase classname="testcases.ListofDidsPage_Test" name="add_listofdid" time="7.399">
    <failure type="java.lang.NullPointerException">java.lang.NullPointerException
	at reusefunctions.ReuseFunctions.takeScreenshotAtEndOfTest(ReuseFunctions.java:57)
	at webeventlistner.WebEventListener.onException(WebEventListener.java:63)
	at sun.reflect.GeneratedMethodAccessor19.invoke(Unknown Source)
	at sun.reflect.DelegatingMethodAccessorImpl.invoke(Unknown Source)
	at java.lang.reflect.Method.invoke(Unknown Source)
	at org.openqa.selenium.support.events.EventFiringWebDriver.lambda$new$0(EventFiringWebDriver.java:84)
	at com.sun.proxy.$Proxy9.onException(Unknown Source)
	at org.openqa.selenium.support.events.EventFiringWebDriver$EventFiringWebElement.lambda$new$0(EventFiringWebDriver.java:406)
	at com.sun.proxy.$Proxy15.click(Unknown Source)
	at org.openqa.selenium.support.events.EventFiringWebDriver$EventFiringWebElement.click(EventFiringWebDriver.java:417)
	at sun.reflect.GeneratedMethodAccessor9.invoke(Unknown Source)
	at sun.reflect.DelegatingMethodAccessorImpl.invoke(Unknown Source)
	at java.lang.reflect.Method.invoke(Unknown Source)
	at org.openqa.selenium.support.pagefactory.internal.LocatingElementHandler.invoke(LocatingElementHandler.java:51)
	at com.sun.proxy.$Proxy14.click(Unknown Source)
	at webpages.ListofDidsPage.add_listofdid(ListofDidsPage.java:98)
	at testcases.ListofDidsPage_Test.add_listofdid(ListofDidsPage_Test.java:48)
</failure>
    <system-out>Trying to find Element By : By.xpath: //button[contains(@data-toggle,&apos;dropdown&apos;)]
Found Element By : By.xpath: //button[contains(@data-toggle,&apos;dropdown&apos;)]
Trying to click on: [[ChromeDriver: chrome on WINDOWS (d9588b9192161f57d72c51a5668a552c)] -&gt; xpath: //button[contains(@data-toggle,&apos;dropdown&apos;)]]
Clicked on: [[ChromeDriver: chrome on WINDOWS (d9588b9192161f57d72c51a5668a552c)] -&gt; xpath: //button[contains(@data-toggle,&apos;dropdown&apos;)]]
Trying to find Element By : By.xpath: (//a[contains(.,&apos;Add&apos;)])[3]
Found Element By : By.xpath: (//a[contains(.,&apos;Add&apos;)])[3]
Trying to click on: [[ChromeDriver: chrome on WINDOWS (d9588b9192161f57d72c51a5668a552c)] -&gt; xpath: (//a[contains(.,&apos;Add&apos;)])[3]]
Clicked on: [[ChromeDriver: chrome on WINDOWS (d9588b9192161f57d72c51a5668a552c)] -&gt; xpath: (//a[contains(.,&apos;Add&apos;)])[3]]
Trying to find Element By : By.xpath: (//input[contains(@type,&apos;text&apos;)])[2]
Found Element By : By.xpath: (//input[contains(@type,&apos;text&apos;)])[2]
Trying to find Element By : By.xpath: (//input[contains(@type,&apos;text&apos;)])[3]
Found Element By : By.xpath: (//input[contains(@type,&apos;text&apos;)])[3]
Trying to find Element By : By.xpath: (//select[contains(@type,&apos;text&apos;)])[1]
Found Element By : By.xpath: (//select[contains(@type,&apos;text&apos;)])[1]
Trying to find Element By : By.xpath: (//select[contains(@type,&apos;text&apos;)])[1]
Found Element By : By.xpath: (//select[contains(@type,&apos;text&apos;)])[1]
Trying to find Element By : By.xpath: (//select[contains(@type,&apos;text&apos;)])[1]
Found Element By : By.xpath: (//select[contains(@type,&apos;text&apos;)])[1]
Trying to find Element By : By.xpath: .//option[normalize-space(.) = &quot;Disable&quot;]
Found Element By : By.xpath: .//option[normalize-space(.) = &quot;Disable&quot;]
Trying to find Element By : By.xpath: (//select[contains(@type,&apos;text&apos;)])[2]
Found Element By : By.xpath: (//select[contains(@type,&apos;text&apos;)])[2]
Trying to find Element By : By.xpath: (//select[contains(@type,&apos;text&apos;)])[2]
Found Element By : By.xpath: (//select[contains(@type,&apos;text&apos;)])[2]
Trying to find Element By : By.xpath: (//select[contains(@type,&apos;text&apos;)])[2]
Found Element By : By.xpath: (//select[contains(@type,&apos;text&apos;)])[2]
Trying to find Element By : By.xpath: .//option[normalize-space(.) = &quot;test&quot;]
Found Element By : By.xpath: .//option[normalize-space(.) = &quot;test&quot;]
Trying to click on: [[[[ChromeDriver: chrome on WINDOWS (d9588b9192161f57d72c51a5668a552c)] -&gt; xpath: (//select[contains(@type,&apos;text&apos;)])[2]]] -&gt; xpath: .//option[normalize-space(.) = &quot;test&quot;]]
Clicked on: [[[[ChromeDriver: chrome on WINDOWS (d9588b9192161f57d72c51a5668a552c)] -&gt; xpath: (//select[contains(@type,&apos;text&apos;)])[2]]] -&gt; xpath: .//option[normalize-space(.) = &quot;test&quot;]]
Trying to find Element By : By.xpath: (//select[contains(@type,&apos;text&apos;)])[3]
Found Element By : By.xpath: (//select[contains(@type,&apos;text&apos;)])[3]
Trying to find Element By : By.xpath: (//select[contains(@type,&apos;text&apos;)])[3]
Found Element By : By.xpath: (//select[contains(@type,&apos;text&apos;)])[3]
Trying to find Element By : By.xpath: (//select[contains(@type,&apos;text&apos;)])[3]
Found Element By : By.xpath: (//select[contains(@type,&apos;text&apos;)])[3]
Trying to find Element By : By.xpath: .//option[normalize-space(.) = &quot;Extension&quot;]
Found Element By : By.xpath: .//option[normalize-space(.) = &quot;Extension&quot;]
Trying to click on: [[[[ChromeDriver: chrome on WINDOWS (d9588b9192161f57d72c51a5668a552c)] -&gt; xpath: (//select[contains(@type,&apos;text&apos;)])[3]]] -&gt; xpath: .//option[normalize-space(.) = &quot;Extension&quot;]]
Clicked on: [[[[ChromeDriver: chrome on WINDOWS (d9588b9192161f57d72c51a5668a552c)] -&gt; xpath: (//select[contains(@type,&apos;text&apos;)])[3]]] -&gt; xpath: .//option[normalize-space(.) = &quot;Extension&quot;]]
Trying to find Element By : By.xpath: (//select[contains(@type,&apos;text&apos;)])[4]
Found Element By : By.xpath: (//select[contains(@type,&apos;text&apos;)])[4]
Trying to find Element By : By.xpath: (//select[contains(@type,&apos;text&apos;)])[4]
Found Element By : By.xpath: (//select[contains(@type,&apos;text&apos;)])[4]
Trying to find Element By : By.xpath: (//select[contains(@type,&apos;text&apos;)])[4]
Found Element By : By.xpath: (//select[contains(@type,&apos;text&apos;)])[4]
Trying to find Element By : By.xpath: .//option[normalize-space(.) = &quot;158-123&quot;]
Found Element By : By.xpath: .//option[normalize-space(.) = &quot;158-123&quot;]
Trying to click on: [[[[ChromeDriver: chrome on WINDOWS (d9588b9192161f57d72c51a5668a552c)] -&gt; xpath: (//select[contains(@type,&apos;text&apos;)])[4]]] -&gt; xpath: .//option[normalize-space(.) = &quot;158-123&quot;]]
Clicked on: [[[[ChromeDriver: chrome on WINDOWS (d9588b9192161f57d72c51a5668a552c)] -&gt; xpath: (//select[contains(@type,&apos;text&apos;)])[4]]] -&gt; xpath: .//option[normalize-space(.) = &quot;158-123&quot;]]
Trying to find Element By : By.xpath: (//select[contains(@type,&apos;text&apos;)])[5]
Found Element By : By.xpath: (//select[contains(@type,&apos;text&apos;)])[5]
Trying to find Element By : By.xpath: (//select[contains(@type,&apos;text&apos;)])[5]
Found Element By : By.xpath: (//select[contains(@type,&apos;text&apos;)])[5]
Trying to find Element By : By.xpath: (//select[contains(@type,&apos;text&apos;)])[5]
Found Element By : By.xpath: (//select[contains(@type,&apos;text&apos;)])[5]
Trying to find Element By : By.xpath: .//option[normalize-space(.) = &quot;Disable&quot;]
Found Element By : By.xpath: .//option[normalize-space(.) = &quot;Disable&quot;]
Trying to find Element By : By.xpath: (//button[@type=&apos;submit&apos;])[2]
Found Element By : By.xpath: (//button[@type=&apos;submit&apos;])[2]
Trying to click on: [[ChromeDriver: chrome on WINDOWS (d9588b9192161f57d72c51a5668a552c)] -&gt; xpath: (//button[@type=&apos;submit&apos;])[2]]
Exception occured: org.openqa.selenium.ElementClickInterceptedException: element click intercepted: Element &lt;button type=&quot;submit&quot; ng-click=&quot;didCreate(did,&apos;ajaxResult&apos;);&quot; class=&quot;btn btn-info&quot; ng-disabled=&quot;didForm.$invalid&quot; disabled=&quot;disabled&quot;&gt;...&lt;/button&gt; is not clickable at point (720, 693). Other element would receive the click: &lt;div ng-show=&quot;alertMsg&quot; class=&quot;modal&quot; style=&quot;display:block; width:100%; overflow:hidden; top:0px; padding-top:10%; z-index:9999; background:none;&quot;&gt;...&lt;/div&gt;
  (Session info: chrome=84.0.4147.125)
Build info: version: &apos;3.141.5&apos;, revision: &apos;d54ebd709a&apos;, time: &apos;2018-11-06T11:42:16&apos;
System info: host: &apos;DESKTOP-4C220HH&apos;, ip: &apos;192.168.29.189&apos;, os.name: &apos;Windows 10&apos;, os.arch: &apos;amd64&apos;, os.version: &apos;10.0&apos;, java.version: &apos;1.8.0_251&apos;
Driver info: org.openqa.selenium.chrome.ChromeDriver
Capabilities {acceptInsecureCerts: false, browserName: chrome, browserVersion: 84.0.4147.125, chrome: {chromedriverVersion: 83.0.4103.14 (be04594a2b841..., userDataDir: C:\Users\Surendra\AppData\L...}, goog:chromeOptions: {debuggerAddress: localhost:53993}, javascriptEnabled: true, networkConnectionEnabled: false, pageLoadStrategy: normal, platform: WINDOWS, platformName: WINDOWS, proxy: Proxy(), setWindowRect: true, strictFileInteractability: false, timeouts: {implicit: 0, pageLoad: 300000, script: 30000}, unhandledPromptBehavior: dismiss and notify, webauthn:virtualAuthenticators: true}
Session ID: d9588b9192161f57d72c51a5668a552c
</system-out>
  </testcase>
  <testcase classname="testcases.ListofDidsPage_Test" name="add_callforwardfield" time="25.114">
    <failure type="java.lang.NullPointerException">java.lang.NullPointerException
	at reusefunctions.ReuseFunctions.takeScreenshotAtEndOfTest(ReuseFunctions.java:57)
	at webeventlistner.WebEventListener.onException(WebEventListener.java:63)
	at sun.reflect.GeneratedMethodAccessor19.invoke(Unknown Source)
	at sun.reflect.DelegatingMethodAccessorImpl.invoke(Unknown Source)
	at java.lang.reflect.Method.invoke(Unknown Source)
	at org.openqa.selenium.support.events.EventFiringWebDriver.lambda$new$0(EventFiringWebDriver.java:84)
	at com.sun.proxy.$Proxy9.onException(Unknown Source)
	at org.openqa.selenium.support.events.EventFiringWebDriver$EventFiringWebElement.lambda$new$0(EventFiringWebDriver.java:406)
	at com.sun.proxy.$Proxy15.click(Unknown Source)
	at org.openqa.selenium.support.events.EventFiringWebDriver$EventFiringWebElement.click(EventFiringWebDriver.java:417)
	at sun.reflect.GeneratedMethodAccessor9.invoke(Unknown Source)
	at sun.reflect.DelegatingMethodAccessorImpl.invoke(Unknown Source)
	at java.lang.reflect.Method.invoke(Unknown Source)
	at org.openqa.selenium.support.pagefactory.internal.LocatingElementHandler.invoke(LocatingElementHandler.java:51)
	at com.sun.proxy.$Proxy14.click(Unknown Source)
	at webpages.ListofDidsPage.add_callforwardfield(ListofDidsPage.java:106)
	at testcases.ListofDidsPage_Test.add_callforwardfield(ListofDidsPage_Test.java:55)
</failure>
    <system-out>Trying to find Element By : By.xpath: //button[contains(@data-toggle,&apos;dropdown&apos;)]
Found Element By : By.xpath: //button[contains(@data-toggle,&apos;dropdown&apos;)]
Trying to click on: [[ChromeDriver: chrome on WINDOWS (d9588b9192161f57d72c51a5668a552c)] -&gt; xpath: //button[contains(@data-toggle,&apos;dropdown&apos;)]]
Exception occured: org.openqa.selenium.ElementClickInterceptedException: element click intercepted: Element &lt;button data-toggle=&quot;dropdown&quot; class=&quot;btn btn-sm btn-default dropdown-toggle&quot; type=&quot;button&quot; aria-expanded=&quot;false&quot;&gt;...&lt;/button&gt; is not clickable at point (1436, 289). Other element would receive the click: &lt;div ng-show=&quot;alertMsg&quot; class=&quot;modal&quot; style=&quot;display:block; width:100%; overflow:hidden; top:0px; padding-top:10%; z-index:9999; background:none;&quot;&gt;...&lt;/div&gt;
  (Session info: chrome=84.0.4147.125)
Build info: version: &apos;3.141.5&apos;, revision: &apos;d54ebd709a&apos;, time: &apos;2018-11-06T11:42:16&apos;
System info: host: &apos;DESKTOP-4C220HH&apos;, ip: &apos;192.168.29.189&apos;, os.name: &apos;Windows 10&apos;, os.arch: &apos;amd64&apos;, os.version: &apos;10.0&apos;, java.version: &apos;1.8.0_251&apos;
Driver info: org.openqa.selenium.chrome.ChromeDriver
Capabilities {acceptInsecureCerts: false, browserName: chrome, browserVersion: 84.0.4147.125, chrome: {chromedriverVersion: 83.0.4103.14 (be04594a2b841..., userDataDir: C:\Users\Surendra\AppData\L...}, goog:chromeOptions: {debuggerAddress: localhost:53993}, javascriptEnabled: true, networkConnectionEnabled: false, pageLoadStrategy: normal, platform: WINDOWS, platformName: WINDOWS, proxy: Proxy(), setWindowRect: true, strictFileInteractability: false, timeouts: {implicit: 0, pageLoad: 300000, script: 30000}, unhandledPromptBehavior: dismiss and notify, webauthn:virtualAuthenticators: true}
Session ID: d9588b9192161f57d72c51a5668a552c
</system-out>
  </testcase>
  <testcase classname="testcases.ListofDidsPage_Test" name="edit_listdid" time="25.08">
    <failure type="java.lang.NullPointerException">java.lang.NullPointerException
	at reusefunctions.ReuseFunctions.takeScreenshotAtEndOfTest(ReuseFunctions.java:57)
	at webeventlistner.WebEventListener.onException(WebEventListener.java:63)
	at sun.reflect.GeneratedMethodAccessor19.invoke(Unknown Source)
	at sun.reflect.DelegatingMethodAccessorImpl.invoke(Unknown Source)
	at java.lang.reflect.Method.invoke(Unknown Source)
	at org.openqa.selenium.support.events.EventFiringWebDriver.lambda$new$0(EventFiringWebDriver.java:84)
	at com.sun.proxy.$Proxy9.onException(Unknown Source)
	at org.openqa.selenium.support.events.EventFiringWebDriver.lambda$new$1(EventFiringWebDriver.java:107)
	at com.sun.proxy.$Proxy10.findElement(Unknown Source)
	at org.openqa.selenium.support.events.EventFiringWebDriver.findElement(EventFiringWebDriver.java:194)
	at org.openqa.selenium.support.pagefactory.DefaultElementLocator.findElement(DefaultElementLocator.java:69)
	at org.openqa.selenium.support.pagefactory.internal.LocatingElementHandler.invoke(LocatingElementHandler.java:38)
	at com.sun.proxy.$Proxy14.click(Unknown Source)
	at webpages.ListofDidsPage.edit_listdid(ListofDidsPage.java:156)
	at testcases.ListofDidsPage_Test.edit_listdid(ListofDidsPage_Test.java:62)
</failure>
    <system-out>Trying to find Element By : By.xpath: //td[contains(.,&apos;9766664466&apos;)]
Exception occured: org.openqa.selenium.NoSuchElementException: no such element: Unable to locate element: {&quot;method&quot;:&quot;xpath&quot;,&quot;selector&quot;:&quot;//td[contains(.,&apos;9766664466&apos;)]&quot;}
  (Session info: chrome=84.0.4147.125)
For documentation on this error, please visit: http://seleniumhq.org/exceptions/no_such_element.html
Build info: version: &apos;3.141.5&apos;, revision: &apos;d54ebd709a&apos;, time: &apos;2018-11-06T11:42:16&apos;
System info: host: &apos;DESKTOP-4C220HH&apos;, ip: &apos;192.168.29.189&apos;, os.name: &apos;Windows 10&apos;, os.arch: &apos;amd64&apos;, os.version: &apos;10.0&apos;, java.version: &apos;1.8.0_251&apos;
Driver info: org.openqa.selenium.chrome.ChromeDriver
Capabilities {acceptInsecureCerts: false, browserName: chrome, browserVersion: 84.0.4147.125, chrome: {chromedriverVersion: 83.0.4103.14 (be04594a2b841..., userDataDir: C:\Users\Surendra\AppData\L...}, goog:chromeOptions: {debuggerAddress: localhost:53993}, javascriptEnabled: true, networkConnectionEnabled: false, pageLoadStrategy: normal, platform: WINDOWS, platformName: WINDOWS, proxy: Proxy(), setWindowRect: true, strictFileInteractability: false, timeouts: {implicit: 0, pageLoad: 300000, script: 30000}, unhandledPromptBehavior: dismiss and notify, webauthn:virtualAuthenticators: true}
Session ID: d9588b9192161f57d72c51a5668a552c
*** Element info: {Using=xpath, value=//td[contains(.,&apos;9766664466&apos;)]}
</system-out>
  </testcase>
  <testcase classname="testcases.ListofDidsPage_Test" name="addsamedid_listofdid" time="25.555">
    <failure type="java.lang.NullPointerException">java.lang.NullPointerException
	at reusefunctions.ReuseFunctions.takeScreenshotAtEndOfTest(ReuseFunctions.java:57)
	at webeventlistner.WebEventListener.onException(WebEventListener.java:63)
	at sun.reflect.GeneratedMethodAccessor19.invoke(Unknown Source)
	at sun.reflect.DelegatingMethodAccessorImpl.invoke(Unknown Source)
	at java.lang.reflect.Method.invoke(Unknown Source)
	at org.openqa.selenium.support.events.EventFiringWebDriver.lambda$new$0(EventFiringWebDriver.java:84)
	at com.sun.proxy.$Proxy9.onException(Unknown Source)
	at org.openqa.selenium.support.events.EventFiringWebDriver.lambda$new$1(EventFiringWebDriver.java:107)
	at com.sun.proxy.$Proxy10.findElement(Unknown Source)
	at org.openqa.selenium.support.events.EventFiringWebDriver.findElement(EventFiringWebDriver.java:194)
	at org.openqa.selenium.support.pagefactory.DefaultElementLocator.findElement(DefaultElementLocator.java:69)
	at org.openqa.selenium.support.pagefactory.internal.LocatingElementHandler.invoke(LocatingElementHandler.java:38)
	at com.sun.proxy.$Proxy14.getText(Unknown Source)
	at webpages.ListofDidsPage.addsamedid_listofdid(ListofDidsPage.java:148)
	at testcases.ListofDidsPage_Test.addsamedid_listofdid(ListofDidsPage_Test.java:69)
</failure>
    <system-out>Trying to find Element By : By.xpath: //button[contains(@data-toggle,&apos;dropdown&apos;)]
Found Element By : By.xpath: //button[contains(@data-toggle,&apos;dropdown&apos;)]
Trying to click on: [[ChromeDriver: chrome on WINDOWS (d9588b9192161f57d72c51a5668a552c)] -&gt; xpath: //button[contains(@data-toggle,&apos;dropdown&apos;)]]
Clicked on: [[ChromeDriver: chrome on WINDOWS (d9588b9192161f57d72c51a5668a552c)] -&gt; xpath: //button[contains(@data-toggle,&apos;dropdown&apos;)]]
Trying to find Element By : By.xpath: (//a[contains(.,&apos;Add&apos;)])[3]
Found Element By : By.xpath: (//a[contains(.,&apos;Add&apos;)])[3]
Trying to click on: [[ChromeDriver: chrome on WINDOWS (d9588b9192161f57d72c51a5668a552c)] -&gt; xpath: (//a[contains(.,&apos;Add&apos;)])[3]]
Clicked on: [[ChromeDriver: chrome on WINDOWS (d9588b9192161f57d72c51a5668a552c)] -&gt; xpath: (//a[contains(.,&apos;Add&apos;)])[3]]
Trying to find Element By : By.xpath: (//input[contains(@type,&apos;text&apos;)])[2]
Found Element By : By.xpath: (//input[contains(@type,&apos;text&apos;)])[2]
Trying to find Element By : By.xpath: (//input[contains(@type,&apos;text&apos;)])[3]
Found Element By : By.xpath: (//input[contains(@type,&apos;text&apos;)])[3]
Trying to click on: [[ChromeDriver: chrome on WINDOWS (d9588b9192161f57d72c51a5668a552c)] -&gt; xpath: (//input[contains(@type,&apos;text&apos;)])[3]]
Clicked on: [[ChromeDriver: chrome on WINDOWS (d9588b9192161f57d72c51a5668a552c)] -&gt; xpath: (//input[contains(@type,&apos;text&apos;)])[3]]
Trying to find Element By : By.xpath: //p[@class=&apos;ng-binding&apos;][contains(.,&apos;Already Exists&apos;)]
Exception occured: org.openqa.selenium.NoSuchElementException: no such element: Unable to locate element: {&quot;method&quot;:&quot;xpath&quot;,&quot;selector&quot;:&quot;//p[@class=&apos;ng-binding&apos;][contains(.,&apos;Already Exists&apos;)]&quot;}
  (Session info: chrome=84.0.4147.125)
For documentation on this error, please visit: http://seleniumhq.org/exceptions/no_such_element.html
Build info: version: &apos;3.141.5&apos;, revision: &apos;d54ebd709a&apos;, time: &apos;2018-11-06T11:42:16&apos;
System info: host: &apos;DESKTOP-4C220HH&apos;, ip: &apos;192.168.29.189&apos;, os.name: &apos;Windows 10&apos;, os.arch: &apos;amd64&apos;, os.version: &apos;10.0&apos;, java.version: &apos;1.8.0_251&apos;
Driver info: org.openqa.selenium.chrome.ChromeDriver
Capabilities {acceptInsecureCerts: false, browserName: chrome, browserVersion: 84.0.4147.125, chrome: {chromedriverVersion: 83.0.4103.14 (be04594a2b841..., userDataDir: C:\Users\Surendra\AppData\L...}, goog:chromeOptions: {debuggerAddress: localhost:53993}, javascriptEnabled: true, networkConnectionEnabled: false, pageLoadStrategy: normal, platform: WINDOWS, platformName: WINDOWS, proxy: Proxy(), setWindowRect: true, strictFileInteractability: false, timeouts: {implicit: 0, pageLoad: 300000, script: 30000}, unhandledPromptBehavior: dismiss and notify, webauthn:virtualAuthenticators: true}
Session ID: d9588b9192161f57d72c51a5668a552c
*** Element info: {Using=xpath, value=//p[@class=&apos;ng-binding&apos;][contains(.,&apos;Already Exists&apos;)]}
</system-out>
  </testcase>
  <testcase classname="testcases.ListofExtensionsSipPage_Test" name="extension_validation" time="7.475"/>
  <testcase classname="testcases.ListofExtensionsSipPage_Test" name="add_extension" time="7.375">
    <failure type="java.lang.NullPointerException">java.lang.NullPointerException
	at reusefunctions.ReuseFunctions.takeScreenshotAtEndOfTest(ReuseFunctions.java:57)
	at webeventlistner.WebEventListener.onException(WebEventListener.java:63)
	at sun.reflect.GeneratedMethodAccessor19.invoke(Unknown Source)
	at sun.reflect.DelegatingMethodAccessorImpl.invoke(Unknown Source)
	at java.lang.reflect.Method.invoke(Unknown Source)
	at org.openqa.selenium.support.events.EventFiringWebDriver.lambda$new$0(EventFiringWebDriver.java:84)
	at com.sun.proxy.$Proxy9.onException(Unknown Source)
	at org.openqa.selenium.support.events.EventFiringWebDriver$EventFiringWebElement.lambda$new$0(EventFiringWebDriver.java:406)
	at com.sun.proxy.$Proxy15.click(Unknown Source)
	at org.openqa.selenium.support.events.EventFiringWebDriver$EventFiringWebElement.click(EventFiringWebDriver.java:417)
	at sun.reflect.GeneratedMethodAccessor9.invoke(Unknown Source)
	at sun.reflect.DelegatingMethodAccessorImpl.invoke(Unknown Source)
	at java.lang.reflect.Method.invoke(Unknown Source)
	at org.openqa.selenium.support.pagefactory.internal.LocatingElementHandler.invoke(LocatingElementHandler.java:51)
	at com.sun.proxy.$Proxy14.click(Unknown Source)
	at webpages.ListofExtensionsSipPage.add_extension(ListofExtensionsSipPage.java:131)
	at testcases.ListofExtensionsSipPage_Test.add_extension(ListofExtensionsSipPage_Test.java:44)
</failure>
    <system-out>Trying to find Element By : By.xpath: //button[@data-toggle=&apos;dropdown&apos;][contains(.,&apos;Action&apos;)]
Found Element By : By.xpath: //button[@data-toggle=&apos;dropdown&apos;][contains(.,&apos;Action&apos;)]
Trying to click on: [[ChromeDriver: chrome on WINDOWS (83a262e702ef4447bca83ba33276256e)] -&gt; xpath: //button[@data-toggle=&apos;dropdown&apos;][contains(.,&apos;Action&apos;)]]
Clicked on: [[ChromeDriver: chrome on WINDOWS (83a262e702ef4447bca83ba33276256e)] -&gt; xpath: //button[@data-toggle=&apos;dropdown&apos;][contains(.,&apos;Action&apos;)]]
Trying to find Element By : By.xpath: (//a[contains(.,&apos;Add&apos;)])[3]
Found Element By : By.xpath: (//a[contains(.,&apos;Add&apos;)])[3]
Trying to click on: [[ChromeDriver: chrome on WINDOWS (83a262e702ef4447bca83ba33276256e)] -&gt; xpath: (//a[contains(.,&apos;Add&apos;)])[3]]
Clicked on: [[ChromeDriver: chrome on WINDOWS (83a262e702ef4447bca83ba33276256e)] -&gt; xpath: (//a[contains(.,&apos;Add&apos;)])[3]]
Trying to find Element By : By.xpath: (//input[@id=&apos;enumber&apos;])[1]
Found Element By : By.xpath: (//input[@id=&apos;enumber&apos;])[1]
Trying to find Element By : By.xpath: //button[@type=&apos;button&apos;][contains(.,&apos;Generate Password&apos;)]
Found Element By : By.xpath: //button[@type=&apos;button&apos;][contains(.,&apos;Generate Password&apos;)]
Trying to click on: [[ChromeDriver: chrome on WINDOWS (83a262e702ef4447bca83ba33276256e)] -&gt; xpath: //button[@type=&apos;button&apos;][contains(.,&apos;Generate Password&apos;)]]
Clicked on: [[ChromeDriver: chrome on WINDOWS (83a262e702ef4447bca83ba33276256e)] -&gt; xpath: //button[@type=&apos;button&apos;][contains(.,&apos;Generate Password&apos;)]]
Trying to find Element By : By.xpath: //button[@type=&apos;button&apos;][contains(.,&apos;Generate Password&apos;)]
Found Element By : By.xpath: //button[@type=&apos;button&apos;][contains(.,&apos;Generate Password&apos;)]
Trying to click on: [[ChromeDriver: chrome on WINDOWS (83a262e702ef4447bca83ba33276256e)] -&gt; xpath: //button[@type=&apos;button&apos;][contains(.,&apos;Generate Password&apos;)]]
Exception occured: org.openqa.selenium.ElementClickInterceptedException: element click intercepted: Element &lt;button type=&quot;button&quot; class=&quot;btn btn-info&quot; ng-click=&quot;passwordChange()&quot;&gt;...&lt;/button&gt; is not clickable at point (1268, 390). Other element would receive the click: &lt;div ng-show=&quot;loader&quot; class=&quot;modal text-center&quot; style=&quot;display:block; width:100%; background-color:rgba(0,0,0,0.8); overflow:hidden; top:0px; padding-top:20%; z-index:9999;&quot;&gt;...&lt;/div&gt;
  (Session info: chrome=84.0.4147.125)
Build info: version: &apos;3.141.5&apos;, revision: &apos;d54ebd709a&apos;, time: &apos;2018-11-06T11:42:16&apos;
System info: host: &apos;DESKTOP-4C220HH&apos;, ip: &apos;192.168.29.189&apos;, os.name: &apos;Windows 10&apos;, os.arch: &apos;amd64&apos;, os.version: &apos;10.0&apos;, java.version: &apos;1.8.0_251&apos;
Driver info: org.openqa.selenium.chrome.ChromeDriver
Capabilities {acceptInsecureCerts: false, browserName: chrome, browserVersion: 84.0.4147.125, chrome: {chromedriverVersion: 83.0.4103.14 (be04594a2b841..., userDataDir: C:\Users\Surendra\AppData\L...}, goog:chromeOptions: {debuggerAddress: localhost:54094}, javascriptEnabled: true, networkConnectionEnabled: false, pageLoadStrategy: normal, platform: WINDOWS, platformName: WINDOWS, proxy: Proxy(), setWindowRect: true, strictFileInteractability: false, timeouts: {implicit: 0, pageLoad: 300000, script: 30000}, unhandledPromptBehavior: dismiss and notify, webauthn:virtualAuthenticators: true}
Session ID: 83a262e702ef4447bca83ba33276256e
</system-out>
  </testcase>
  <testcase classname="testcases.ListofExtensionsSipPage_Test" name="edit_extension" time="25.021">
    <failure type="java.lang.NullPointerException">java.lang.NullPointerException
	at reusefunctions.ReuseFunctions.takeScreenshotAtEndOfTest(ReuseFunctions.java:57)
	at webeventlistner.WebEventListener.onException(WebEventListener.java:63)
	at sun.reflect.GeneratedMethodAccessor19.invoke(Unknown Source)
	at sun.reflect.DelegatingMethodAccessorImpl.invoke(Unknown Source)
	at java.lang.reflect.Method.invoke(Unknown Source)
	at org.openqa.selenium.support.events.EventFiringWebDriver.lambda$new$0(EventFiringWebDriver.java:84)
	at com.sun.proxy.$Proxy9.onException(Unknown Source)
	at org.openqa.selenium.support.events.EventFiringWebDriver.lambda$new$1(EventFiringWebDriver.java:107)
	at com.sun.proxy.$Proxy10.findElement(Unknown Source)
	at org.openqa.selenium.support.events.EventFiringWebDriver.findElement(EventFiringWebDriver.java:194)
	at org.openqa.selenium.support.pagefactory.DefaultElementLocator.findElement(DefaultElementLocator.java:69)
	at org.openqa.selenium.support.pagefactory.internal.LocatingElementHandler.invoke(LocatingElementHandler.java:38)
	at com.sun.proxy.$Proxy14.click(Unknown Source)
	at webpages.ListofExtensionsSipPage.edit_extension(ListofExtensionsSipPage.java:154)
	at testcases.ListofExtensionsSipPage_Test.edit_extension(ListofExtensionsSipPage_Test.java:52)
</failure>
    <system-out>Trying to find Element By : By.xpath: //td[@class=&apos;ng-binding&apos;][contains(.,&apos;vital&apos;)]
Exception occured: org.openqa.selenium.NoSuchElementException: no such element: Unable to locate element: {&quot;method&quot;:&quot;xpath&quot;,&quot;selector&quot;:&quot;//td[@class=&apos;ng-binding&apos;][contains(.,&apos;vital&apos;)]&quot;}
  (Session info: chrome=84.0.4147.125)
For documentation on this error, please visit: http://seleniumhq.org/exceptions/no_such_element.html
Build info: version: &apos;3.141.5&apos;, revision: &apos;d54ebd709a&apos;, time: &apos;2018-11-06T11:42:16&apos;
System info: host: &apos;DESKTOP-4C220HH&apos;, ip: &apos;192.168.29.189&apos;, os.name: &apos;Windows 10&apos;, os.arch: &apos;amd64&apos;, os.version: &apos;10.0&apos;, java.version: &apos;1.8.0_251&apos;
Driver info: org.openqa.selenium.chrome.ChromeDriver
Capabilities {acceptInsecureCerts: false, browserName: chrome, browserVersion: 84.0.4147.125, chrome: {chromedriverVersion: 83.0.4103.14 (be04594a2b841..., userDataDir: C:\Users\Surendra\AppData\L...}, goog:chromeOptions: {debuggerAddress: localhost:54094}, javascriptEnabled: true, networkConnectionEnabled: false, pageLoadStrategy: normal, platform: WINDOWS, platformName: WINDOWS, proxy: Proxy(), setWindowRect: true, strictFileInteractability: false, timeouts: {implicit: 0, pageLoad: 300000, script: 30000}, unhandledPromptBehavior: dismiss and notify, webauthn:virtualAuthenticators: true}
Session ID: 83a262e702ef4447bca83ba33276256e
*** Element info: {Using=xpath, value=//td[@class=&apos;ng-binding&apos;][contains(.,&apos;vital&apos;)]}
</system-out>
  </testcase>
  <testcase classname="testcases.ListofExtensionsSipPage_Test" name="followme_extension" time="25.081">
    <failure type="java.lang.NullPointerException">java.lang.NullPointerException
	at reusefunctions.ReuseFunctions.takeScreenshotAtEndOfTest(ReuseFunctions.java:57)
	at webeventlistner.WebEventListener.onException(WebEventListener.java:63)
	at sun.reflect.GeneratedMethodAccessor19.invoke(Unknown Source)
	at sun.reflect.DelegatingMethodAccessorImpl.invoke(Unknown Source)
	at java.lang.reflect.Method.invoke(Unknown Source)
	at org.openqa.selenium.support.events.EventFiringWebDriver.lambda$new$0(EventFiringWebDriver.java:84)
	at com.sun.proxy.$Proxy9.onException(Unknown Source)
	at org.openqa.selenium.support.events.EventFiringWebDriver.lambda$new$1(EventFiringWebDriver.java:107)
	at com.sun.proxy.$Proxy10.findElement(Unknown Source)
	at org.openqa.selenium.support.events.EventFiringWebDriver.findElement(EventFiringWebDriver.java:194)
	at org.openqa.selenium.support.pagefactory.DefaultElementLocator.findElement(DefaultElementLocator.java:69)
	at org.openqa.selenium.support.pagefactory.internal.LocatingElementHandler.invoke(LocatingElementHandler.java:38)
	at com.sun.proxy.$Proxy14.click(Unknown Source)
	at webpages.ListofExtensionsSipPage.followme_extension(ListofExtensionsSipPage.java:169)
	at testcases.ListofExtensionsSipPage_Test.followme_extension(ListofExtensionsSipPage_Test.java:60)
</failure>
    <system-out>Trying to find Element By : By.xpath: //td[@class=&apos;ng-binding&apos;][contains(.,&apos;786&apos;)]
Exception occured: org.openqa.selenium.NoSuchElementException: no such element: Unable to locate element: {&quot;method&quot;:&quot;xpath&quot;,&quot;selector&quot;:&quot;//td[@class=&apos;ng-binding&apos;][contains(.,&apos;786&apos;)]&quot;}
  (Session info: chrome=84.0.4147.125)
For documentation on this error, please visit: http://seleniumhq.org/exceptions/no_such_element.html
Build info: version: &apos;3.141.5&apos;, revision: &apos;d54ebd709a&apos;, time: &apos;2018-11-06T11:42:16&apos;
System info: host: &apos;DESKTOP-4C220HH&apos;, ip: &apos;192.168.29.189&apos;, os.name: &apos;Windows 10&apos;, os.arch: &apos;amd64&apos;, os.version: &apos;10.0&apos;, java.version: &apos;1.8.0_251&apos;
Driver info: org.openqa.selenium.chrome.ChromeDriver
Capabilities {acceptInsecureCerts: false, browserName: chrome, browserVersion: 84.0.4147.125, chrome: {chromedriverVersion: 83.0.4103.14 (be04594a2b841..., userDataDir: C:\Users\Surendra\AppData\L...}, goog:chromeOptions: {debuggerAddress: localhost:54094}, javascriptEnabled: true, networkConnectionEnabled: false, pageLoadStrategy: normal, platform: WINDOWS, platformName: WINDOWS, proxy: Proxy(), setWindowRect: true, strictFileInteractability: false, timeouts: {implicit: 0, pageLoad: 300000, script: 30000}, unhandledPromptBehavior: dismiss and notify, webauthn:virtualAuthenticators: true}
Session ID: 83a262e702ef4447bca83ba33276256e
*** Element info: {Using=xpath, value=//td[@class=&apos;ng-binding&apos;][contains(.,&apos;786&apos;)]}
</system-out>
  </testcase>
  <testcase classname="testcases.ListofExtensionsSipPage_Test" name="edit_follow_extension" time="25.087">
    <failure type="java.lang.NullPointerException">java.lang.NullPointerException
	at reusefunctions.ReuseFunctions.takeScreenshotAtEndOfTest(ReuseFunctions.java:57)
	at webeventlistner.WebEventListener.onException(WebEventListener.java:63)
	at sun.reflect.GeneratedMethodAccessor19.invoke(Unknown Source)
	at sun.reflect.DelegatingMethodAccessorImpl.invoke(Unknown Source)
	at java.lang.reflect.Method.invoke(Unknown Source)
	at org.openqa.selenium.support.events.EventFiringWebDriver.lambda$new$0(EventFiringWebDriver.java:84)
	at com.sun.proxy.$Proxy9.onException(Unknown Source)
	at org.openqa.selenium.support.events.EventFiringWebDriver.lambda$new$1(EventFiringWebDriver.java:107)
	at com.sun.proxy.$Proxy10.findElement(Unknown Source)
	at org.openqa.selenium.support.events.EventFiringWebDriver.findElement(EventFiringWebDriver.java:194)
	at org.openqa.selenium.support.pagefactory.DefaultElementLocator.findElement(DefaultElementLocator.java:69)
	at org.openqa.selenium.support.pagefactory.internal.LocatingElementHandler.invoke(LocatingElementHandler.java:38)
	at com.sun.proxy.$Proxy14.click(Unknown Source)
	at webpages.ListofExtensionsSipPage.edit_follow_extension(ListofExtensionsSipPage.java:199)
	at testcases.ListofExtensionsSipPage_Test.edit_follow_extension(ListofExtensionsSipPage_Test.java:69)
</failure>
    <system-out>Trying to find Element By : By.xpath: //td[@class=&apos;ng-binding&apos;][contains(.,&apos;786&apos;)]
Exception occured: org.openqa.selenium.NoSuchElementException: no such element: Unable to locate element: {&quot;method&quot;:&quot;xpath&quot;,&quot;selector&quot;:&quot;//td[@class=&apos;ng-binding&apos;][contains(.,&apos;786&apos;)]&quot;}
  (Session info: chrome=84.0.4147.125)
For documentation on this error, please visit: http://seleniumhq.org/exceptions/no_such_element.html
Build info: version: &apos;3.141.5&apos;, revision: &apos;d54ebd709a&apos;, time: &apos;2018-11-06T11:42:16&apos;
System info: host: &apos;DESKTOP-4C220HH&apos;, ip: &apos;192.168.29.189&apos;, os.name: &apos;Windows 10&apos;, os.arch: &apos;amd64&apos;, os.version: &apos;10.0&apos;, java.version: &apos;1.8.0_251&apos;
Driver info: org.openqa.selenium.chrome.ChromeDriver
Capabilities {acceptInsecureCerts: false, browserName: chrome, browserVersion: 84.0.4147.125, chrome: {chromedriverVersion: 83.0.4103.14 (be04594a2b841..., userDataDir: C:\Users\Surendra\AppData\L...}, goog:chromeOptions: {debuggerAddress: localhost:54094}, javascriptEnabled: true, networkConnectionEnabled: false, pageLoadStrategy: normal, platform: WINDOWS, platformName: WINDOWS, proxy: Proxy(), setWindowRect: true, strictFileInteractability: false, timeouts: {implicit: 0, pageLoad: 300000, script: 30000}, unhandledPromptBehavior: dismiss and notify, webauthn:virtualAuthenticators: true}
Session ID: 83a262e702ef4447bca83ba33276256e
*** Element info: {Using=xpath, value=//td[@class=&apos;ng-binding&apos;][contains(.,&apos;786&apos;)]}
</system-out>
  </testcase>
  <testcase classname="testcases.ListofExtensionsSipPage_Test" name="check_bulk_extension" time="25.086">
    <failure type="java.lang.NullPointerException">java.lang.NullPointerException
	at reusefunctions.ReuseFunctions.takeScreenshotAtEndOfTest(ReuseFunctions.java:57)
	at webeventlistner.WebEventListener.onException(WebEventListener.java:63)
	at sun.reflect.GeneratedMethodAccessor19.invoke(Unknown Source)
	at sun.reflect.DelegatingMethodAccessorImpl.invoke(Unknown Source)
	at java.lang.reflect.Method.invoke(Unknown Source)
	at org.openqa.selenium.support.events.EventFiringWebDriver.lambda$new$0(EventFiringWebDriver.java:84)
	at com.sun.proxy.$Proxy9.onException(Unknown Source)
	at org.openqa.selenium.support.events.EventFiringWebDriver.lambda$new$1(EventFiringWebDriver.java:107)
	at com.sun.proxy.$Proxy10.findElement(Unknown Source)
	at org.openqa.selenium.support.events.EventFiringWebDriver.findElement(EventFiringWebDriver.java:194)
	at org.openqa.selenium.support.pagefactory.DefaultElementLocator.findElement(DefaultElementLocator.java:69)
	at org.openqa.selenium.support.pagefactory.internal.LocatingElementHandler.invoke(LocatingElementHandler.java:38)
	at com.sun.proxy.$Proxy14.click(Unknown Source)
	at webpages.ListofExtensionsSipPage.check_bulk_extension(ListofExtensionsSipPage.java:222)
	at testcases.ListofExtensionsSipPage_Test.check_bulk_extension(ListofExtensionsSipPage_Test.java:78)
</failure>
    <system-out>Trying to find Element By : By.xpath: //td[@class=&apos;ng-binding&apos;][contains(.,&apos;786&apos;)]
Exception occured: org.openqa.selenium.NoSuchElementException: no such element: Unable to locate element: {&quot;method&quot;:&quot;xpath&quot;,&quot;selector&quot;:&quot;//td[@class=&apos;ng-binding&apos;][contains(.,&apos;786&apos;)]&quot;}
  (Session info: chrome=84.0.4147.125)
For documentation on this error, please visit: http://seleniumhq.org/exceptions/no_such_element.html
Build info: version: &apos;3.141.5&apos;, revision: &apos;d54ebd709a&apos;, time: &apos;2018-11-06T11:42:16&apos;
System info: host: &apos;DESKTOP-4C220HH&apos;, ip: &apos;192.168.29.189&apos;, os.name: &apos;Windows 10&apos;, os.arch: &apos;amd64&apos;, os.version: &apos;10.0&apos;, java.version: &apos;1.8.0_251&apos;
Driver info: org.openqa.selenium.chrome.ChromeDriver
Capabilities {acceptInsecureCerts: false, browserName: chrome, browserVersion: 84.0.4147.125, chrome: {chromedriverVersion: 83.0.4103.14 (be04594a2b841..., userDataDir: C:\Users\Surendra\AppData\L...}, goog:chromeOptions: {debuggerAddress: localhost:54094}, javascriptEnabled: true, networkConnectionEnabled: false, pageLoadStrategy: normal, platform: WINDOWS, platformName: WINDOWS, proxy: Proxy(), setWindowRect: true, strictFileInteractability: false, timeouts: {implicit: 0, pageLoad: 300000, script: 30000}, unhandledPromptBehavior: dismiss and notify, webauthn:virtualAuthenticators: true}
Session ID: 83a262e702ef4447bca83ba33276256e
*** Element info: {Using=xpath, value=//td[@class=&apos;ng-binding&apos;][contains(.,&apos;786&apos;)]}
</system-out>
  </testcase>
  <testcase classname="testcases.UserDirectoryPage_Test" name="withoutradioedit" time="25.044">
    <failure type="java.lang.NullPointerException">java.lang.NullPointerException
	at reusefunctions.ReuseFunctions.takeScreenshotAtEndOfTest(ReuseFunctions.java:57)
	at webeventlistner.WebEventListener.onException(WebEventListener.java:63)
	at sun.reflect.GeneratedMethodAccessor19.invoke(Unknown Source)
	at sun.reflect.DelegatingMethodAccessorImpl.invoke(Unknown Source)
	at java.lang.reflect.Method.invoke(Unknown Source)
	at org.openqa.selenium.support.events.EventFiringWebDriver.lambda$new$0(EventFiringWebDriver.java:84)
	at com.sun.proxy.$Proxy9.onException(Unknown Source)
	at org.openqa.selenium.support.events.EventFiringWebDriver.lambda$new$1(EventFiringWebDriver.java:107)
	at com.sun.proxy.$Proxy10.findElement(Unknown Source)
	at org.openqa.selenium.support.events.EventFiringWebDriver.findElement(EventFiringWebDriver.java:194)
	at org.openqa.selenium.support.pagefactory.DefaultElementLocator.findElement(DefaultElementLocator.java:69)
	at org.openqa.selenium.support.pagefactory.internal.LocatingElementHandler.invoke(LocatingElementHandler.java:38)
	at com.sun.proxy.$Proxy14.click(Unknown Source)
	at webpages.UserDirectoryPage.withoutradioedit(UserDirectoryPage.java:125)
	at testcases.UserDirectoryPage_Test.withoutradioedit(UserDirectoryPage_Test.java:80)
</failure>
    <system-out>Trying to find Element By : By.xpath: //button[contains(.,&apos;Action&apos;)]
Exception occured: org.openqa.selenium.NoSuchElementException: no such element: Unable to locate element: {&quot;method&quot;:&quot;xpath&quot;,&quot;selector&quot;:&quot;//button[contains(.,&apos;Action&apos;)]&quot;}
  (Session info: chrome=84.0.4147.125)
For documentation on this error, please visit: http://seleniumhq.org/exceptions/no_such_element.html
Build info: version: &apos;3.141.5&apos;, revision: &apos;d54ebd709a&apos;, time: &apos;2018-11-06T11:42:16&apos;
System info: host: &apos;DESKTOP-4C220HH&apos;, ip: &apos;192.168.29.189&apos;, os.name: &apos;Windows 10&apos;, os.arch: &apos;amd64&apos;, os.version: &apos;10.0&apos;, java.version: &apos;1.8.0_251&apos;
Driver info: org.openqa.selenium.chrome.ChromeDriver
Capabilities {acceptInsecureCerts: false, browserName: chrome, browserVersion: 84.0.4147.125, chrome: {chromedriverVersion: 83.0.4103.14 (be04594a2b841..., userDataDir: C:\Users\Surendra\AppData\L...}, goog:chromeOptions: {debuggerAddress: localhost:51866}, javascriptEnabled: true, networkConnectionEnabled: false, pageLoadStrategy: normal, platform: WINDOWS, platformName: WINDOWS, proxy: Proxy(), setWindowRect: true, strictFileInteractability: false, timeouts: {implicit: 0, pageLoad: 300000, script: 30000}, unhandledPromptBehavior: dismiss and notify, webauthn:virtualAuthenticators: true}
Session ID: d83e1e71684a6cd0346165cd6579df41
*** Element info: {Using=xpath, value=//button[contains(.,&apos;Action&apos;)]}
</system-out>
  </testcase>
  <testcase classname="testcases.UserLoginPage_Test" name="loginTest" time="14.053">
    <failure type="java.lang.NullPointerException">java.lang.NullPointerException
	at reusefunctions.ReuseFunctions.takeScreenshotAtEndOfTest(ReuseFunctions.java:57)
	at webeventlistner.WebEventListener.onException(WebEventListener.java:63)
	at sun.reflect.GeneratedMethodAccessor19.invoke(Unknown Source)
	at sun.reflect.DelegatingMethodAccessorImpl.invoke(Unknown Source)
	at java.lang.reflect.Method.invoke(Unknown Source)
	at org.openqa.selenium.support.events.EventFiringWebDriver.lambda$new$0(EventFiringWebDriver.java:84)
	at com.sun.proxy.$Proxy9.onException(Unknown Source)
	at org.openqa.selenium.support.events.EventFiringWebDriver.lambda$new$1(EventFiringWebDriver.java:107)
	at com.sun.proxy.$Proxy10.findElement(Unknown Source)
	at org.openqa.selenium.support.events.EventFiringWebDriver.findElement(EventFiringWebDriver.java:194)
	at org.openqa.selenium.support.pagefactory.DefaultElementLocator.findElement(DefaultElementLocator.java:69)
	at org.openqa.selenium.support.pagefactory.internal.LocatingElementHandler.invoke(LocatingElementHandler.java:38)
	at com.sun.proxy.$Proxy14.sendKeys(Unknown Source)
	at webpages.UserLoginPage.login(UserLoginPage.java:27)
	at testcases.UserLoginPage_Test.loginTest(UserLoginPage_Test.java:40)
</failure>
    <system-out>Trying to find Element By : By.xpath: //input[contains(@ng-model,&apos;formdata.username&apos;)]
Exception occured: org.openqa.selenium.WebDriverException: chrome not reachable
  (Session info: chrome=84.0.4147.125)
Build info: version: &apos;3.141.5&apos;, revision: &apos;d54ebd709a&apos;, time: &apos;2018-11-06T11:42:16&apos;
System info: host: &apos;DESKTOP-4C220HH&apos;, ip: &apos;192.168.29.189&apos;, os.name: &apos;Windows 10&apos;, os.arch: &apos;amd64&apos;, os.version: &apos;10.0&apos;, java.version: &apos;1.8.0_251&apos;
Driver info: org.openqa.selenium.chrome.ChromeDriver
Capabilities {acceptInsecureCerts: false, browserName: chrome, browserVersion: 84.0.4147.125, chrome: {chromedriverVersion: 83.0.4103.14 (be04594a2b841..., userDataDir: C:\Users\Surendra\AppData\L...}, goog:chromeOptions: {debuggerAddress: localhost:51743}, javascriptEnabled: true, networkConnectionEnabled: false, pageLoadStrategy: normal, platform: WINDOWS, platformName: WINDOWS, proxy: Proxy(), setWindowRect: true, strictFileInteractability: false, timeouts: {implicit: 0, pageLoad: 300000, script: 30000}, unhandledPromptBehavior: dismiss and notify, webauthn:virtualAuthenticators: true}
Session ID: eebdf454c89574552a56664bacc78c60
*** Element info: {Using=xpath, value=//input[contains(@ng-model,&apos;formdata.username&apos;)]}
</system-out>
    <system-err>[1597327072.361][WARNING]: Timed out connecting to Chrome, retrying...
</system-err>
  </testcase>
  <testcase classname="testcases.UserLoginPage_Test" name="getmethodstatus" time="14.181">
    <failure type="java.lang.NullPointerException">java.lang.NullPointerException
	at reusefunctions.ReuseFunctions.takeScreenshotAtEndOfTest(ReuseFunctions.java:57)
	at webeventlistner.WebEventListener.onException(WebEventListener.java:63)
	at sun.reflect.GeneratedMethodAccessor19.invoke(Unknown Source)
	at sun.reflect.DelegatingMethodAccessorImpl.invoke(Unknown Source)
	at java.lang.reflect.Method.invoke(Unknown Source)
	at org.openqa.selenium.support.events.EventFiringWebDriver.lambda$new$0(EventFiringWebDriver.java:84)
	at com.sun.proxy.$Proxy9.onException(Unknown Source)
	at org.openqa.selenium.support.events.EventFiringWebDriver.lambda$new$1(EventFiringWebDriver.java:107)
	at com.sun.proxy.$Proxy10.getScreenshotAs(Unknown Source)
	at org.openqa.selenium.support.events.EventFiringWebDriver.getScreenshotAs(EventFiringWebDriver.java:302)
	at reusefunctions.ReuseFunctions.getScreenshot(ReuseFunctions.java:101)
	at webpages.BaseTest.getResult(BaseTest.java:100)
	at testcases.UserLoginPage_Test.getmethodstatus(UserLoginPage_Test.java:47)
</failure>
    <system-out>Exception occured: org.openqa.selenium.NoSuchSessionException: invalid session id
Build info: version: &apos;3.141.5&apos;, revision: &apos;d54ebd709a&apos;, time: &apos;2018-11-06T11:42:16&apos;
System info: host: &apos;DESKTOP-4C220HH&apos;, ip: &apos;192.168.29.189&apos;, os.name: &apos;Windows 10&apos;, os.arch: &apos;amd64&apos;, os.version: &apos;10.0&apos;, java.version: &apos;1.8.0_251&apos;
Driver info: org.openqa.selenium.chrome.ChromeDriver
Capabilities {acceptInsecureCerts: false, browserName: chrome, browserVersion: 84.0.4147.125, chrome: {chromedriverVersion: 83.0.4103.14 (be04594a2b841..., userDataDir: C:\Users\Surendra\AppData\L...}, goog:chromeOptions: {debuggerAddress: localhost:54094}, javascriptEnabled: true, networkConnectionEnabled: false, pageLoadStrategy: normal, platform: WINDOWS, platformName: WINDOWS, proxy: Proxy(), setWindowRect: true, strictFileInteractability: false, timeouts: {implicit: 0, pageLoad: 300000, script: 30000}, unhandledPromptBehavior: dismiss and notify, webauthn:virtualAuthenticators: true}
Session ID: 83a262e702ef4447bca83ba33276256e
</system-out>
  </testcase>
  <testcase classname="testcases.UserMusiconHoldPage_Test" name="musiconhold_validation" time="20.069">
    <failure type="java.lang.NullPointerException">java.lang.NullPointerException
	at reusefunctions.ReuseFunctions.takeScreenshotAtEndOfTest(ReuseFunctions.java:57)
	at webeventlistner.WebEventListener.onException(WebEventListener.java:63)
	at sun.reflect.GeneratedMethodAccessor19.invoke(Unknown Source)
	at sun.reflect.DelegatingMethodAccessorImpl.invoke(Unknown Source)
	at java.lang.reflect.Method.invoke(Unknown Source)
	at org.openqa.selenium.support.events.EventFiringWebDriver.lambda$new$0(EventFiringWebDriver.java:84)
	at com.sun.proxy.$Proxy9.onException(Unknown Source)
	at org.openqa.selenium.support.events.EventFiringWebDriver.lambda$new$1(EventFiringWebDriver.java:107)
	at com.sun.proxy.$Proxy10.findElement(Unknown Source)
	at org.openqa.selenium.support.events.EventFiringWebDriver.findElement(EventFiringWebDriver.java:194)
	at org.openqa.selenium.support.pagefactory.DefaultElementLocator.findElement(DefaultElementLocator.java:69)
	at org.openqa.selenium.support.pagefactory.internal.LocatingElementHandler.invoke(LocatingElementHandler.java:38)
	at com.sun.proxy.$Proxy14.click(Unknown Source)
	at webpages.UserMusiconHoldPage.musiconhold_validation(UserMusiconHoldPage.java:49)
	at testcases.UserMusiconHoldPage_Test.musiconhold_validation(UserMusiconHoldPage_Test.java:36)
</failure>
    <system-out>Before navigating to: &apos;http://123.108.80.102/multitenant&apos;
Navigated to:&apos;http://123.108.80.102/multitenant&apos;
Trying to find Element By : By.xpath: //input[@ng-model=&apos;formdata.username&apos;]
Found Element By : By.xpath: //input[@ng-model=&apos;formdata.username&apos;]
Trying to find Element By : By.xpath: //input[@ng-model=&apos;formdata.password&apos;]
Found Element By : By.xpath: //input[@ng-model=&apos;formdata.password&apos;]
Trying to find Element By : By.xpath: (//button[contains(@type,&apos;submit&apos;)])[1]
Found Element By : By.xpath: (//button[contains(@type,&apos;submit&apos;)])[1]
Trying to click on: [[ChromeDriver: chrome on WINDOWS (259cef53b0ca3395c63d1ff83fb1a19b)] -&gt; xpath: (//button[contains(@type,&apos;submit&apos;)])[1]]
Clicked on: [[ChromeDriver: chrome on WINDOWS (259cef53b0ca3395c63d1ff83fb1a19b)] -&gt; xpath: (//button[contains(@type,&apos;submit&apos;)])[1]]
Trying to find Element By : By.xpath: //a[contains(.,&apos;PBX Setting&apos;)]
Exception occured: org.openqa.selenium.NoSuchElementException: no such element: Unable to locate element: {&quot;method&quot;:&quot;xpath&quot;,&quot;selector&quot;:&quot;//a[contains(.,&apos;PBX Setting&apos;)]&quot;}
  (Session info: chrome=84.0.4147.125)
For documentation on this error, please visit: http://seleniumhq.org/exceptions/no_such_element.html
Build info: version: &apos;3.141.5&apos;, revision: &apos;d54ebd709a&apos;, time: &apos;2018-11-06T11:42:16&apos;
System info: host: &apos;DESKTOP-4C220HH&apos;, ip: &apos;192.168.29.189&apos;, os.name: &apos;Windows 10&apos;, os.arch: &apos;amd64&apos;, os.version: &apos;10.0&apos;, java.version: &apos;1.8.0_251&apos;
Driver info: org.openqa.selenium.chrome.ChromeDriver
Capabilities {acceptInsecureCerts: false, browserName: chrome, browserVersion: 84.0.4147.125, chrome: {chromedriverVersion: 83.0.4103.14 (be04594a2b841..., userDataDir: C:\Users\Surendra\AppData\L...}, goog:chromeOptions: {debuggerAddress: localhost:54222}, javascriptEnabled: true, networkConnectionEnabled: false, pageLoadStrategy: normal, platform: WINDOWS, platformName: WINDOWS, proxy: Proxy(), setWindowRect: true, strictFileInteractability: false, timeouts: {implicit: 0, pageLoad: 300000, script: 30000}, unhandledPromptBehavior: dismiss and notify, webauthn:virtualAuthenticators: true}
Session ID: 259cef53b0ca3395c63d1ff83fb1a19b
*** Element info: {Using=xpath, value=//a[contains(.,&apos;PBX Setting&apos;)]}
</system-out>
    <system-err>Starting ChromeDriver 83.0.4103.14 (be04594a2b8411758b860104bc0a1033417178be-refs/branch-heads/4103@{#119}) on port 25849
Only local connections are allowed.
Please see https://chromedriver.chromium.org/security-considerations for suggestions on keeping ChromeDriver safe.
ChromeDriver was started successfully.
[1597327081.784][WARNING]: This version of ChromeDriver has not been tested with Chrome version 84.
Aug 13, 2020 7:28:03 PM org.openqa.selenium.remote.ProtocolHandshake createSession
INFO: Detected dialect: W3C
</system-err>
  </testcase>
  <testcase classname="testcases.UserMusiconHoldPage_Test" name="add_musichold" time="21.071">
    <failure type="java.lang.NullPointerException">java.lang.NullPointerException
	at reusefunctions.ReuseFunctions.takeScreenshotAtEndOfTest(ReuseFunctions.java:57)
	at webeventlistner.WebEventListener.onException(WebEventListener.java:63)
	at sun.reflect.GeneratedMethodAccessor19.invoke(Unknown Source)
	at sun.reflect.DelegatingMethodAccessorImpl.invoke(Unknown Source)
	at java.lang.reflect.Method.invoke(Unknown Source)
	at org.openqa.selenium.support.events.EventFiringWebDriver.lambda$new$0(EventFiringWebDriver.java:84)
	at com.sun.proxy.$Proxy9.onException(Unknown Source)
	at org.openqa.selenium.support.events.EventFiringWebDriver.lambda$new$1(EventFiringWebDriver.java:107)
	at com.sun.proxy.$Proxy10.findElement(Unknown Source)
	at org.openqa.selenium.support.events.EventFiringWebDriver.findElement(EventFiringWebDriver.java:194)
	at org.openqa.selenium.support.pagefactory.DefaultElementLocator.findElement(DefaultElementLocator.java:69)
	at org.openqa.selenium.support.pagefactory.internal.LocatingElementHandler.invoke(LocatingElementHandler.java:38)
	at com.sun.proxy.$Proxy14.click(Unknown Source)
	at webpages.UserMusiconHoldPage.add_musichold(UserMusiconHoldPage.java:62)
	at testcases.UserMusiconHoldPage_Test.add_musichold(UserMusiconHoldPage_Test.java:44)
</failure>
    <system-out>Trying to find Element By : By.xpath: //button[contains(.,&apos;Action&apos;)]
Exception occured: org.openqa.selenium.NoSuchElementException: no such element: Unable to locate element: {&quot;method&quot;:&quot;xpath&quot;,&quot;selector&quot;:&quot;//button[contains(.,&apos;Action&apos;)]&quot;}
  (Session info: chrome=84.0.4147.125)
For documentation on this error, please visit: http://seleniumhq.org/exceptions/no_such_element.html
Build info: version: &apos;3.141.5&apos;, revision: &apos;d54ebd709a&apos;, time: &apos;2018-11-06T11:42:16&apos;
System info: host: &apos;DESKTOP-4C220HH&apos;, ip: &apos;192.168.29.189&apos;, os.name: &apos;Windows 10&apos;, os.arch: &apos;amd64&apos;, os.version: &apos;10.0&apos;, java.version: &apos;1.8.0_251&apos;
Driver info: org.openqa.selenium.chrome.ChromeDriver
Capabilities {acceptInsecureCerts: false, browserName: chrome, browserVersion: 84.0.4147.125, chrome: {chromedriverVersion: 83.0.4103.14 (be04594a2b841..., userDataDir: C:\Users\Surendra\AppData\L...}, goog:chromeOptions: {debuggerAddress: localhost:54222}, javascriptEnabled: true, networkConnectionEnabled: false, pageLoadStrategy: normal, platform: WINDOWS, platformName: WINDOWS, proxy: Proxy(), setWindowRect: true, strictFileInteractability: false, timeouts: {implicit: 0, pageLoad: 300000, script: 30000}, unhandledPromptBehavior: dismiss and notify, webauthn:virtualAuthenticators: true}
Session ID: 259cef53b0ca3395c63d1ff83fb1a19b
*** Element info: {Using=xpath, value=//button[contains(.,&apos;Action&apos;)]}
</system-out>
  </testcase>
  <testcase classname="testcases.UserMusiconHoldPage_Test" name="edit_musichold" time="25.025">
    <failure type="java.lang.NullPointerException">java.lang.NullPointerException
	at reusefunctions.ReuseFunctions.takeScreenshotAtEndOfTest(ReuseFunctions.java:57)
	at webeventlistner.WebEventListener.onException(WebEventListener.java:63)
	at sun.reflect.GeneratedMethodAccessor19.invoke(Unknown Source)
	at sun.reflect.DelegatingMethodAccessorImpl.invoke(Unknown Source)
	at java.lang.reflect.Method.invoke(Unknown Source)
	at org.openqa.selenium.support.events.EventFiringWebDriver.lambda$new$0(EventFiringWebDriver.java:84)
	at com.sun.proxy.$Proxy9.onException(Unknown Source)
	at org.openqa.selenium.support.events.EventFiringWebDriver.lambda$new$1(EventFiringWebDriver.java:107)
	at com.sun.proxy.$Proxy10.findElement(Unknown Source)
	at org.openqa.selenium.support.events.EventFiringWebDriver.findElement(EventFiringWebDriver.java:194)
	at org.openqa.selenium.support.pagefactory.DefaultElementLocator.findElement(DefaultElementLocator.java:69)
	at org.openqa.selenium.support.pagefactory.internal.LocatingElementHandler.invoke(LocatingElementHandler.java:38)
	at com.sun.proxy.$Proxy14.click(Unknown Source)
	at webpages.UserMusiconHoldPage.edit_musichold(UserMusiconHoldPage.java:75)
	at testcases.UserMusiconHoldPage_Test.edit_musichold(UserMusiconHoldPage_Test.java:52)
</failure>
    <system-out>Trying to find Element By : By.xpath: //td[@class=&apos;ng-binding&apos;][contains(.,&apos;someexampletest&apos;)]
Exception occured: org.openqa.selenium.NoSuchElementException: no such element: Unable to locate element: {&quot;method&quot;:&quot;xpath&quot;,&quot;selector&quot;:&quot;//td[@class=&apos;ng-binding&apos;][contains(.,&apos;someexampletest&apos;)]&quot;}
  (Session info: chrome=84.0.4147.125)
For documentation on this error, please visit: http://seleniumhq.org/exceptions/no_such_element.html
Build info: version: &apos;3.141.5&apos;, revision: &apos;d54ebd709a&apos;, time: &apos;2018-11-06T11:42:16&apos;
System info: host: &apos;DESKTOP-4C220HH&apos;, ip: &apos;192.168.29.189&apos;, os.name: &apos;Windows 10&apos;, os.arch: &apos;amd64&apos;, os.version: &apos;10.0&apos;, java.version: &apos;1.8.0_251&apos;
Driver info: org.openqa.selenium.chrome.ChromeDriver
Capabilities {acceptInsecureCerts: false, browserName: chrome, browserVersion: 84.0.4147.125, chrome: {chromedriverVersion: 83.0.4103.14 (be04594a2b841..., userDataDir: C:\Users\Surendra\AppData\L...}, goog:chromeOptions: {debuggerAddress: localhost:54222}, javascriptEnabled: true, networkConnectionEnabled: false, pageLoadStrategy: normal, platform: WINDOWS, platformName: WINDOWS, proxy: Proxy(), setWindowRect: true, strictFileInteractability: false, timeouts: {implicit: 0, pageLoad: 300000, script: 30000}, unhandledPromptBehavior: dismiss and notify, webauthn:virtualAuthenticators: true}
Session ID: 259cef53b0ca3395c63d1ff83fb1a19b
*** Element info: {Using=xpath, value=//td[@class=&apos;ng-binding&apos;][contains(.,&apos;someexampletest&apos;)]}
</system-out>
  </testcase>
  <testcase classname="testcases.UserMusiconHoldPage_Test" name="field_validation" time="25.038">
    <failure type="java.lang.NullPointerException">java.lang.NullPointerException
	at reusefunctions.ReuseFunctions.takeScreenshotAtEndOfTest(ReuseFunctions.java:57)
	at webeventlistner.WebEventListener.onException(WebEventListener.java:63)
	at sun.reflect.GeneratedMethodAccessor19.invoke(Unknown Source)
	at sun.reflect.DelegatingMethodAccessorImpl.invoke(Unknown Source)
	at java.lang.reflect.Method.invoke(Unknown Source)
	at org.openqa.selenium.support.events.EventFiringWebDriver.lambda$new$0(EventFiringWebDriver.java:84)
	at com.sun.proxy.$Proxy9.onException(Unknown Source)
	at org.openqa.selenium.support.events.EventFiringWebDriver.lambda$new$1(EventFiringWebDriver.java:107)
	at com.sun.proxy.$Proxy10.findElement(Unknown Source)
	at org.openqa.selenium.support.events.EventFiringWebDriver.findElement(EventFiringWebDriver.java:194)
	at org.openqa.selenium.support.pagefactory.DefaultElementLocator.findElement(DefaultElementLocator.java:69)
	at org.openqa.selenium.support.pagefactory.internal.LocatingElementHandler.invoke(LocatingElementHandler.java:38)
	at com.sun.proxy.$Proxy14.click(Unknown Source)
	at webpages.UserMusiconHoldPage.field_validation(UserMusiconHoldPage.java:108)
	at testcases.UserMusiconHoldPage_Test.field_validation(UserMusiconHoldPage_Test.java:60)
</failure>
    <system-out>Trying to find Element By : By.xpath: //button[contains(.,&apos;Action&apos;)]
Exception occured: org.openqa.selenium.NoSuchElementException: no such element: Unable to locate element: {&quot;method&quot;:&quot;xpath&quot;,&quot;selector&quot;:&quot;//button[contains(.,&apos;Action&apos;)]&quot;}
  (Session info: chrome=84.0.4147.125)
For documentation on this error, please visit: http://seleniumhq.org/exceptions/no_such_element.html
Build info: version: &apos;3.141.5&apos;, revision: &apos;d54ebd709a&apos;, time: &apos;2018-11-06T11:42:16&apos;
System info: host: &apos;DESKTOP-4C220HH&apos;, ip: &apos;192.168.29.189&apos;, os.name: &apos;Windows 10&apos;, os.arch: &apos;amd64&apos;, os.version: &apos;10.0&apos;, java.version: &apos;1.8.0_251&apos;
Driver info: org.openqa.selenium.chrome.ChromeDriver
Capabilities {acceptInsecureCerts: false, browserName: chrome, browserVersion: 84.0.4147.125, chrome: {chromedriverVersion: 83.0.4103.14 (be04594a2b841..., userDataDir: C:\Users\Surendra\AppData\L...}, goog:chromeOptions: {debuggerAddress: localhost:54222}, javascriptEnabled: true, networkConnectionEnabled: false, pageLoadStrategy: normal, platform: WINDOWS, platformName: WINDOWS, proxy: Proxy(), setWindowRect: true, strictFileInteractability: false, timeouts: {implicit: 0, pageLoad: 300000, script: 30000}, unhandledPromptBehavior: dismiss and notify, webauthn:virtualAuthenticators: true}
Session ID: 259cef53b0ca3395c63d1ff83fb1a19b
*** Element info: {Using=xpath, value=//button[contains(.,&apos;Action&apos;)]}
</system-out>
  </testcase>
  <testcase classname="testcases.UserQueuesPage_Test" name="queues_validation" time="20.074">
    <failure type="java.lang.NullPointerException">java.lang.NullPointerException
	at reusefunctions.ReuseFunctions.takeScreenshotAtEndOfTest(ReuseFunctions.java:57)
	at webeventlistner.WebEventListener.onException(WebEventListener.java:63)
	at sun.reflect.GeneratedMethodAccessor19.invoke(Unknown Source)
	at sun.reflect.DelegatingMethodAccessorImpl.invoke(Unknown Source)
	at java.lang.reflect.Method.invoke(Unknown Source)
	at org.openqa.selenium.support.events.EventFiringWebDriver.lambda$new$0(EventFiringWebDriver.java:84)
	at com.sun.proxy.$Proxy9.onException(Unknown Source)
	at org.openqa.selenium.support.events.EventFiringWebDriver.lambda$new$1(EventFiringWebDriver.java:107)
	at com.sun.proxy.$Proxy10.findElement(Unknown Source)
	at org.openqa.selenium.support.events.EventFiringWebDriver.findElement(EventFiringWebDriver.java:194)
	at org.openqa.selenium.support.pagefactory.DefaultElementLocator.findElement(DefaultElementLocator.java:69)
	at org.openqa.selenium.support.pagefactory.internal.LocatingElementHandler.invoke(LocatingElementHandler.java:38)
	at com.sun.proxy.$Proxy14.click(Unknown Source)
	at webpages.UserQueuesPage.queues_validation(UserQueuesPage.java:70)
	at testcases.UserQueuesPage_Test.queues_validation(UserQueuesPage_Test.java:39)
</failure>
    <system-out>Before navigating to: &apos;http://123.108.80.102/multitenant&apos;
Navigated to:&apos;http://123.108.80.102/multitenant&apos;
Trying to find Element By : By.xpath: //input[contains(@ng-model,&apos;formdata.username&apos;)]
Found Element By : By.xpath: //input[contains(@ng-model,&apos;formdata.username&apos;)]
Trying to find Element By : By.xpath: //input[@type=&apos;password&apos;]
Found Element By : By.xpath: //input[@type=&apos;password&apos;]
Trying to find Element By : By.xpath: (//button[@type=&apos;submit&apos;])[1]
Found Element By : By.xpath: (//button[@type=&apos;submit&apos;])[1]
Trying to click on: [[ChromeDriver: chrome on WINDOWS (34fb242c33d47613f6ab4955e653328b)] -&gt; xpath: (//button[@type=&apos;submit&apos;])[1]]
Clicked on: [[ChromeDriver: chrome on WINDOWS (34fb242c33d47613f6ab4955e653328b)] -&gt; xpath: (//button[@type=&apos;submit&apos;])[1]]
Trying to find Element By : By.xpath: //a[contains(.,&apos;PBX Setting&apos;)]
Exception occured: org.openqa.selenium.NoSuchElementException: no such element: Unable to locate element: {&quot;method&quot;:&quot;xpath&quot;,&quot;selector&quot;:&quot;//a[contains(.,&apos;PBX Setting&apos;)]&quot;}
  (Session info: chrome=84.0.4147.125)
For documentation on this error, please visit: http://seleniumhq.org/exceptions/no_such_element.html
Build info: version: &apos;3.141.5&apos;, revision: &apos;d54ebd709a&apos;, time: &apos;2018-11-06T11:42:16&apos;
System info: host: &apos;DESKTOP-4C220HH&apos;, ip: &apos;192.168.29.189&apos;, os.name: &apos;Windows 10&apos;, os.arch: &apos;amd64&apos;, os.version: &apos;10.0&apos;, java.version: &apos;1.8.0_251&apos;
Driver info: org.openqa.selenium.chrome.ChromeDriver
Capabilities {acceptInsecureCerts: false, browserName: chrome, browserVersion: 84.0.4147.125, chrome: {chromedriverVersion: 83.0.4103.14 (be04594a2b841..., userDataDir: C:\Users\Surendra\AppData\L...}, goog:chromeOptions: {debuggerAddress: localhost:54299}, javascriptEnabled: true, networkConnectionEnabled: false, pageLoadStrategy: normal, platform: WINDOWS, platformName: WINDOWS, proxy: Proxy(), setWindowRect: true, strictFileInteractability: false, timeouts: {implicit: 0, pageLoad: 300000, script: 30000}, unhandledPromptBehavior: dismiss and notify, webauthn:virtualAuthenticators: true}
Session ID: 34fb242c33d47613f6ab4955e653328b
*** Element info: {Using=xpath, value=//a[contains(.,&apos;PBX Setting&apos;)]}
</system-out>
    <system-err>Starting ChromeDriver 83.0.4103.14 (be04594a2b8411758b860104bc0a1033417178be-refs/branch-heads/4103@{#119}) on port 10456
Only local connections are allowed.
Please see https://chromedriver.chromium.org/security-considerations for suggestions on keeping ChromeDriver safe.
ChromeDriver was started successfully.
[1597327184.092][WARNING]: This version of ChromeDriver has not been tested with Chrome version 84.
Aug 13, 2020 7:29:46 PM org.openqa.selenium.remote.ProtocolHandshake createSession
INFO: Detected dialect: W3C
</system-err>
  </testcase>
  <testcase classname="testcases.UserQueuesPage_Test" name="add_queues" time="7.552">
    <failure type="java.lang.NullPointerException">java.lang.NullPointerException
	at reusefunctions.ReuseFunctions.takeScreenshotAtEndOfTest(ReuseFunctions.java:57)
	at webeventlistner.WebEventListener.onException(WebEventListener.java:63)
	at sun.reflect.GeneratedMethodAccessor19.invoke(Unknown Source)
	at sun.reflect.DelegatingMethodAccessorImpl.invoke(Unknown Source)
	at java.lang.reflect.Method.invoke(Unknown Source)
	at org.openqa.selenium.support.events.EventFiringWebDriver.lambda$new$0(EventFiringWebDriver.java:84)
	at com.sun.proxy.$Proxy9.onException(Unknown Source)
	at org.openqa.selenium.support.events.EventFiringWebDriver.lambda$new$1(EventFiringWebDriver.java:107)
	at com.sun.proxy.$Proxy10.findElement(Unknown Source)
	at org.openqa.selenium.support.events.EventFiringWebDriver.findElement(EventFiringWebDriver.java:194)
	at org.openqa.selenium.support.pagefactory.DefaultElementLocator.findElement(DefaultElementLocator.java:69)
	at org.openqa.selenium.support.pagefactory.internal.LocatingElementHandler.invoke(LocatingElementHandler.java:38)
	at com.sun.proxy.$Proxy14.click(Unknown Source)
	at webpages.UserQueuesPage.add_queues(UserQueuesPage.java:85)
	at testcases.UserQueuesPage_Test.add_queues(UserQueuesPage_Test.java:48)
</failure>
    <system-out>Trying to find Element By : By.xpath: //button[contains(.,&apos;Action&apos;)]
Exception occured: org.openqa.selenium.NoSuchElementException: Cannot locate an element using xpath=//button[contains(.,&apos;Action&apos;)]
For documentation on this error, please visit: http://seleniumhq.org/exceptions/no_such_element.html
Build info: version: &apos;3.141.5&apos;, revision: &apos;d54ebd709a&apos;, time: &apos;2018-11-06T11:42:16&apos;
System info: host: &apos;DESKTOP-4C220HH&apos;, ip: &apos;192.168.29.189&apos;, os.name: &apos;Windows 10&apos;, os.arch: &apos;amd64&apos;, os.version: &apos;10.0&apos;, java.version: &apos;1.8.0_251&apos;
Driver info: driver.version: EventFiringWebDriver
</system-out>
  </testcase>
  <testcase classname="testcases.UserQueuesPage_Test" name="edit_queues" time="5.008">
    <failure type="java.lang.NullPointerException">java.lang.NullPointerException
	at reusefunctions.ReuseFunctions.takeScreenshotAtEndOfTest(ReuseFunctions.java:57)
	at webeventlistner.WebEventListener.onException(WebEventListener.java:63)
	at sun.reflect.GeneratedMethodAccessor19.invoke(Unknown Source)
	at sun.reflect.DelegatingMethodAccessorImpl.invoke(Unknown Source)
	at java.lang.reflect.Method.invoke(Unknown Source)
	at org.openqa.selenium.support.events.EventFiringWebDriver.lambda$new$0(EventFiringWebDriver.java:84)
	at com.sun.proxy.$Proxy9.onException(Unknown Source)
	at org.openqa.selenium.support.events.EventFiringWebDriver.lambda$new$1(EventFiringWebDriver.java:107)
	at com.sun.proxy.$Proxy10.findElement(Unknown Source)
	at org.openqa.selenium.support.events.EventFiringWebDriver.findElement(EventFiringWebDriver.java:194)
	at org.openqa.selenium.support.pagefactory.DefaultElementLocator.findElement(DefaultElementLocator.java:69)
	at org.openqa.selenium.support.pagefactory.internal.LocatingElementHandler.invoke(LocatingElementHandler.java:38)
	at com.sun.proxy.$Proxy14.click(Unknown Source)
	at webpages.UserQueuesPage.edit_queues(UserQueuesPage.java:153)
	at testcases.UserQueuesPage_Test.edit_queues(UserQueuesPage_Test.java:58)
</failure>
    <system-out>Trying to find Element By : By.xpath: //td[contains(.,&apos;newtestt&apos;)]
Exception occured: org.openqa.selenium.NoSuchWindowException: no such window: target window already closed
from unknown error: web view not found
  (Session info: chrome=84.0.4147.125)
Build info: version: &apos;3.141.5&apos;, revision: &apos;d54ebd709a&apos;, time: &apos;2018-11-06T11:42:16&apos;
System info: host: &apos;DESKTOP-4C220HH&apos;, ip: &apos;192.168.29.189&apos;, os.name: &apos;Windows 10&apos;, os.arch: &apos;amd64&apos;, os.version: &apos;10.0&apos;, java.version: &apos;1.8.0_251&apos;
Driver info: org.openqa.selenium.chrome.ChromeDriver
Capabilities {acceptInsecureCerts: false, browserName: chrome, browserVersion: 84.0.4147.125, chrome: {chromedriverVersion: 83.0.4103.14 (be04594a2b841..., userDataDir: C:\Users\Surendra\AppData\L...}, goog:chromeOptions: {debuggerAddress: localhost:54299}, javascriptEnabled: true, networkConnectionEnabled: false, pageLoadStrategy: normal, platform: WINDOWS, platformName: WINDOWS, proxy: Proxy(), setWindowRect: true, strictFileInteractability: false, timeouts: {implicit: 0, pageLoad: 300000, script: 30000}, unhandledPromptBehavior: dismiss and notify, webauthn:virtualAuthenticators: true}
Session ID: 34fb242c33d47613f6ab4955e653328b
*** Element info: {Using=xpath, value=//td[contains(.,&apos;newtestt&apos;)]}
</system-out>
  </testcase>
  <testcase classname="testcases.UserQueuesPage_Test" name="delete_queues" time="5.008">
    <failure type="java.lang.NullPointerException">java.lang.NullPointerException
	at reusefunctions.ReuseFunctions.takeScreenshotAtEndOfTest(ReuseFunctions.java:57)
	at webeventlistner.WebEventListener.onException(WebEventListener.java:63)
	at sun.reflect.GeneratedMethodAccessor19.invoke(Unknown Source)
	at sun.reflect.DelegatingMethodAccessorImpl.invoke(Unknown Source)
	at java.lang.reflect.Method.invoke(Unknown Source)
	at org.openqa.selenium.support.events.EventFiringWebDriver.lambda$new$0(EventFiringWebDriver.java:84)
	at com.sun.proxy.$Proxy9.onException(Unknown Source)
	at org.openqa.selenium.support.events.EventFiringWebDriver.lambda$new$1(EventFiringWebDriver.java:107)
	at com.sun.proxy.$Proxy10.findElement(Unknown Source)
	at org.openqa.selenium.support.events.EventFiringWebDriver.findElement(EventFiringWebDriver.java:194)
	at org.openqa.selenium.support.pagefactory.DefaultElementLocator.findElement(DefaultElementLocator.java:69)
	at org.openqa.selenium.support.pagefactory.internal.LocatingElementHandler.invoke(LocatingElementHandler.java:38)
	at com.sun.proxy.$Proxy14.click(Unknown Source)
	at webpages.UserQueuesPage.delete_queues(UserQueuesPage.java:179)
	at testcases.UserQueuesPage_Test.delete_queues(UserQueuesPage_Test.java:66)
</failure>
    <system-out>Trying to find Element By : By.xpath: //td[@class=&apos;ng-binding&apos;][contains(.,&apos;9511269872&apos;)]
Exception occured: org.openqa.selenium.NoSuchWindowException: no such window: target window already closed
from unknown error: web view not found
  (Session info: chrome=84.0.4147.125)
Build info: version: &apos;3.141.5&apos;, revision: &apos;d54ebd709a&apos;, time: &apos;2018-11-06T11:42:16&apos;
System info: host: &apos;DESKTOP-4C220HH&apos;, ip: &apos;192.168.29.189&apos;, os.name: &apos;Windows 10&apos;, os.arch: &apos;amd64&apos;, os.version: &apos;10.0&apos;, java.version: &apos;1.8.0_251&apos;
Driver info: org.openqa.selenium.chrome.ChromeDriver
Capabilities {acceptInsecureCerts: false, browserName: chrome, browserVersion: 84.0.4147.125, chrome: {chromedriverVersion: 83.0.4103.14 (be04594a2b841..., userDataDir: C:\Users\Surendra\AppData\L...}, goog:chromeOptions: {debuggerAddress: localhost:54299}, javascriptEnabled: true, networkConnectionEnabled: false, pageLoadStrategy: normal, platform: WINDOWS, platformName: WINDOWS, proxy: Proxy(), setWindowRect: true, strictFileInteractability: false, timeouts: {implicit: 0, pageLoad: 300000, script: 30000}, unhandledPromptBehavior: dismiss and notify, webauthn:virtualAuthenticators: true}
Session ID: 34fb242c33d47613f6ab4955e653328b
*** Element info: {Using=xpath, value=//td[@class=&apos;ng-binding&apos;][contains(.,&apos;9511269872&apos;)]}
</system-out>
  </testcase>
  <testcase classname="testcases.UserQueuesPage_Test" name="teardown" time="9.02">
    <failure type="java.lang.NullPointerException">java.lang.NullPointerException
	at reusefunctions.ReuseFunctions.takeScreenshotAtEndOfTest(ReuseFunctions.java:57)
	at webeventlistner.WebEventListener.onException(WebEventListener.java:63)
	at sun.reflect.GeneratedMethodAccessor19.invoke(Unknown Source)
	at sun.reflect.DelegatingMethodAccessorImpl.invoke(Unknown Source)
	at java.lang.reflect.Method.invoke(Unknown Source)
	at org.openqa.selenium.support.events.EventFiringWebDriver.lambda$new$0(EventFiringWebDriver.java:84)
	at com.sun.proxy.$Proxy9.onException(Unknown Source)
	at org.openqa.selenium.support.events.EventFiringWebDriver.lambda$new$1(EventFiringWebDriver.java:107)
	at com.sun.proxy.$Proxy10.close(Unknown Source)
	at org.openqa.selenium.support.events.EventFiringWebDriver.close(EventFiringWebDriver.java:206)
	at testcases.UserQueuesPage_Test.teardown(UserQueuesPage_Test.java:73)
</failure>
    <system-out>Exception occured: org.openqa.selenium.WebDriverException: chrome not reachable
  (Session info: chrome=84.0.4147.125)
Build info: version: &apos;3.141.5&apos;, revision: &apos;d54ebd709a&apos;, time: &apos;2018-11-06T11:42:16&apos;
System info: host: &apos;DESKTOP-4C220HH&apos;, ip: &apos;192.168.29.189&apos;, os.name: &apos;Windows 10&apos;, os.arch: &apos;amd64&apos;, os.version: &apos;10.0&apos;, java.version: &apos;1.8.0_251&apos;
Driver info: org.openqa.selenium.chrome.ChromeDriver
Capabilities {acceptInsecureCerts: false, browserName: chrome, browserVersion: 84.0.4147.125, chrome: {chromedriverVersion: 83.0.4103.14 (be04594a2b841..., userDataDir: C:\Users\Surendra\AppData\L...}, goog:chromeOptions: {debuggerAddress: localhost:54299}, javascriptEnabled: true, networkConnectionEnabled: false, pageLoadStrategy: normal, platform: WINDOWS, platformName: WINDOWS, proxy: Proxy(), setWindowRect: true, strictFileInteractability: false, timeouts: {implicit: 0, pageLoad: 300000, script: 30000}, unhandledPromptBehavior: dismiss and notify, webauthn:virtualAuthenticators: true}
Session ID: 34fb242c33d47613f6ab4955e653328b
</system-out>
  </testcase>
  <testcase classname="testcases.UserRingGroupsPage_Test" name="ringgroup_validation" time="20.032">
    <failure type="java.lang.NullPointerException">java.lang.NullPointerException
	at reusefunctions.ReuseFunctions.takeScreenshotAtEndOfTest(ReuseFunctions.java:57)
	at webeventlistner.WebEventListener.onException(WebEventListener.java:63)
	at sun.reflect.GeneratedMethodAccessor19.invoke(Unknown Source)
	at sun.reflect.DelegatingMethodAccessorImpl.invoke(Unknown Source)
	at java.lang.reflect.Method.invoke(Unknown Source)
	at org.openqa.selenium.support.events.EventFiringWebDriver.lambda$new$0(EventFiringWebDriver.java:84)
	at com.sun.proxy.$Proxy9.onException(Unknown Source)
	at org.openqa.selenium.support.events.EventFiringWebDriver.lambda$new$1(EventFiringWebDriver.java:107)
	at com.sun.proxy.$Proxy10.findElement(Unknown Source)
	at org.openqa.selenium.support.events.EventFiringWebDriver.findElement(EventFiringWebDriver.java:194)
	at org.openqa.selenium.support.pagefactory.DefaultElementLocator.findElement(DefaultElementLocator.java:69)
	at org.openqa.selenium.support.pagefactory.internal.LocatingElementHandler.invoke(LocatingElementHandler.java:38)
	at com.sun.proxy.$Proxy14.click(Unknown Source)
	at webpages.UserRingGroupsPage.ringgroup_validation(UserRingGroupsPage.java:71)
	at testcases.UserRingGroupsPage_Test.ringgroup_validation(UserRingGroupsPage_Test.java:39)
</failure>
    <system-out>Before navigating to: &apos;http://123.108.80.102/multitenant&apos;
Navigated to:&apos;http://123.108.80.102/multitenant&apos;
Trying to find Element By : By.xpath: //input[contains(@ng-model,&apos;formdata.username&apos;)]
Found Element By : By.xpath: //input[contains(@ng-model,&apos;formdata.username&apos;)]
Trying to find Element By : By.xpath: //input[@type=&apos;password&apos;]
Found Element By : By.xpath: //input[@type=&apos;password&apos;]
Trying to find Element By : By.xpath: (//button[@type=&apos;submit&apos;])[1]
Found Element By : By.xpath: (//button[@type=&apos;submit&apos;])[1]
Trying to click on: [[ChromeDriver: chrome on WINDOWS (e9f9804d0fadd3b8466a63856cea689c)] -&gt; xpath: (//button[@type=&apos;submit&apos;])[1]]
Clicked on: [[ChromeDriver: chrome on WINDOWS (e9f9804d0fadd3b8466a63856cea689c)] -&gt; xpath: (//button[@type=&apos;submit&apos;])[1]]
Trying to find Element By : By.xpath: //a[contains(.,&apos;PBX Setting&apos;)]
Exception occured: org.openqa.selenium.NoSuchElementException: no such element: Unable to locate element: {&quot;method&quot;:&quot;xpath&quot;,&quot;selector&quot;:&quot;//a[contains(.,&apos;PBX Setting&apos;)]&quot;}
  (Session info: chrome=84.0.4147.125)
For documentation on this error, please visit: http://seleniumhq.org/exceptions/no_such_element.html
Build info: version: &apos;3.141.5&apos;, revision: &apos;d54ebd709a&apos;, time: &apos;2018-11-06T11:42:16&apos;
System info: host: &apos;DESKTOP-4C220HH&apos;, ip: &apos;192.168.29.189&apos;, os.name: &apos;Windows 10&apos;, os.arch: &apos;amd64&apos;, os.version: &apos;10.0&apos;, java.version: &apos;1.8.0_251&apos;
Driver info: org.openqa.selenium.chrome.ChromeDriver
Capabilities {acceptInsecureCerts: false, browserName: chrome, browserVersion: 84.0.4147.125, chrome: {chromedriverVersion: 83.0.4103.14 (be04594a2b841..., userDataDir: C:\Users\Surendra\AppData\L...}, goog:chromeOptions: {debuggerAddress: localhost:54375}, javascriptEnabled: true, networkConnectionEnabled: false, pageLoadStrategy: normal, platform: WINDOWS, platformName: WINDOWS, proxy: Proxy(), setWindowRect: true, strictFileInteractability: false, timeouts: {implicit: 0, pageLoad: 300000, script: 30000}, unhandledPromptBehavior: dismiss and notify, webauthn:virtualAuthenticators: true}
Session ID: e9f9804d0fadd3b8466a63856cea689c
*** Element info: {Using=xpath, value=//a[contains(.,&apos;PBX Setting&apos;)]}
</system-out>
    <system-err>Starting ChromeDriver 83.0.4103.14 (be04594a2b8411758b860104bc0a1033417178be-refs/branch-heads/4103@{#119}) on port 45096
Only local connections are allowed.
Please see https://chromedriver.chromium.org/security-considerations for suggestions on keeping ChromeDriver safe.
ChromeDriver was started successfully.
[1597327240.561][WARNING]: This version of ChromeDriver has not been tested with Chrome version 84.
Aug 13, 2020 7:30:42 PM org.openqa.selenium.remote.ProtocolHandshake createSession
INFO: Detected dialect: W3C
</system-err>
  </testcase>
  <testcase classname="testcases.UserRingGroupsPage_Test" name="add_ringgroup" time="20.065">
    <failure type="java.lang.NullPointerException">java.lang.NullPointerException
	at reusefunctions.ReuseFunctions.takeScreenshotAtEndOfTest(ReuseFunctions.java:57)
	at webeventlistner.WebEventListener.onException(WebEventListener.java:63)
	at sun.reflect.GeneratedMethodAccessor19.invoke(Unknown Source)
	at sun.reflect.DelegatingMethodAccessorImpl.invoke(Unknown Source)
	at java.lang.reflect.Method.invoke(Unknown Source)
	at org.openqa.selenium.support.events.EventFiringWebDriver.lambda$new$0(EventFiringWebDriver.java:84)
	at com.sun.proxy.$Proxy9.onException(Unknown Source)
	at org.openqa.selenium.support.events.EventFiringWebDriver.lambda$new$1(EventFiringWebDriver.java:107)
	at com.sun.proxy.$Proxy10.findElement(Unknown Source)
	at org.openqa.selenium.support.events.EventFiringWebDriver.findElement(EventFiringWebDriver.java:194)
	at org.openqa.selenium.support.pagefactory.DefaultElementLocator.findElement(DefaultElementLocator.java:69)
	at org.openqa.selenium.support.pagefactory.internal.LocatingElementHandler.invoke(LocatingElementHandler.java:38)
	at com.sun.proxy.$Proxy14.click(Unknown Source)
	at webpages.UserRingGroupsPage.add_ringgroup(UserRingGroupsPage.java:85)
	at testcases.UserRingGroupsPage_Test.add_ringgroup(UserRingGroupsPage_Test.java:47)
</failure>
    <system-out>Trying to find Element By : By.xpath: //button[contains(.,&apos;Action&apos;)]
Exception occured: org.openqa.selenium.NoSuchElementException: no such element: Unable to locate element: {&quot;method&quot;:&quot;xpath&quot;,&quot;selector&quot;:&quot;//button[contains(.,&apos;Action&apos;)]&quot;}
  (Session info: chrome=84.0.4147.125)
For documentation on this error, please visit: http://seleniumhq.org/exceptions/no_such_element.html
Build info: version: &apos;3.141.5&apos;, revision: &apos;d54ebd709a&apos;, time: &apos;2018-11-06T11:42:16&apos;
System info: host: &apos;DESKTOP-4C220HH&apos;, ip: &apos;192.168.29.189&apos;, os.name: &apos;Windows 10&apos;, os.arch: &apos;amd64&apos;, os.version: &apos;10.0&apos;, java.version: &apos;1.8.0_251&apos;
Driver info: org.openqa.selenium.chrome.ChromeDriver
Capabilities {acceptInsecureCerts: false, browserName: chrome, browserVersion: 84.0.4147.125, chrome: {chromedriverVersion: 83.0.4103.14 (be04594a2b841..., userDataDir: C:\Users\Surendra\AppData\L...}, goog:chromeOptions: {debuggerAddress: localhost:54375}, javascriptEnabled: true, networkConnectionEnabled: false, pageLoadStrategy: normal, platform: WINDOWS, platformName: WINDOWS, proxy: Proxy(), setWindowRect: true, strictFileInteractability: false, timeouts: {implicit: 0, pageLoad: 300000, script: 30000}, unhandledPromptBehavior: dismiss and notify, webauthn:virtualAuthenticators: true}
Session ID: e9f9804d0fadd3b8466a63856cea689c
*** Element info: {Using=xpath, value=//button[contains(.,&apos;Action&apos;)]}
</system-out>
  </testcase>
  <testcase classname="testcases.UserRingGroupsPage_Test" name="edit_ringgroup" time="25.048">
    <failure type="java.lang.NullPointerException">java.lang.NullPointerException
	at reusefunctions.ReuseFunctions.takeScreenshotAtEndOfTest(ReuseFunctions.java:57)
	at webeventlistner.WebEventListener.onException(WebEventListener.java:63)
	at sun.reflect.GeneratedMethodAccessor19.invoke(Unknown Source)
	at sun.reflect.DelegatingMethodAccessorImpl.invoke(Unknown Source)
	at java.lang.reflect.Method.invoke(Unknown Source)
	at org.openqa.selenium.support.events.EventFiringWebDriver.lambda$new$0(EventFiringWebDriver.java:84)
	at com.sun.proxy.$Proxy9.onException(Unknown Source)
	at org.openqa.selenium.support.events.EventFiringWebDriver.lambda$new$1(EventFiringWebDriver.java:107)
	at com.sun.proxy.$Proxy10.findElement(Unknown Source)
	at org.openqa.selenium.support.events.EventFiringWebDriver.findElement(EventFiringWebDriver.java:194)
	at org.openqa.selenium.support.pagefactory.DefaultElementLocator.findElement(DefaultElementLocator.java:69)
	at org.openqa.selenium.support.pagefactory.internal.LocatingElementHandler.invoke(LocatingElementHandler.java:38)
	at com.sun.proxy.$Proxy14.click(Unknown Source)
	at webpages.UserRingGroupsPage.edit_ringgroup(UserRingGroupsPage.java:122)
	at testcases.UserRingGroupsPage_Test.edit_ringgroup(UserRingGroupsPage_Test.java:55)
</failure>
    <system-out>Trying to find Element By : By.xpath: //td[@class=&apos;ng-binding&apos;][contains(.,&apos;9700440611&apos;)]
Exception occured: org.openqa.selenium.NoSuchElementException: no such element: Unable to locate element: {&quot;method&quot;:&quot;xpath&quot;,&quot;selector&quot;:&quot;//td[@class=&apos;ng-binding&apos;][contains(.,&apos;9700440611&apos;)]&quot;}
  (Session info: chrome=84.0.4147.125)
For documentation on this error, please visit: http://seleniumhq.org/exceptions/no_such_element.html
Build info: version: &apos;3.141.5&apos;, revision: &apos;d54ebd709a&apos;, time: &apos;2018-11-06T11:42:16&apos;
System info: host: &apos;DESKTOP-4C220HH&apos;, ip: &apos;192.168.29.189&apos;, os.name: &apos;Windows 10&apos;, os.arch: &apos;amd64&apos;, os.version: &apos;10.0&apos;, java.version: &apos;1.8.0_251&apos;
Driver info: org.openqa.selenium.chrome.ChromeDriver
Capabilities {acceptInsecureCerts: false, browserName: chrome, browserVersion: 84.0.4147.125, chrome: {chromedriverVersion: 83.0.4103.14 (be04594a2b841..., userDataDir: C:\Users\Surendra\AppData\L...}, goog:chromeOptions: {debuggerAddress: localhost:54375}, javascriptEnabled: true, networkConnectionEnabled: false, pageLoadStrategy: normal, platform: WINDOWS, platformName: WINDOWS, proxy: Proxy(), setWindowRect: true, strictFileInteractability: false, timeouts: {implicit: 0, pageLoad: 300000, script: 30000}, unhandledPromptBehavior: dismiss and notify, webauthn:virtualAuthenticators: true}
Session ID: e9f9804d0fadd3b8466a63856cea689c
*** Element info: {Using=xpath, value=//td[@class=&apos;ng-binding&apos;][contains(.,&apos;9700440611&apos;)]}
</system-out>
  </testcase>
  <testcase classname="testcases.UserRingGroupsPage_Test" name="delete_ringgroup" time="25.027">
    <failure type="java.lang.NullPointerException">java.lang.NullPointerException
	at reusefunctions.ReuseFunctions.takeScreenshotAtEndOfTest(ReuseFunctions.java:57)
	at webeventlistner.WebEventListener.onException(WebEventListener.java:63)
	at sun.reflect.GeneratedMethodAccessor19.invoke(Unknown Source)
	at sun.reflect.DelegatingMethodAccessorImpl.invoke(Unknown Source)
	at java.lang.reflect.Method.invoke(Unknown Source)
	at org.openqa.selenium.support.events.EventFiringWebDriver.lambda$new$0(EventFiringWebDriver.java:84)
	at com.sun.proxy.$Proxy9.onException(Unknown Source)
	at org.openqa.selenium.support.events.EventFiringWebDriver.lambda$new$1(EventFiringWebDriver.java:107)
	at com.sun.proxy.$Proxy10.findElement(Unknown Source)
	at org.openqa.selenium.support.events.EventFiringWebDriver.findElement(EventFiringWebDriver.java:194)
	at org.openqa.selenium.support.pagefactory.DefaultElementLocator.findElement(DefaultElementLocator.java:69)
	at org.openqa.selenium.support.pagefactory.internal.LocatingElementHandler.invoke(LocatingElementHandler.java:38)
	at com.sun.proxy.$Proxy14.click(Unknown Source)
	at webpages.UserRingGroupsPage.delete_ringgroup(UserRingGroupsPage.java:143)
	at testcases.UserRingGroupsPage_Test.delete_ringgroup(UserRingGroupsPage_Test.java:63)
</failure>
    <system-out>Trying to find Element By : By.xpath: //td[@class=&apos;ng-binding&apos;][contains(.,&apos;9700440611&apos;)]
Exception occured: org.openqa.selenium.NoSuchElementException: no such element: Unable to locate element: {&quot;method&quot;:&quot;xpath&quot;,&quot;selector&quot;:&quot;//td[@class=&apos;ng-binding&apos;][contains(.,&apos;9700440611&apos;)]&quot;}
  (Session info: chrome=84.0.4147.125)
For documentation on this error, please visit: http://seleniumhq.org/exceptions/no_such_element.html
Build info: version: &apos;3.141.5&apos;, revision: &apos;d54ebd709a&apos;, time: &apos;2018-11-06T11:42:16&apos;
System info: host: &apos;DESKTOP-4C220HH&apos;, ip: &apos;192.168.29.189&apos;, os.name: &apos;Windows 10&apos;, os.arch: &apos;amd64&apos;, os.version: &apos;10.0&apos;, java.version: &apos;1.8.0_251&apos;
Driver info: org.openqa.selenium.chrome.ChromeDriver
Capabilities {acceptInsecureCerts: false, browserName: chrome, browserVersion: 84.0.4147.125, chrome: {chromedriverVersion: 83.0.4103.14 (be04594a2b841..., userDataDir: C:\Users\Surendra\AppData\L...}, goog:chromeOptions: {debuggerAddress: localhost:54375}, javascriptEnabled: true, networkConnectionEnabled: false, pageLoadStrategy: normal, platform: WINDOWS, platformName: WINDOWS, proxy: Proxy(), setWindowRect: true, strictFileInteractability: false, timeouts: {implicit: 0, pageLoad: 300000, script: 30000}, unhandledPromptBehavior: dismiss and notify, webauthn:virtualAuthenticators: true}
Session ID: e9f9804d0fadd3b8466a63856cea689c
*** Element info: {Using=xpath, value=//td[@class=&apos;ng-binding&apos;][contains(.,&apos;9700440611&apos;)]}
</system-out>
  </testcase>
  <testcase classname="testcases.UserSystemRecordingPage_Test" name="add_systemrecord" time="20.036">
    <failure type="java.lang.NullPointerException">java.lang.NullPointerException
	at reusefunctions.ReuseFunctions.takeScreenshotAtEndOfTest(ReuseFunctions.java:57)
	at webeventlistner.WebEventListener.onException(WebEventListener.java:63)
	at sun.reflect.GeneratedMethodAccessor19.invoke(Unknown Source)
	at sun.reflect.DelegatingMethodAccessorImpl.invoke(Unknown Source)
	at java.lang.reflect.Method.invoke(Unknown Source)
	at org.openqa.selenium.support.events.EventFiringWebDriver.lambda$new$0(EventFiringWebDriver.java:84)
	at com.sun.proxy.$Proxy9.onException(Unknown Source)
	at org.openqa.selenium.support.events.EventFiringWebDriver.lambda$new$1(EventFiringWebDriver.java:107)
	at com.sun.proxy.$Proxy10.findElement(Unknown Source)
	at org.openqa.selenium.support.events.EventFiringWebDriver.findElement(EventFiringWebDriver.java:194)
	at org.openqa.selenium.support.pagefactory.DefaultElementLocator.findElement(DefaultElementLocator.java:69)
	at org.openqa.selenium.support.pagefactory.internal.LocatingElementHandler.invoke(LocatingElementHandler.java:38)
	at com.sun.proxy.$Proxy14.click(Unknown Source)
	at webpages.UserSystemRecordingPage.add_systemrecord(UserSystemRecordingPage.java:49)
	at testcases.UserSystemRecordingPage_Test.add_systemrecord(UserSystemRecordingPage_Test.java:36)
</failure>
    <system-out>Before navigating to: &apos;http://123.108.80.102/multitenant&apos;
Navigated to:&apos;http://123.108.80.102/multitenant&apos;
Trying to find Element By : By.xpath: //input[contains(@ng-model,&apos;formdata.username&apos;)]
Found Element By : By.xpath: //input[contains(@ng-model,&apos;formdata.username&apos;)]
Trying to find Element By : By.xpath: //input[@type=&apos;password&apos;]
Found Element By : By.xpath: //input[@type=&apos;password&apos;]
Trying to find Element By : By.xpath: (//button[@type=&apos;submit&apos;])[1]
Found Element By : By.xpath: (//button[@type=&apos;submit&apos;])[1]
Trying to click on: [[ChromeDriver: chrome on WINDOWS (3507c3af5f954a2b9c377823895a75c0)] -&gt; xpath: (//button[@type=&apos;submit&apos;])[1]]
Clicked on: [[ChromeDriver: chrome on WINDOWS (3507c3af5f954a2b9c377823895a75c0)] -&gt; xpath: (//button[@type=&apos;submit&apos;])[1]]
Trying to find Element By : By.xpath: //a[contains(.,&apos;PBX Setting&apos;)]
Exception occured: org.openqa.selenium.NoSuchElementException: no such element: Unable to locate element: {&quot;method&quot;:&quot;xpath&quot;,&quot;selector&quot;:&quot;//a[contains(.,&apos;PBX Setting&apos;)]&quot;}
  (Session info: chrome=84.0.4147.125)
For documentation on this error, please visit: http://seleniumhq.org/exceptions/no_such_element.html
Build info: version: &apos;3.141.5&apos;, revision: &apos;d54ebd709a&apos;, time: &apos;2018-11-06T11:42:16&apos;
System info: host: &apos;DESKTOP-4C220HH&apos;, ip: &apos;192.168.29.189&apos;, os.name: &apos;Windows 10&apos;, os.arch: &apos;amd64&apos;, os.version: &apos;10.0&apos;, java.version: &apos;1.8.0_251&apos;
Driver info: org.openqa.selenium.chrome.ChromeDriver
Capabilities {acceptInsecureCerts: false, browserName: chrome, browserVersion: 84.0.4147.125, chrome: {chromedriverVersion: 83.0.4103.14 (be04594a2b841..., userDataDir: C:\Users\Surendra\AppData\L...}, goog:chromeOptions: {debuggerAddress: localhost:54456}, javascriptEnabled: true, networkConnectionEnabled: false, pageLoadStrategy: normal, platform: WINDOWS, platformName: WINDOWS, proxy: Proxy(), setWindowRect: true, strictFileInteractability: false, timeouts: {implicit: 0, pageLoad: 300000, script: 30000}, unhandledPromptBehavior: dismiss and notify, webauthn:virtualAuthenticators: true}
Session ID: 3507c3af5f954a2b9c377823895a75c0
*** Element info: {Using=xpath, value=//a[contains(.,&apos;PBX Setting&apos;)]}
</system-out>
    <system-err>Starting ChromeDriver 83.0.4103.14 (be04594a2b8411758b860104bc0a1033417178be-refs/branch-heads/4103@{#119}) on port 17885
Only local connections are allowed.
Please see https://chromedriver.chromium.org/security-considerations for suggestions on keeping ChromeDriver safe.
ChromeDriver was started successfully.
[1597327345.333][WARNING]: This version of ChromeDriver has not been tested with Chrome version 84.
Aug 13, 2020 7:32:27 PM org.openqa.selenium.remote.ProtocolHandshake createSession
INFO: Detected dialect: W3C
</system-err>
  </testcase>
  <testcase classname="testcases.UserSystemRecordingPage_Test" name="edit_systemrecord" time="19.878">
    <failure type="java.lang.NullPointerException">java.lang.NullPointerException
	at reusefunctions.ReuseFunctions.takeScreenshotAtEndOfTest(ReuseFunctions.java:57)
	at webeventlistner.WebEventListener.onException(WebEventListener.java:63)
	at sun.reflect.GeneratedMethodAccessor19.invoke(Unknown Source)
	at sun.reflect.DelegatingMethodAccessorImpl.invoke(Unknown Source)
	at java.lang.reflect.Method.invoke(Unknown Source)
	at org.openqa.selenium.support.events.EventFiringWebDriver.lambda$new$0(EventFiringWebDriver.java:84)
	at com.sun.proxy.$Proxy9.onException(Unknown Source)
	at org.openqa.selenium.support.events.EventFiringWebDriver.lambda$new$1(EventFiringWebDriver.java:107)
	at com.sun.proxy.$Proxy10.findElement(Unknown Source)
	at org.openqa.selenium.support.events.EventFiringWebDriver.findElement(EventFiringWebDriver.java:194)
	at org.openqa.selenium.support.pagefactory.DefaultElementLocator.findElement(DefaultElementLocator.java:69)
	at org.openqa.selenium.support.pagefactory.internal.LocatingElementHandler.invoke(LocatingElementHandler.java:38)
	at com.sun.proxy.$Proxy14.click(Unknown Source)
	at webpages.UserSystemRecordingPage.edit_systemrecord(UserSystemRecordingPage.java:69)
	at testcases.UserSystemRecordingPage_Test.edit_systemrecord(UserSystemRecordingPage_Test.java:44)
</failure>
    <system-out>Trying to find Element By : By.xpath: //td[@class=&apos;ng-binding&apos;][contains(.,&apos;vitelg&apos;)]
Exception occured: org.openqa.selenium.NoSuchElementException: Cannot locate an element using xpath=//td[@class=&apos;ng-binding&apos;][contains(.,&apos;vitelg&apos;)]
For documentation on this error, please visit: http://seleniumhq.org/exceptions/no_such_element.html
Build info: version: &apos;3.141.5&apos;, revision: &apos;d54ebd709a&apos;, time: &apos;2018-11-06T11:42:16&apos;
System info: host: &apos;DESKTOP-4C220HH&apos;, ip: &apos;192.168.29.189&apos;, os.name: &apos;Windows 10&apos;, os.arch: &apos;amd64&apos;, os.version: &apos;10.0&apos;, java.version: &apos;1.8.0_251&apos;
Driver info: driver.version: EventFiringWebDriver
</system-out>
  </testcase>
  <testcase classname="testcases.UserSystemRecordingPage_Test" name="delete_systemrecord" time="5.009">
    <failure type="java.lang.NullPointerException">java.lang.NullPointerException
	at reusefunctions.ReuseFunctions.takeScreenshotAtEndOfTest(ReuseFunctions.java:57)
	at webeventlistner.WebEventListener.onException(WebEventListener.java:63)
	at sun.reflect.GeneratedMethodAccessor19.invoke(Unknown Source)
	at sun.reflect.DelegatingMethodAccessorImpl.invoke(Unknown Source)
	at java.lang.reflect.Method.invoke(Unknown Source)
	at org.openqa.selenium.support.events.EventFiringWebDriver.lambda$new$0(EventFiringWebDriver.java:84)
	at com.sun.proxy.$Proxy9.onException(Unknown Source)
	at org.openqa.selenium.support.events.EventFiringWebDriver.lambda$new$1(EventFiringWebDriver.java:107)
	at com.sun.proxy.$Proxy10.findElement(Unknown Source)
	at org.openqa.selenium.support.events.EventFiringWebDriver.findElement(EventFiringWebDriver.java:194)
	at org.openqa.selenium.support.pagefactory.DefaultElementLocator.findElement(DefaultElementLocator.java:69)
	at org.openqa.selenium.support.pagefactory.internal.LocatingElementHandler.invoke(LocatingElementHandler.java:38)
	at com.sun.proxy.$Proxy14.click(Unknown Source)
	at webpages.UserSystemRecordingPage.delete_systemrecord(UserSystemRecordingPage.java:83)
	at testcases.UserSystemRecordingPage_Test.delete_systemrecord(UserSystemRecordingPage_Test.java:52)
</failure>
    <system-out>Trying to find Element By : By.xpath: //td[contains(.,&apos;surya&apos;)]
Exception occured: org.openqa.selenium.NoSuchWindowException: no such window: target window already closed
from unknown error: web view not found
  (Session info: chrome=84.0.4147.125)
Build info: version: &apos;3.141.5&apos;, revision: &apos;d54ebd709a&apos;, time: &apos;2018-11-06T11:42:16&apos;
System info: host: &apos;DESKTOP-4C220HH&apos;, ip: &apos;192.168.29.189&apos;, os.name: &apos;Windows 10&apos;, os.arch: &apos;amd64&apos;, os.version: &apos;10.0&apos;, java.version: &apos;1.8.0_251&apos;
Driver info: org.openqa.selenium.chrome.ChromeDriver
Capabilities {acceptInsecureCerts: false, browserName: chrome, browserVersion: 84.0.4147.125, chrome: {chromedriverVersion: 83.0.4103.14 (be04594a2b841..., userDataDir: C:\Users\Surendra\AppData\L...}, goog:chromeOptions: {debuggerAddress: localhost:54456}, javascriptEnabled: true, networkConnectionEnabled: false, pageLoadStrategy: normal, platform: WINDOWS, platformName: WINDOWS, proxy: Proxy(), setWindowRect: true, strictFileInteractability: false, timeouts: {implicit: 0, pageLoad: 300000, script: 30000}, unhandledPromptBehavior: dismiss and notify, webauthn:virtualAuthenticators: true}
Session ID: 3507c3af5f954a2b9c377823895a75c0
*** Element info: {Using=xpath, value=//td[contains(.,&apos;surya&apos;)]}
</system-out>
  </testcase>
  <testcase classname="testcases.UserTimezonePage_Test" name="timezone_validation" time="20.082">
    <failure type="java.lang.NullPointerException">java.lang.NullPointerException
	at reusefunctions.ReuseFunctions.takeScreenshotAtEndOfTest(ReuseFunctions.java:57)
	at webeventlistner.WebEventListener.onException(WebEventListener.java:63)
	at sun.reflect.GeneratedMethodAccessor19.invoke(Unknown Source)
	at sun.reflect.DelegatingMethodAccessorImpl.invoke(Unknown Source)
	at java.lang.reflect.Method.invoke(Unknown Source)
	at org.openqa.selenium.support.events.EventFiringWebDriver.lambda$new$0(EventFiringWebDriver.java:84)
	at com.sun.proxy.$Proxy9.onException(Unknown Source)
	at org.openqa.selenium.support.events.EventFiringWebDriver.lambda$new$1(EventFiringWebDriver.java:107)
	at com.sun.proxy.$Proxy10.findElement(Unknown Source)
	at org.openqa.selenium.support.events.EventFiringWebDriver.findElement(EventFiringWebDriver.java:194)
	at org.openqa.selenium.support.pagefactory.DefaultElementLocator.findElement(DefaultElementLocator.java:69)
	at org.openqa.selenium.support.pagefactory.internal.LocatingElementHandler.invoke(LocatingElementHandler.java:38)
	at com.sun.proxy.$Proxy14.click(Unknown Source)
	at webpages.UserTimezonePage.timezone_validation(UserTimezonePage.java:28)
	at testcases.UserTimezonePage_Test.timezone_validation(UserTimezonePage_Test.java:37)
</failure>
    <system-out>Before navigating to: &apos;http://123.108.80.102/multitenant&apos;
Navigated to:&apos;http://123.108.80.102/multitenant&apos;
Trying to find Element By : By.xpath: //input[contains(@ng-model,&apos;formdata.username&apos;)]
Found Element By : By.xpath: //input[contains(@ng-model,&apos;formdata.username&apos;)]
Trying to find Element By : By.xpath: //input[@type=&apos;password&apos;]
Found Element By : By.xpath: //input[@type=&apos;password&apos;]
Trying to find Element By : By.xpath: (//button[@type=&apos;submit&apos;])[1]
Found Element By : By.xpath: (//button[@type=&apos;submit&apos;])[1]
Trying to click on: [[ChromeDriver: chrome on WINDOWS (0c5e63659d5bbc5c8a46fe7be651ff94)] -&gt; xpath: (//button[@type=&apos;submit&apos;])[1]]
Clicked on: [[ChromeDriver: chrome on WINDOWS (0c5e63659d5bbc5c8a46fe7be651ff94)] -&gt; xpath: (//button[@type=&apos;submit&apos;])[1]]
Trying to find Element By : By.xpath: //a[contains(.,&apos;PBX Setting&apos;)]
Exception occured: org.openqa.selenium.NoSuchElementException: no such element: Unable to locate element: {&quot;method&quot;:&quot;xpath&quot;,&quot;selector&quot;:&quot;//a[contains(.,&apos;PBX Setting&apos;)]&quot;}
  (Session info: chrome=84.0.4147.125)
For documentation on this error, please visit: http://seleniumhq.org/exceptions/no_such_element.html
Build info: version: &apos;3.141.5&apos;, revision: &apos;d54ebd709a&apos;, time: &apos;2018-11-06T11:42:16&apos;
System info: host: &apos;DESKTOP-4C220HH&apos;, ip: &apos;192.168.29.189&apos;, os.name: &apos;Windows 10&apos;, os.arch: &apos;amd64&apos;, os.version: &apos;10.0&apos;, java.version: &apos;1.8.0_251&apos;
Driver info: org.openqa.selenium.chrome.ChromeDriver
Capabilities {acceptInsecureCerts: false, browserName: chrome, browserVersion: 84.0.4147.125, chrome: {chromedriverVersion: 83.0.4103.14 (be04594a2b841..., userDataDir: C:\Users\Surendra\AppData\L...}, goog:chromeOptions: {debuggerAddress: localhost:54531}, javascriptEnabled: true, networkConnectionEnabled: false, pageLoadStrategy: normal, platform: WINDOWS, platformName: WINDOWS, proxy: Proxy(), setWindowRect: true, strictFileInteractability: false, timeouts: {implicit: 0, pageLoad: 300000, script: 30000}, unhandledPromptBehavior: dismiss and notify, webauthn:virtualAuthenticators: true}
Session ID: 0c5e63659d5bbc5c8a46fe7be651ff94
*** Element info: {Using=xpath, value=//a[contains(.,&apos;PBX Setting&apos;)]}
</system-out>
    <system-err>Starting ChromeDriver 83.0.4103.14 (be04594a2b8411758b860104bc0a1033417178be-refs/branch-heads/4103@{#119}) on port 21930
Only local connections are allowed.
Please see https://chromedriver.chromium.org/security-considerations for suggestions on keeping ChromeDriver safe.
ChromeDriver was started successfully.
[1597327404.502][WARNING]: This version of ChromeDriver has not been tested with Chrome version 84.
Aug 13, 2020 7:33:26 PM org.openqa.selenium.remote.ProtocolHandshake createSession
INFO: Detected dialect: W3C
</system-err>
  </testcase>
  <testcase classname="testcases.UserTimezonePage_Test" name="add_timezone" time="22.056">
    <failure type="java.lang.NullPointerException">java.lang.NullPointerException
	at reusefunctions.ReuseFunctions.takeScreenshotAtEndOfTest(ReuseFunctions.java:57)
	at webeventlistner.WebEventListener.onException(WebEventListener.java:63)
	at sun.reflect.GeneratedMethodAccessor19.invoke(Unknown Source)
	at sun.reflect.DelegatingMethodAccessorImpl.invoke(Unknown Source)
	at java.lang.reflect.Method.invoke(Unknown Source)
	at org.openqa.selenium.support.events.EventFiringWebDriver.lambda$new$0(EventFiringWebDriver.java:84)
	at com.sun.proxy.$Proxy9.onException(Unknown Source)
	at org.openqa.selenium.support.events.EventFiringWebDriver.lambda$new$1(EventFiringWebDriver.java:107)
	at com.sun.proxy.$Proxy10.findElement(Unknown Source)
	at org.openqa.selenium.support.events.EventFiringWebDriver.findElement(EventFiringWebDriver.java:194)
	at org.openqa.selenium.support.pagefactory.DefaultElementLocator.findElement(DefaultElementLocator.java:69)
	at org.openqa.selenium.support.pagefactory.internal.LocatingElementHandler.invoke(LocatingElementHandler.java:38)
	at com.sun.proxy.$Proxy14.getTagName(Unknown Source)
	at org.openqa.selenium.support.ui.Select.&lt;init&gt;(Select.java:44)
	at webpages.UserTimezonePage.add_timezone(UserTimezonePage.java:41)
	at testcases.UserTimezonePage_Test.add_timezone(UserTimezonePage_Test.java:45)
</failure>
    <system-out>Trying to find Element By : By.xpath: //select[@ng-model=&apos;tzone.timezone&apos;]
Exception occured: org.openqa.selenium.NoSuchElementException: no such element: Unable to locate element: {&quot;method&quot;:&quot;xpath&quot;,&quot;selector&quot;:&quot;//select[@ng-model=&apos;tzone.timezone&apos;]&quot;}
  (Session info: chrome=84.0.4147.125)
For documentation on this error, please visit: http://seleniumhq.org/exceptions/no_such_element.html
Build info: version: &apos;3.141.5&apos;, revision: &apos;d54ebd709a&apos;, time: &apos;2018-11-06T11:42:16&apos;
System info: host: &apos;DESKTOP-4C220HH&apos;, ip: &apos;192.168.29.189&apos;, os.name: &apos;Windows 10&apos;, os.arch: &apos;amd64&apos;, os.version: &apos;10.0&apos;, java.version: &apos;1.8.0_251&apos;
Driver info: org.openqa.selenium.chrome.ChromeDriver
Capabilities {acceptInsecureCerts: false, browserName: chrome, browserVersion: 84.0.4147.125, chrome: {chromedriverVersion: 83.0.4103.14 (be04594a2b841..., userDataDir: C:\Users\Surendra\AppData\L...}, goog:chromeOptions: {debuggerAddress: localhost:54531}, javascriptEnabled: true, networkConnectionEnabled: false, pageLoadStrategy: normal, platform: WINDOWS, platformName: WINDOWS, proxy: Proxy(), setWindowRect: true, strictFileInteractability: false, timeouts: {implicit: 0, pageLoad: 300000, script: 30000}, unhandledPromptBehavior: dismiss and notify, webauthn:virtualAuthenticators: true}
Session ID: 0c5e63659d5bbc5c8a46fe7be651ff94
*** Element info: {Using=xpath, value=//select[@ng-model=&apos;tzone.timezone&apos;]}
</system-out>
  </testcase>
  <testcase classname="testcases.UserTimezonePage_Test" name="edit_timezone" time="22.039">
    <failure type="java.lang.NullPointerException">java.lang.NullPointerException
	at reusefunctions.ReuseFunctions.takeScreenshotAtEndOfTest(ReuseFunctions.java:57)
	at webeventlistner.WebEventListener.onException(WebEventListener.java:63)
	at sun.reflect.GeneratedMethodAccessor19.invoke(Unknown Source)
	at sun.reflect.DelegatingMethodAccessorImpl.invoke(Unknown Source)
	at java.lang.reflect.Method.invoke(Unknown Source)
	at org.openqa.selenium.support.events.EventFiringWebDriver.lambda$new$0(EventFiringWebDriver.java:84)
	at com.sun.proxy.$Proxy9.onException(Unknown Source)
	at org.openqa.selenium.support.events.EventFiringWebDriver.lambda$new$1(EventFiringWebDriver.java:107)
	at com.sun.proxy.$Proxy10.findElement(Unknown Source)
	at org.openqa.selenium.support.events.EventFiringWebDriver.findElement(EventFiringWebDriver.java:194)
	at org.openqa.selenium.support.pagefactory.DefaultElementLocator.findElement(DefaultElementLocator.java:69)
	at org.openqa.selenium.support.pagefactory.internal.LocatingElementHandler.invoke(LocatingElementHandler.java:38)
	at com.sun.proxy.$Proxy14.getTagName(Unknown Source)
	at org.openqa.selenium.support.ui.Select.&lt;init&gt;(Select.java:44)
	at webpages.UserTimezonePage.add_timezone(UserTimezonePage.java:41)
	at testcases.UserTimezonePage_Test.edit_timezone(UserTimezonePage_Test.java:53)
</failure>
    <system-out>Trying to find Element By : By.xpath: //select[@ng-model=&apos;tzone.timezone&apos;]
Exception occured: org.openqa.selenium.NoSuchElementException: no such element: Unable to locate element: {&quot;method&quot;:&quot;xpath&quot;,&quot;selector&quot;:&quot;//select[@ng-model=&apos;tzone.timezone&apos;]&quot;}
  (Session info: chrome=84.0.4147.125)
For documentation on this error, please visit: http://seleniumhq.org/exceptions/no_such_element.html
Build info: version: &apos;3.141.5&apos;, revision: &apos;d54ebd709a&apos;, time: &apos;2018-11-06T11:42:16&apos;
System info: host: &apos;DESKTOP-4C220HH&apos;, ip: &apos;192.168.29.189&apos;, os.name: &apos;Windows 10&apos;, os.arch: &apos;amd64&apos;, os.version: &apos;10.0&apos;, java.version: &apos;1.8.0_251&apos;
Driver info: org.openqa.selenium.chrome.ChromeDriver
Capabilities {acceptInsecureCerts: false, browserName: chrome, browserVersion: 84.0.4147.125, chrome: {chromedriverVersion: 83.0.4103.14 (be04594a2b841..., userDataDir: C:\Users\Surendra\AppData\L...}, goog:chromeOptions: {debuggerAddress: localhost:54531}, javascriptEnabled: true, networkConnectionEnabled: false, pageLoadStrategy: normal, platform: WINDOWS, platformName: WINDOWS, proxy: Proxy(), setWindowRect: true, strictFileInteractability: false, timeouts: {implicit: 0, pageLoad: 300000, script: 30000}, unhandledPromptBehavior: dismiss and notify, webauthn:virtualAuthenticators: true}
Session ID: 0c5e63659d5bbc5c8a46fe7be651ff94
*** Element info: {Using=xpath, value=//select[@ng-model=&apos;tzone.timezone&apos;]}
</system-out>
  </testcase>
  <testcase classname="testcases.SystemRecordingPage_Test" name="withoutselectradiodelete" time="5.016">
    <failure type="java.lang.NullPointerException">java.lang.NullPointerException
	at reusefunctions.ReuseFunctions.takeScreenshotAtEndOfTest(ReuseFunctions.java:57)
	at webeventlistner.WebEventListener.onException(WebEventListener.java:63)
	at sun.reflect.GeneratedMethodAccessor19.invoke(Unknown Source)
	at sun.reflect.DelegatingMethodAccessorImpl.invoke(Unknown Source)
	at java.lang.reflect.Method.invoke(Unknown Source)
	at org.openqa.selenium.support.events.EventFiringWebDriver.lambda$new$0(EventFiringWebDriver.java:84)
	at com.sun.proxy.$Proxy9.onException(Unknown Source)
	at org.openqa.selenium.support.events.EventFiringWebDriver.lambda$new$1(EventFiringWebDriver.java:107)
	at com.sun.proxy.$Proxy10.findElement(Unknown Source)
	at org.openqa.selenium.support.events.EventFiringWebDriver.findElement(EventFiringWebDriver.java:194)
	at org.openqa.selenium.support.pagefactory.DefaultElementLocator.findElement(DefaultElementLocator.java:69)
	at org.openqa.selenium.support.pagefactory.internal.LocatingElementHandler.invoke(LocatingElementHandler.java:38)
	at com.sun.proxy.$Proxy14.click(Unknown Source)
	at webpages.SystemRecordingPage.withoutselectradiodelete(SystemRecordingPage.java:133)
	at testcases.SystemRecordingPage_Test.withoutselectradiodelete(SystemRecordingPage_Test.java:82)
</failure>
    <system-out>Trying to find Element By : By.xpath: //button[@data-toggle=&apos;dropdown&apos;][contains(.,&apos;Action&apos;)]
Exception occured: org.openqa.selenium.NoSuchSessionException: invalid session id
Build info: version: &apos;3.141.5&apos;, revision: &apos;d54ebd709a&apos;, time: &apos;2018-11-06T11:42:16&apos;
System info: host: &apos;DESKTOP-4C220HH&apos;, ip: &apos;192.168.29.189&apos;, os.name: &apos;Windows 10&apos;, os.arch: &apos;amd64&apos;, os.version: &apos;10.0&apos;, java.version: &apos;1.8.0_251&apos;
Driver info: org.openqa.selenium.chrome.ChromeDriver
Capabilities {acceptInsecureCerts: false, browserName: chrome, browserVersion: 84.0.4147.125, chrome: {chromedriverVersion: 83.0.4103.14 (be04594a2b841..., userDataDir: C:\Users\Surendra\AppData\L...}, goog:chromeOptions: {debuggerAddress: localhost:53426}, javascriptEnabled: true, networkConnectionEnabled: false, pageLoadStrategy: normal, platform: WINDOWS, platformName: WINDOWS, proxy: Proxy(), setWindowRect: true, strictFileInteractability: false, timeouts: {implicit: 0, pageLoad: 300000, script: 30000}, unhandledPromptBehavior: dismiss and notify, webauthn:virtualAuthenticators: true}
Session ID: 9d4596cc124385eb33e49db495927085
*** Element info: {Using=xpath, value=//button[@data-toggle=&apos;dropdown&apos;][contains(.,&apos;Action&apos;)]}
</system-out>
  </testcase>
  <testcase classname="testcases.SystemRecordingPage_Test" name="teardown" time="5.026">
    <failure type="java.lang.NullPointerException">java.lang.NullPointerException
	at reusefunctions.ReuseFunctions.takeScreenshotAtEndOfTest(ReuseFunctions.java:57)
	at webeventlistner.WebEventListener.onException(WebEventListener.java:63)
	at sun.reflect.GeneratedMethodAccessor19.invoke(Unknown Source)
	at sun.reflect.DelegatingMethodAccessorImpl.invoke(Unknown Source)
	at java.lang.reflect.Method.invoke(Unknown Source)
	at org.openqa.selenium.support.events.EventFiringWebDriver.lambda$new$0(EventFiringWebDriver.java:84)
	at com.sun.proxy.$Proxy9.onException(Unknown Source)
	at org.openqa.selenium.support.events.EventFiringWebDriver.lambda$new$1(EventFiringWebDriver.java:107)
	at com.sun.proxy.$Proxy10.close(Unknown Source)
	at org.openqa.selenium.support.events.EventFiringWebDriver.close(EventFiringWebDriver.java:206)
	at testcases.SystemRecordingPage_Test.teardown(SystemRecordingPage_Test.java:97)
</failure>
    <system-out>Exception occured: org.openqa.selenium.NoSuchSessionException: invalid session id
Build info: version: &apos;3.141.5&apos;, revision: &apos;d54ebd709a&apos;, time: &apos;2018-11-06T11:42:16&apos;
System info: host: &apos;DESKTOP-4C220HH&apos;, ip: &apos;192.168.29.189&apos;, os.name: &apos;Windows 10&apos;, os.arch: &apos;amd64&apos;, os.version: &apos;10.0&apos;, java.version: &apos;1.8.0_251&apos;
Driver info: org.openqa.selenium.chrome.ChromeDriver
Capabilities {acceptInsecureCerts: false, browserName: chrome, browserVersion: 84.0.4147.125, chrome: {chromedriverVersion: 83.0.4103.14 (be04594a2b841..., userDataDir: C:\Users\Surendra\AppData\L...}, goog:chromeOptions: {debuggerAddress: localhost:54531}, javascriptEnabled: true, networkConnectionEnabled: false, pageLoadStrategy: normal, platform: WINDOWS, platformName: WINDOWS, proxy: Proxy(), setWindowRect: true, strictFileInteractability: false, timeouts: {implicit: 0, pageLoad: 300000, script: 30000}, unhandledPromptBehavior: dismiss and notify, webauthn:virtualAuthenticators: true}
Session ID: 0c5e63659d5bbc5c8a46fe7be651ff94
</system-out>
  </testcase>
  <testcase classname="testcases.SystemRecordingPjsipPage_Test" name="systemrecord_validation" time="8.391"/>
  <testcase classname="testcases.SystemRecordingPjsipPage_Test" name="add_systemrecord" time="9.096"/>
  <testcase classname="testcases.SystemRecordingPjsipPage_Test" name="edit_systemrecord" time="7.965"/>
  <testcase classname="testcases.SystemRecordingPjsipPage_Test" name="delete_systemrecord" time="8.361"/>
  <testcase classname="testcases.SystemRecordingPjsipPage_Test" name="withoutselectradioedit" time="5.181"/>
  <testcase classname="testcases.SystemRecordingPjsipPage_Test" name="withoutselectradiodelete" time="7.228"/>
  <testcase classname="testcases.TimeConditionsPage_Test" name="timecondition_validation" time="7.009"/>
  <testcase classname="testcases.TimeConditionsPage_Test" name="add_timecondition" time="2.677"/>
  <testcase classname="testcases.TimeConditionsPage_Test" name="edit_timecondition" time="11.564"/>
  <testcase classname="testcases.TimeConditionsPage_Test" name="delete_timecondition" time="7.374"/>
  <testcase classname="testcases.TimeGroupsPage_Test" name="timegroup_validation" time="6.521"/>
  <testcase classname="testcases.TimeGroupsPage_Test" name="add_timegroup" time="24.549"/>
  <testcase classname="testcases.TimeGroupsPage_Test" name="add1_timegroup" time="72.476">
    <failure type="java.lang.NullPointerException">java.lang.NullPointerException
	at reusefunctions.ReuseFunctions.takeScreenshotAtEndOfTest(ReuseFunctions.java:57)
	at webeventlistner.WebEventListener.onException(WebEventListener.java:63)
	at sun.reflect.GeneratedMethodAccessor19.invoke(Unknown Source)
	at sun.reflect.DelegatingMethodAccessorImpl.invoke(Unknown Source)
	at java.lang.reflect.Method.invoke(Unknown Source)
	at org.openqa.selenium.support.events.EventFiringWebDriver.lambda$new$0(EventFiringWebDriver.java:84)
	at com.sun.proxy.$Proxy9.onException(Unknown Source)
	at org.openqa.selenium.support.events.EventFiringWebDriver.lambda$new$1(EventFiringWebDriver.java:107)
	at com.sun.proxy.$Proxy10.findElement(Unknown Source)
	at org.openqa.selenium.support.events.EventFiringWebDriver.findElement(EventFiringWebDriver.java:194)
	at org.openqa.selenium.support.pagefactory.DefaultElementLocator.findElement(DefaultElementLocator.java:69)
	at org.openqa.selenium.support.pagefactory.internal.LocatingElementHandler.invoke(LocatingElementHandler.java:38)
	at com.sun.proxy.$Proxy14.getText(Unknown Source)
	at webpages.TimeGroupsPage.add1_timegroup(TimeGroupsPage.java:271)
	at testcases.TimeGroupsPage_Test.add1_timegroup(TimeGroupsPage_Test.java:57)
</failure>
    <system-out>Trying to find Element By : By.xpath: //button[@data-toggle=&apos;dropdown&apos;][contains(.,&apos;Action&apos;)]
Found Element By : By.xpath: //button[@data-toggle=&apos;dropdown&apos;][contains(.,&apos;Action&apos;)]
Trying to click on: [[ChromeDriver: chrome on WINDOWS (5d56a49c677f8038c3ff1b2745cf8b27)] -&gt; xpath: //button[@data-toggle=&apos;dropdown&apos;][contains(.,&apos;Action&apos;)]]
Clicked on: [[ChromeDriver: chrome on WINDOWS (5d56a49c677f8038c3ff1b2745cf8b27)] -&gt; xpath: //button[@data-toggle=&apos;dropdown&apos;][contains(.,&apos;Action&apos;)]]
Trying to find Element By : By.xpath: //a[@ng-click=&apos;addTimegrp();&apos;][contains(.,&apos;Add&apos;)]
Found Element By : By.xpath: //a[@ng-click=&apos;addTimegrp();&apos;][contains(.,&apos;Add&apos;)]
Trying to click on: [[ChromeDriver: chrome on WINDOWS (5d56a49c677f8038c3ff1b2745cf8b27)] -&gt; xpath: //a[@ng-click=&apos;addTimegrp();&apos;][contains(.,&apos;Add&apos;)]]
Clicked on: [[ChromeDriver: chrome on WINDOWS (5d56a49c677f8038c3ff1b2745cf8b27)] -&gt; xpath: //a[@ng-click=&apos;addTimegrp();&apos;][contains(.,&apos;Add&apos;)]]
Trying to find Element By : By.xpath: //input[contains(@type,&apos;text&apos;)]
Found Element By : By.xpath: //input[contains(@type,&apos;text&apos;)]
Trying to find Element By : By.xpath: (//select[contains(@id,&apos;0&apos;)])[1]
Found Element By : By.xpath: (//select[contains(@id,&apos;0&apos;)])[1]
Trying to find Element By : By.xpath: (//select[contains(@id,&apos;0&apos;)])[1]
Found Element By : By.xpath: (//select[contains(@id,&apos;0&apos;)])[1]
Trying to find Element By : By.xpath: (//select[contains(@id,&apos;0&apos;)])[1]
Found Element By : By.xpath: (//select[contains(@id,&apos;0&apos;)])[1]
Trying to find Element By : By.xpath: .//option[normalize-space(.) = &quot;02&quot;]
Found Element By : By.xpath: .//option[normalize-space(.) = &quot;02&quot;]
Trying to click on: [[[[ChromeDriver: chrome on WINDOWS (5d56a49c677f8038c3ff1b2745cf8b27)] -&gt; xpath: (//select[contains(@id,&apos;0&apos;)])[1]]] -&gt; xpath: .//option[normalize-space(.) = &quot;02&quot;]]
Clicked on: [[[[ChromeDriver: chrome on WINDOWS (5d56a49c677f8038c3ff1b2745cf8b27)] -&gt; xpath: (//select[contains(@id,&apos;0&apos;)])[1]]] -&gt; xpath: .//option[normalize-space(.) = &quot;02&quot;]]
Trying to find Element By : By.xpath: (//select[contains(@id,&apos;0&apos;)])[2]
Found Element By : By.xpath: (//select[contains(@id,&apos;0&apos;)])[2]
Trying to find Element By : By.xpath: (//select[contains(@id,&apos;0&apos;)])[2]
Found Element By : By.xpath: (//select[contains(@id,&apos;0&apos;)])[2]
Trying to find Element By : By.xpath: (//select[contains(@id,&apos;0&apos;)])[2]
Found Element By : By.xpath: (//select[contains(@id,&apos;0&apos;)])[2]
Trying to find Element By : By.xpath: .//option[normalize-space(.) = &quot;02&quot;]
Found Element By : By.xpath: .//option[normalize-space(.) = &quot;02&quot;]
Trying to click on: [[[[ChromeDriver: chrome on WINDOWS (5d56a49c677f8038c3ff1b2745cf8b27)] -&gt; xpath: (//select[contains(@id,&apos;0&apos;)])[2]]] -&gt; xpath: .//option[normalize-space(.) = &quot;02&quot;]]
Clicked on: [[[[ChromeDriver: chrome on WINDOWS (5d56a49c677f8038c3ff1b2745cf8b27)] -&gt; xpath: (//select[contains(@id,&apos;0&apos;)])[2]]] -&gt; xpath: .//option[normalize-space(.) = &quot;02&quot;]]
Trying to find Element By : By.xpath: (//select[contains(@id,&apos;0&apos;)])[3]
Found Element By : By.xpath: (//select[contains(@id,&apos;0&apos;)])[3]
Trying to find Element By : By.xpath: (//select[contains(@id,&apos;0&apos;)])[3]
Found Element By : By.xpath: (//select[contains(@id,&apos;0&apos;)])[3]
Trying to find Element By : By.xpath: (//select[contains(@id,&apos;0&apos;)])[3]
Found Element By : By.xpath: (//select[contains(@id,&apos;0&apos;)])[3]
Trying to find Element By : By.xpath: .//option[normalize-space(.) = &quot;04&quot;]
Found Element By : By.xpath: .//option[normalize-space(.) = &quot;04&quot;]
Trying to click on: [[[[ChromeDriver: chrome on WINDOWS (5d56a49c677f8038c3ff1b2745cf8b27)] -&gt; xpath: (//select[contains(@id,&apos;0&apos;)])[3]]] -&gt; xpath: .//option[normalize-space(.) = &quot;04&quot;]]
Clicked on: [[[[ChromeDriver: chrome on WINDOWS (5d56a49c677f8038c3ff1b2745cf8b27)] -&gt; xpath: (//select[contains(@id,&apos;0&apos;)])[3]]] -&gt; xpath: .//option[normalize-space(.) = &quot;04&quot;]]
Trying to find Element By : By.xpath: (//select[contains(@id,&apos;0&apos;)])[4]
Found Element By : By.xpath: (//select[contains(@id,&apos;0&apos;)])[4]
Trying to find Element By : By.xpath: (//select[contains(@id,&apos;0&apos;)])[4]
Found Element By : By.xpath: (//select[contains(@id,&apos;0&apos;)])[4]
Trying to find Element By : By.xpath: (//select[contains(@id,&apos;0&apos;)])[4]
Found Element By : By.xpath: (//select[contains(@id,&apos;0&apos;)])[4]
Trying to find Element By : By.xpath: .//option[normalize-space(.) = &quot;04&quot;]
Found Element By : By.xpath: .//option[normalize-space(.) = &quot;04&quot;]
Trying to click on: [[[[ChromeDriver: chrome on WINDOWS (5d56a49c677f8038c3ff1b2745cf8b27)] -&gt; xpath: (//select[contains(@id,&apos;0&apos;)])[4]]] -&gt; xpath: .//option[normalize-space(.) = &quot;04&quot;]]
Clicked on: [[[[ChromeDriver: chrome on WINDOWS (5d56a49c677f8038c3ff1b2745cf8b27)] -&gt; xpath: (//select[contains(@id,&apos;0&apos;)])[4]]] -&gt; xpath: .//option[normalize-space(.) = &quot;04&quot;]]
Trying to find Element By : By.xpath: //select[contains(@name,&apos;wds_0&apos;)]
Found Element By : By.xpath: //select[contains(@name,&apos;wds_0&apos;)]
Trying to find Element By : By.xpath: //select[contains(@name,&apos;wds_0&apos;)]
Found Element By : By.xpath: //select[contains(@name,&apos;wds_0&apos;)]
Trying to find Element By : By.xpath: //select[contains(@name,&apos;wds_0&apos;)]
Found Element By : By.xpath: //select[contains(@name,&apos;wds_0&apos;)]
Trying to find Element By : By.xpath: .//option[normalize-space(.) = &quot;Monday&quot;]
Found Element By : By.xpath: .//option[normalize-space(.) = &quot;Monday&quot;]
Trying to click on: [[[[ChromeDriver: chrome on WINDOWS (5d56a49c677f8038c3ff1b2745cf8b27)] -&gt; xpath: //select[contains(@name,&apos;wds_0&apos;)]]] -&gt; xpath: .//option[normalize-space(.) = &quot;Monday&quot;]]
Clicked on: [[[[ChromeDriver: chrome on WINDOWS (5d56a49c677f8038c3ff1b2745cf8b27)] -&gt; xpath: //select[contains(@name,&apos;wds_0&apos;)]]] -&gt; xpath: .//option[normalize-space(.) = &quot;Monday&quot;]]
Trying to find Element By : By.xpath: (//select[contains(@id,&apos;0&apos;)])[6]
Found Element By : By.xpath: (//select[contains(@id,&apos;0&apos;)])[6]
Trying to find Element By : By.xpath: (//select[contains(@id,&apos;0&apos;)])[6]
Found Element By : By.xpath: (//select[contains(@id,&apos;0&apos;)])[6]
Trying to find Element By : By.xpath: (//select[contains(@id,&apos;0&apos;)])[6]
Found Element By : By.xpath: (//select[contains(@id,&apos;0&apos;)])[6]
Trying to find Element By : By.xpath: .//option[normalize-space(.) = &quot;Saturday&quot;]
Found Element By : By.xpath: .//option[normalize-space(.) = &quot;Saturday&quot;]
Trying to click on: [[[[ChromeDriver: chrome on WINDOWS (5d56a49c677f8038c3ff1b2745cf8b27)] -&gt; xpath: (//select[contains(@id,&apos;0&apos;)])[6]]] -&gt; xpath: .//option[normalize-space(.) = &quot;Saturday&quot;]]
Clicked on: [[[[ChromeDriver: chrome on WINDOWS (5d56a49c677f8038c3ff1b2745cf8b27)] -&gt; xpath: (//select[contains(@id,&apos;0&apos;)])[6]]] -&gt; xpath: .//option[normalize-space(.) = &quot;Saturday&quot;]]
Trying to find Element By : By.xpath: (//select[contains(@id,&apos;0&apos;)])[7]
Found Element By : By.xpath: (//select[contains(@id,&apos;0&apos;)])[7]
Trying to find Element By : By.xpath: (//select[contains(@id,&apos;0&apos;)])[7]
Found Element By : By.xpath: (//select[contains(@id,&apos;0&apos;)])[7]
Trying to find Element By : By.xpath: (//select[contains(@id,&apos;0&apos;)])[7]
Found Element By : By.xpath: (//select[contains(@id,&apos;0&apos;)])[7]
Trying to find Element By : By.xpath: .//option[normalize-space(.) = &quot;2&quot;]
Found Element By : By.xpath: .//option[normalize-space(.) = &quot;2&quot;]
Trying to click on: [[[[ChromeDriver: chrome on WINDOWS (5d56a49c677f8038c3ff1b2745cf8b27)] -&gt; xpath: (//select[contains(@id,&apos;0&apos;)])[7]]] -&gt; xpath: .//option[normalize-space(.) = &quot;2&quot;]]
Clicked on: [[[[ChromeDriver: chrome on WINDOWS (5d56a49c677f8038c3ff1b2745cf8b27)] -&gt; xpath: (//select[contains(@id,&apos;0&apos;)])[7]]] -&gt; xpath: .//option[normalize-space(.) = &quot;2&quot;]]
Trying to find Element By : By.xpath: (//select[contains(@id,&apos;0&apos;)])[8]
Found Element By : By.xpath: (//select[contains(@id,&apos;0&apos;)])[8]
Trying to find Element By : By.xpath: (//select[contains(@id,&apos;0&apos;)])[8]
Found Element By : By.xpath: (//select[contains(@id,&apos;0&apos;)])[8]
Trying to find Element By : By.xpath: (//select[contains(@id,&apos;0&apos;)])[8]
Found Element By : By.xpath: (//select[contains(@id,&apos;0&apos;)])[8]
Trying to find Element By : By.xpath: .//option[normalize-space(.) = &quot;30&quot;]
Found Element By : By.xpath: .//option[normalize-space(.) = &quot;30&quot;]
Trying to click on: [[[[ChromeDriver: chrome on WINDOWS (5d56a49c677f8038c3ff1b2745cf8b27)] -&gt; xpath: (//select[contains(@id,&apos;0&apos;)])[8]]] -&gt; xpath: .//option[normalize-space(.) = &quot;30&quot;]]
Clicked on: [[[[ChromeDriver: chrome on WINDOWS (5d56a49c677f8038c3ff1b2745cf8b27)] -&gt; xpath: (//select[contains(@id,&apos;0&apos;)])[8]]] -&gt; xpath: .//option[normalize-space(.) = &quot;30&quot;]]
Trying to find Element By : By.xpath: (//select[contains(@id,&apos;0&apos;)])[9]
Found Element By : By.xpath: (//select[contains(@id,&apos;0&apos;)])[9]
Trying to find Element By : By.xpath: (//select[contains(@id,&apos;0&apos;)])[9]
Found Element By : By.xpath: (//select[contains(@id,&apos;0&apos;)])[9]
Trying to find Element By : By.xpath: (//select[contains(@id,&apos;0&apos;)])[9]
Found Element By : By.xpath: (//select[contains(@id,&apos;0&apos;)])[9]
Trying to find Element By : By.xpath: .//option[normalize-space(.) = &quot;January&quot;]
Found Element By : By.xpath: .//option[normalize-space(.) = &quot;January&quot;]
Trying to click on: [[[[ChromeDriver: chrome on WINDOWS (5d56a49c677f8038c3ff1b2745cf8b27)] -&gt; xpath: (//select[contains(@id,&apos;0&apos;)])[9]]] -&gt; xpath: .//option[normalize-space(.) = &quot;January&quot;]]
Clicked on: [[[[ChromeDriver: chrome on WINDOWS (5d56a49c677f8038c3ff1b2745cf8b27)] -&gt; xpath: (//select[contains(@id,&apos;0&apos;)])[9]]] -&gt; xpath: .//option[normalize-space(.) = &quot;January&quot;]]
Trying to find Element By : By.xpath: (//select[contains(@id,&apos;0&apos;)])[10]
Found Element By : By.xpath: (//select[contains(@id,&apos;0&apos;)])[10]
Trying to find Element By : By.xpath: (//select[contains(@id,&apos;0&apos;)])[10]
Found Element By : By.xpath: (//select[contains(@id,&apos;0&apos;)])[10]
Trying to find Element By : By.xpath: (//select[contains(@id,&apos;0&apos;)])[10]
Found Element By : By.xpath: (//select[contains(@id,&apos;0&apos;)])[10]
Trying to find Element By : By.xpath: .//option[normalize-space(.) = &quot;December&quot;]
Found Element By : By.xpath: .//option[normalize-space(.) = &quot;December&quot;]
Trying to click on: [[[[ChromeDriver: chrome on WINDOWS (5d56a49c677f8038c3ff1b2745cf8b27)] -&gt; xpath: (//select[contains(@id,&apos;0&apos;)])[10]]] -&gt; xpath: .//option[normalize-space(.) = &quot;December&quot;]]
Clicked on: [[[[ChromeDriver: chrome on WINDOWS (5d56a49c677f8038c3ff1b2745cf8b27)] -&gt; xpath: (//select[contains(@id,&apos;0&apos;)])[10]]] -&gt; xpath: .//option[normalize-space(.) = &quot;December&quot;]]
Trying to find Element By : By.xpath: (//button[contains(@type,&apos;button&apos;)])[3]
Found Element By : By.xpath: (//button[contains(@type,&apos;button&apos;)])[3]
Trying to click on: [[ChromeDriver: chrome on WINDOWS (5d56a49c677f8038c3ff1b2745cf8b27)] -&gt; xpath: (//button[contains(@type,&apos;button&apos;)])[3]]
Clicked on: [[ChromeDriver: chrome on WINDOWS (5d56a49c677f8038c3ff1b2745cf8b27)] -&gt; xpath: (//button[contains(@type,&apos;button&apos;)])[3]]
Trying to find Element By : By.xpath: (//select[contains(@id,&apos;1&apos;)])[1]
Found Element By : By.xpath: (//select[contains(@id,&apos;1&apos;)])[1]
Trying to find Element By : By.xpath: (//select[contains(@id,&apos;1&apos;)])[1]
Found Element By : By.xpath: (//select[contains(@id,&apos;1&apos;)])[1]
Trying to find Element By : By.xpath: (//select[contains(@id,&apos;1&apos;)])[1]
Found Element By : By.xpath: (//select[contains(@id,&apos;1&apos;)])[1]
Trying to find Element By : By.xpath: .//option[normalize-space(.) = &quot;02&quot;]
Found Element By : By.xpath: .//option[normalize-space(.) = &quot;02&quot;]
Trying to click on: [[[[ChromeDriver: chrome on WINDOWS (5d56a49c677f8038c3ff1b2745cf8b27)] -&gt; xpath: (//select[contains(@id,&apos;1&apos;)])[1]]] -&gt; xpath: .//option[normalize-space(.) = &quot;02&quot;]]
Clicked on: [[[[ChromeDriver: chrome on WINDOWS (5d56a49c677f8038c3ff1b2745cf8b27)] -&gt; xpath: (//select[contains(@id,&apos;1&apos;)])[1]]] -&gt; xpath: .//option[normalize-space(.) = &quot;02&quot;]]
Trying to find Element By : By.xpath: (//select[contains(@id,&apos;1&apos;)])[2]
Found Element By : By.xpath: (//select[contains(@id,&apos;1&apos;)])[2]
Trying to find Element By : By.xpath: (//select[contains(@id,&apos;1&apos;)])[2]
Found Element By : By.xpath: (//select[contains(@id,&apos;1&apos;)])[2]
Trying to find Element By : By.xpath: (//select[contains(@id,&apos;1&apos;)])[2]
Found Element By : By.xpath: (//select[contains(@id,&apos;1&apos;)])[2]
Trying to find Element By : By.xpath: .//option[normalize-space(.) = &quot;02&quot;]
Found Element By : By.xpath: .//option[normalize-space(.) = &quot;02&quot;]
Trying to click on: [[[[ChromeDriver: chrome on WINDOWS (5d56a49c677f8038c3ff1b2745cf8b27)] -&gt; xpath: (//select[contains(@id,&apos;1&apos;)])[2]]] -&gt; xpath: .//option[normalize-space(.) = &quot;02&quot;]]
Clicked on: [[[[ChromeDriver: chrome on WINDOWS (5d56a49c677f8038c3ff1b2745cf8b27)] -&gt; xpath: (//select[contains(@id,&apos;1&apos;)])[2]]] -&gt; xpath: .//option[normalize-space(.) = &quot;02&quot;]]
Trying to find Element By : By.xpath: (//select[contains(@id,&apos;1&apos;)])[3]
Found Element By : By.xpath: (//select[contains(@id,&apos;1&apos;)])[3]
Trying to find Element By : By.xpath: (//select[contains(@id,&apos;1&apos;)])[3]
Found Element By : By.xpath: (//select[contains(@id,&apos;1&apos;)])[3]
Trying to find Element By : By.xpath: (//select[contains(@id,&apos;1&apos;)])[3]
Found Element By : By.xpath: (//select[contains(@id,&apos;1&apos;)])[3]
Trying to find Element By : By.xpath: .//option[normalize-space(.) = &quot;04&quot;]
Found Element By : By.xpath: .//option[normalize-space(.) = &quot;04&quot;]
Trying to click on: [[[[ChromeDriver: chrome on WINDOWS (5d56a49c677f8038c3ff1b2745cf8b27)] -&gt; xpath: (//select[contains(@id,&apos;1&apos;)])[3]]] -&gt; xpath: .//option[normalize-space(.) = &quot;04&quot;]]
Clicked on: [[[[ChromeDriver: chrome on WINDOWS (5d56a49c677f8038c3ff1b2745cf8b27)] -&gt; xpath: (//select[contains(@id,&apos;1&apos;)])[3]]] -&gt; xpath: .//option[normalize-space(.) = &quot;04&quot;]]
Trying to find Element By : By.xpath: (//select[contains(@id,&apos;1&apos;)])[4]
Found Element By : By.xpath: (//select[contains(@id,&apos;1&apos;)])[4]
Trying to find Element By : By.xpath: (//select[contains(@id,&apos;1&apos;)])[4]
Found Element By : By.xpath: (//select[contains(@id,&apos;1&apos;)])[4]
Trying to find Element By : By.xpath: (//select[contains(@id,&apos;1&apos;)])[4]
Found Element By : By.xpath: (//select[contains(@id,&apos;1&apos;)])[4]
Trying to find Element By : By.xpath: .//option[normalize-space(.) = &quot;04&quot;]
Found Element By : By.xpath: .//option[normalize-space(.) = &quot;04&quot;]
Trying to click on: [[[[ChromeDriver: chrome on WINDOWS (5d56a49c677f8038c3ff1b2745cf8b27)] -&gt; xpath: (//select[contains(@id,&apos;1&apos;)])[4]]] -&gt; xpath: .//option[normalize-space(.) = &quot;04&quot;]]
Clicked on: [[[[ChromeDriver: chrome on WINDOWS (5d56a49c677f8038c3ff1b2745cf8b27)] -&gt; xpath: (//select[contains(@id,&apos;1&apos;)])[4]]] -&gt; xpath: .//option[normalize-space(.) = &quot;04&quot;]]
Trying to find Element By : By.xpath: (//select[contains(@id,&apos;1&apos;)])[5]
Found Element By : By.xpath: (//select[contains(@id,&apos;1&apos;)])[5]
Trying to find Element By : By.xpath: (//select[contains(@id,&apos;1&apos;)])[5]
Found Element By : By.xpath: (//select[contains(@id,&apos;1&apos;)])[5]
Trying to find Element By : By.xpath: (//select[contains(@id,&apos;1&apos;)])[5]
Found Element By : By.xpath: (//select[contains(@id,&apos;1&apos;)])[5]
Trying to find Element By : By.xpath: .//option[normalize-space(.) = &quot;Monday&quot;]
Found Element By : By.xpath: .//option[normalize-space(.) = &quot;Monday&quot;]
Trying to click on: [[[[ChromeDriver: chrome on WINDOWS (5d56a49c677f8038c3ff1b2745cf8b27)] -&gt; xpath: (//select[contains(@id,&apos;1&apos;)])[5]]] -&gt; xpath: .//option[normalize-space(.) = &quot;Monday&quot;]]
Clicked on: [[[[ChromeDriver: chrome on WINDOWS (5d56a49c677f8038c3ff1b2745cf8b27)] -&gt; xpath: (//select[contains(@id,&apos;1&apos;)])[5]]] -&gt; xpath: .//option[normalize-space(.) = &quot;Monday&quot;]]
Trying to find Element By : By.xpath: (//select[contains(@id,&apos;1&apos;)])[6]
Found Element By : By.xpath: (//select[contains(@id,&apos;1&apos;)])[6]
Trying to find Element By : By.xpath: (//select[contains(@id,&apos;1&apos;)])[6]
Found Element By : By.xpath: (//select[contains(@id,&apos;1&apos;)])[6]
Trying to find Element By : By.xpath: (//select[contains(@id,&apos;1&apos;)])[6]
Found Element By : By.xpath: (//select[contains(@id,&apos;1&apos;)])[6]
Trying to find Element By : By.xpath: .//option[normalize-space(.) = &quot;Saturday&quot;]
Found Element By : By.xpath: .//option[normalize-space(.) = &quot;Saturday&quot;]
Trying to click on: [[[[ChromeDriver: chrome on WINDOWS (5d56a49c677f8038c3ff1b2745cf8b27)] -&gt; xpath: (//select[contains(@id,&apos;1&apos;)])[6]]] -&gt; xpath: .//option[normalize-space(.) = &quot;Saturday&quot;]]
Clicked on: [[[[ChromeDriver: chrome on WINDOWS (5d56a49c677f8038c3ff1b2745cf8b27)] -&gt; xpath: (//select[contains(@id,&apos;1&apos;)])[6]]] -&gt; xpath: .//option[normalize-space(.) = &quot;Saturday&quot;]]
Trying to find Element By : By.xpath: (//select[contains(@id,&apos;1&apos;)])[7]
Found Element By : By.xpath: (//select[contains(@id,&apos;1&apos;)])[7]
Trying to find Element By : By.xpath: (//select[contains(@id,&apos;1&apos;)])[7]
Found Element By : By.xpath: (//select[contains(@id,&apos;1&apos;)])[7]
Trying to find Element By : By.xpath: (//select[contains(@id,&apos;1&apos;)])[7]
Found Element By : By.xpath: (//select[contains(@id,&apos;1&apos;)])[7]
Trying to find Element By : By.xpath: .//option[normalize-space(.) = &quot;2&quot;]
Found Element By : By.xpath: .//option[normalize-space(.) = &quot;2&quot;]
Trying to click on: [[[[ChromeDriver: chrome on WINDOWS (5d56a49c677f8038c3ff1b2745cf8b27)] -&gt; xpath: (//select[contains(@id,&apos;1&apos;)])[7]]] -&gt; xpath: .//option[normalize-space(.) = &quot;2&quot;]]
Clicked on: [[[[ChromeDriver: chrome on WINDOWS (5d56a49c677f8038c3ff1b2745cf8b27)] -&gt; xpath: (//select[contains(@id,&apos;1&apos;)])[7]]] -&gt; xpath: .//option[normalize-space(.) = &quot;2&quot;]]
Trying to find Element By : By.xpath: (//select[contains(@id,&apos;1&apos;)])[8]
Found Element By : By.xpath: (//select[contains(@id,&apos;1&apos;)])[8]
Trying to find Element By : By.xpath: (//select[contains(@id,&apos;1&apos;)])[8]
Found Element By : By.xpath: (//select[contains(@id,&apos;1&apos;)])[8]
Trying to find Element By : By.xpath: (//select[contains(@id,&apos;1&apos;)])[8]
Found Element By : By.xpath: (//select[contains(@id,&apos;1&apos;)])[8]
Trying to find Element By : By.xpath: .//option[normalize-space(.) = &quot;30&quot;]
Found Element By : By.xpath: .//option[normalize-space(.) = &quot;30&quot;]
Trying to click on: [[[[ChromeDriver: chrome on WINDOWS (5d56a49c677f8038c3ff1b2745cf8b27)] -&gt; xpath: (//select[contains(@id,&apos;1&apos;)])[8]]] -&gt; xpath: .//option[normalize-space(.) = &quot;30&quot;]]
Clicked on: [[[[ChromeDriver: chrome on WINDOWS (5d56a49c677f8038c3ff1b2745cf8b27)] -&gt; xpath: (//select[contains(@id,&apos;1&apos;)])[8]]] -&gt; xpath: .//option[normalize-space(.) = &quot;30&quot;]]
Trying to find Element By : By.xpath: (//select[contains(@id,&apos;1&apos;)])[9]
Found Element By : By.xpath: (//select[contains(@id,&apos;1&apos;)])[9]
Trying to find Element By : By.xpath: (//select[contains(@id,&apos;1&apos;)])[9]
Found Element By : By.xpath: (//select[contains(@id,&apos;1&apos;)])[9]
Trying to find Element By : By.xpath: (//select[contains(@id,&apos;1&apos;)])[9]
Found Element By : By.xpath: (//select[contains(@id,&apos;1&apos;)])[9]
Trying to find Element By : By.xpath: .//option[normalize-space(.) = &quot;January&quot;]
Found Element By : By.xpath: .//option[normalize-space(.) = &quot;January&quot;]
Trying to click on: [[[[ChromeDriver: chrome on WINDOWS (5d56a49c677f8038c3ff1b2745cf8b27)] -&gt; xpath: (//select[contains(@id,&apos;1&apos;)])[9]]] -&gt; xpath: .//option[normalize-space(.) = &quot;January&quot;]]
Clicked on: [[[[ChromeDriver: chrome on WINDOWS (5d56a49c677f8038c3ff1b2745cf8b27)] -&gt; xpath: (//select[contains(@id,&apos;1&apos;)])[9]]] -&gt; xpath: .//option[normalize-space(.) = &quot;January&quot;]]
Trying to find Element By : By.xpath: (//select[contains(@id,&apos;1&apos;)])[10]
Found Element By : By.xpath: (//select[contains(@id,&apos;1&apos;)])[10]
Trying to find Element By : By.xpath: (//select[contains(@id,&apos;1&apos;)])[10]
Found Element By : By.xpath: (//select[contains(@id,&apos;1&apos;)])[10]
Trying to find Element By : By.xpath: (//select[contains(@id,&apos;1&apos;)])[10]
Found Element By : By.xpath: (//select[contains(@id,&apos;1&apos;)])[10]
Trying to find Element By : By.xpath: .//option[normalize-space(.) = &quot;December&quot;]
Found Element By : By.xpath: .//option[normalize-space(.) = &quot;December&quot;]
Trying to click on: [[[[ChromeDriver: chrome on WINDOWS (5d56a49c677f8038c3ff1b2745cf8b27)] -&gt; xpath: (//select[contains(@id,&apos;1&apos;)])[10]]] -&gt; xpath: .//option[normalize-space(.) = &quot;December&quot;]]
Clicked on: [[[[ChromeDriver: chrome on WINDOWS (5d56a49c677f8038c3ff1b2745cf8b27)] -&gt; xpath: (//select[contains(@id,&apos;1&apos;)])[10]]] -&gt; xpath: .//option[normalize-space(.) = &quot;December&quot;]]
Trying to find Element By : By.xpath: //button[@type=&apos;submit&apos;][contains(.,&apos;Submit&apos;)]
Found Element By : By.xpath: //button[@type=&apos;submit&apos;][contains(.,&apos;Submit&apos;)]
Trying to click on: [[ChromeDriver: chrome on WINDOWS (5d56a49c677f8038c3ff1b2745cf8b27)] -&gt; xpath: //button[@type=&apos;submit&apos;][contains(.,&apos;Submit&apos;)]]
Clicked on: [[ChromeDriver: chrome on WINDOWS (5d56a49c677f8038c3ff1b2745cf8b27)] -&gt; xpath: //button[@type=&apos;submit&apos;][contains(.,&apos;Submit&apos;)]]
Trying to find Element By : By.xpath: //h4[@class=&apos;ng-binding&apos;][contains(.,&apos;Time Group Created successfully&apos;)]
Exception occured: org.openqa.selenium.NoSuchElementException: no such element: Unable to locate element: {&quot;method&quot;:&quot;xpath&quot;,&quot;selector&quot;:&quot;//h4[@class=&apos;ng-binding&apos;][contains(.,&apos;Time Group Created successfully&apos;)]&quot;}
  (Session info: chrome=84.0.4147.125)
For documentation on this error, please visit: http://seleniumhq.org/exceptions/no_such_element.html
Build info: version: &apos;3.141.5&apos;, revision: &apos;d54ebd709a&apos;, time: &apos;2018-11-06T11:42:16&apos;
System info: host: &apos;DESKTOP-4C220HH&apos;, ip: &apos;192.168.29.189&apos;, os.name: &apos;Windows 10&apos;, os.arch: &apos;amd64&apos;, os.version: &apos;10.0&apos;, java.version: &apos;1.8.0_251&apos;
Driver info: org.openqa.selenium.chrome.ChromeDriver
Capabilities {acceptInsecureCerts: false, browserName: chrome, browserVersion: 84.0.4147.125, chrome: {chromedriverVersion: 83.0.4103.14 (be04594a2b841..., userDataDir: C:\Users\Surendra\AppData\L...}, goog:chromeOptions: {debuggerAddress: localhost:54827}, javascriptEnabled: true, networkConnectionEnabled: false, pageLoadStrategy: normal, platform: WINDOWS, platformName: WINDOWS, proxy: Proxy(), setWindowRect: true, strictFileInteractability: false, timeouts: {implicit: 0, pageLoad: 300000, script: 30000}, unhandledPromptBehavior: dismiss and notify, webauthn:virtualAuthenticators: true}
Session ID: 5d56a49c677f8038c3ff1b2745cf8b27
*** Element info: {Using=xpath, value=//h4[@class=&apos;ng-binding&apos;][contains(.,&apos;Time Group Created successfully&apos;)]}
</system-out>
  </testcase>
  <testcase classname="testcases.TimeGroupsPage_Test" name="edit_timegroup" time="25.088">
    <failure type="java.lang.NullPointerException">java.lang.NullPointerException
	at reusefunctions.ReuseFunctions.takeScreenshotAtEndOfTest(ReuseFunctions.java:57)
	at webeventlistner.WebEventListener.onException(WebEventListener.java:63)
	at sun.reflect.GeneratedMethodAccessor19.invoke(Unknown Source)
	at sun.reflect.DelegatingMethodAccessorImpl.invoke(Unknown Source)
	at java.lang.reflect.Method.invoke(Unknown Source)
	at org.openqa.selenium.support.events.EventFiringWebDriver.lambda$new$0(EventFiringWebDriver.java:84)
	at com.sun.proxy.$Proxy9.onException(Unknown Source)
	at org.openqa.selenium.support.events.EventFiringWebDriver$EventFiringWebElement.lambda$new$0(EventFiringWebDriver.java:406)
	at com.sun.proxy.$Proxy15.click(Unknown Source)
	at org.openqa.selenium.support.events.EventFiringWebDriver$EventFiringWebElement.click(EventFiringWebDriver.java:417)
	at sun.reflect.GeneratedMethodAccessor9.invoke(Unknown Source)
	at sun.reflect.DelegatingMethodAccessorImpl.invoke(Unknown Source)
	at java.lang.reflect.Method.invoke(Unknown Source)
	at org.openqa.selenium.support.pagefactory.internal.LocatingElementHandler.invoke(LocatingElementHandler.java:51)
	at com.sun.proxy.$Proxy14.click(Unknown Source)
	at webpages.TimeGroupsPage.edit_timegroup(TimeGroupsPage.java:155)
	at testcases.TimeGroupsPage_Test.edit_timegroup(TimeGroupsPage_Test.java:50)
</failure>
    <system-out>Trying to find Element By : By.xpath: (//td[contains(.,&apos;newtester&apos;)])[1]
Found Element By : By.xpath: (//td[contains(.,&apos;newtester&apos;)])[1]
Trying to click on: [[ChromeDriver: chrome on WINDOWS (5d56a49c677f8038c3ff1b2745cf8b27)] -&gt; xpath: (//td[contains(.,&apos;newtester&apos;)])[1]]
Exception occured: org.openqa.selenium.ElementNotInteractableException: element not interactable
  (Session info: chrome=84.0.4147.125)
Build info: version: &apos;3.141.5&apos;, revision: &apos;d54ebd709a&apos;, time: &apos;2018-11-06T11:42:16&apos;
System info: host: &apos;DESKTOP-4C220HH&apos;, ip: &apos;192.168.29.189&apos;, os.name: &apos;Windows 10&apos;, os.arch: &apos;amd64&apos;, os.version: &apos;10.0&apos;, java.version: &apos;1.8.0_251&apos;
Driver info: org.openqa.selenium.chrome.ChromeDriver
Capabilities {acceptInsecureCerts: false, browserName: chrome, browserVersion: 84.0.4147.125, chrome: {chromedriverVersion: 83.0.4103.14 (be04594a2b841..., userDataDir: C:\Users\Surendra\AppData\L...}, goog:chromeOptions: {debuggerAddress: localhost:54827}, javascriptEnabled: true, networkConnectionEnabled: false, pageLoadStrategy: normal, platform: WINDOWS, platformName: WINDOWS, proxy: Proxy(), setWindowRect: true, strictFileInteractability: false, timeouts: {implicit: 0, pageLoad: 300000, script: 30000}, unhandledPromptBehavior: dismiss and notify, webauthn:virtualAuthenticators: true}
Session ID: 5d56a49c677f8038c3ff1b2745cf8b27
</system-out>
  </testcase>
  <testcase classname="testcases.TimeGroupsPjsipPage_Test" name="timegroup_validation" time="15.255"/>
  <testcase classname="testcases.TimeGroupsPjsipPage_Test" name="add_timegroup" time="24.726"/>
  <testcase classname="testcases.TimeGroupsPjsipPage_Test" name="edit_timegroup" time="47.208">
    <failure type="java.lang.NullPointerException">java.lang.NullPointerException
	at reusefunctions.ReuseFunctions.takeScreenshotAtEndOfTest(ReuseFunctions.java:57)
	at webeventlistner.WebEventListener.onException(WebEventListener.java:63)
	at sun.reflect.GeneratedMethodAccessor19.invoke(Unknown Source)
	at sun.reflect.DelegatingMethodAccessorImpl.invoke(Unknown Source)
	at java.lang.reflect.Method.invoke(Unknown Source)
	at org.openqa.selenium.support.events.EventFiringWebDriver.lambda$new$0(EventFiringWebDriver.java:84)
	at com.sun.proxy.$Proxy9.onException(Unknown Source)
	at org.openqa.selenium.support.events.EventFiringWebDriver.lambda$new$1(EventFiringWebDriver.java:107)
	at com.sun.proxy.$Proxy10.findElement(Unknown Source)
	at org.openqa.selenium.support.events.EventFiringWebDriver.findElement(EventFiringWebDriver.java:194)
	at org.openqa.selenium.support.pagefactory.DefaultElementLocator.findElement(DefaultElementLocator.java:69)
	at org.openqa.selenium.support.pagefactory.internal.LocatingElementHandler.invoke(LocatingElementHandler.java:38)
	at com.sun.proxy.$Proxy14.getText(Unknown Source)
	at webpages.TimeGroupsPjsipPage.edit_timegroup(TimeGroupsPjsipPage.java:189)
	at testcases.TimeGroupsPjsipPage_Test.edit_timegroup(TimeGroupsPjsipPage_Test.java:51)
</failure>
    <system-out>Trying to find Element By : By.xpath: (//td[contains(.,&apos;newtester&apos;)])[1]
Found Element By : By.xpath: (//td[contains(.,&apos;newtester&apos;)])[1]
Trying to click on: [[ChromeDriver: chrome on WINDOWS (841eeccfca46ed94e62cbaaf0adfd57d)] -&gt; xpath: (//td[contains(.,&apos;newtester&apos;)])[1]]
Clicked on: [[ChromeDriver: chrome on WINDOWS (841eeccfca46ed94e62cbaaf0adfd57d)] -&gt; xpath: (//td[contains(.,&apos;newtester&apos;)])[1]]
Trying to find Element By : By.xpath: //button[@data-toggle=&apos;dropdown&apos;][contains(.,&apos;Action&apos;)]
Found Element By : By.xpath: //button[@data-toggle=&apos;dropdown&apos;][contains(.,&apos;Action&apos;)]
Trying to click on: [[ChromeDriver: chrome on WINDOWS (841eeccfca46ed94e62cbaaf0adfd57d)] -&gt; xpath: //button[@data-toggle=&apos;dropdown&apos;][contains(.,&apos;Action&apos;)]]
Clicked on: [[ChromeDriver: chrome on WINDOWS (841eeccfca46ed94e62cbaaf0adfd57d)] -&gt; xpath: //button[@data-toggle=&apos;dropdown&apos;][contains(.,&apos;Action&apos;)]]
Trying to find Element By : By.xpath: //a[contains(.,&apos;Edit&apos;)]
Found Element By : By.xpath: //a[contains(.,&apos;Edit&apos;)]
Trying to click on: [[ChromeDriver: chrome on WINDOWS (841eeccfca46ed94e62cbaaf0adfd57d)] -&gt; xpath: //a[contains(.,&apos;Edit&apos;)]]
Clicked on: [[ChromeDriver: chrome on WINDOWS (841eeccfca46ed94e62cbaaf0adfd57d)] -&gt; xpath: //a[contains(.,&apos;Edit&apos;)]]
Trying to find Element By : By.xpath: //input[contains(@type,&apos;text&apos;)]
Found Element By : By.xpath: //input[contains(@type,&apos;text&apos;)]
Trying to find Element By : By.xpath: //input[contains(@type,&apos;text&apos;)]
Found Element By : By.xpath: //input[contains(@type,&apos;text&apos;)]
Trying to find Element By : By.xpath: (//select[contains(@id,&apos;0&apos;)])[1]
Found Element By : By.xpath: (//select[contains(@id,&apos;0&apos;)])[1]
Trying to find Element By : By.xpath: (//select[contains(@id,&apos;0&apos;)])[1]
Found Element By : By.xpath: (//select[contains(@id,&apos;0&apos;)])[1]
Trying to find Element By : By.xpath: (//select[contains(@id,&apos;0&apos;)])[1]
Found Element By : By.xpath: (//select[contains(@id,&apos;0&apos;)])[1]
Trying to find Element By : By.xpath: .//option[normalize-space(.) = &quot;11&quot;]
Found Element By : By.xpath: .//option[normalize-space(.) = &quot;11&quot;]
Trying to click on: [[[[ChromeDriver: chrome on WINDOWS (841eeccfca46ed94e62cbaaf0adfd57d)] -&gt; xpath: (//select[contains(@id,&apos;0&apos;)])[1]]] -&gt; xpath: .//option[normalize-space(.) = &quot;11&quot;]]
Clicked on: [[[[ChromeDriver: chrome on WINDOWS (841eeccfca46ed94e62cbaaf0adfd57d)] -&gt; xpath: (//select[contains(@id,&apos;0&apos;)])[1]]] -&gt; xpath: .//option[normalize-space(.) = &quot;11&quot;]]
Trying to find Element By : By.xpath: (//select[contains(@id,&apos;0&apos;)])[2]
Found Element By : By.xpath: (//select[contains(@id,&apos;0&apos;)])[2]
Trying to find Element By : By.xpath: (//select[contains(@id,&apos;0&apos;)])[2]
Found Element By : By.xpath: (//select[contains(@id,&apos;0&apos;)])[2]
Trying to find Element By : By.xpath: (//select[contains(@id,&apos;0&apos;)])[2]
Found Element By : By.xpath: (//select[contains(@id,&apos;0&apos;)])[2]
Trying to find Element By : By.xpath: .//option[normalize-space(.) = &quot;12&quot;]
Found Element By : By.xpath: .//option[normalize-space(.) = &quot;12&quot;]
Trying to click on: [[[[ChromeDriver: chrome on WINDOWS (841eeccfca46ed94e62cbaaf0adfd57d)] -&gt; xpath: (//select[contains(@id,&apos;0&apos;)])[2]]] -&gt; xpath: .//option[normalize-space(.) = &quot;12&quot;]]
Clicked on: [[[[ChromeDriver: chrome on WINDOWS (841eeccfca46ed94e62cbaaf0adfd57d)] -&gt; xpath: (//select[contains(@id,&apos;0&apos;)])[2]]] -&gt; xpath: .//option[normalize-space(.) = &quot;12&quot;]]
Trying to find Element By : By.xpath: (//select[contains(@id,&apos;0&apos;)])[3]
Found Element By : By.xpath: (//select[contains(@id,&apos;0&apos;)])[3]
Trying to find Element By : By.xpath: (//select[contains(@id,&apos;0&apos;)])[3]
Found Element By : By.xpath: (//select[contains(@id,&apos;0&apos;)])[3]
Trying to find Element By : By.xpath: (//select[contains(@id,&apos;0&apos;)])[3]
Found Element By : By.xpath: (//select[contains(@id,&apos;0&apos;)])[3]
Trying to find Element By : By.xpath: .//option[normalize-space(.) = &quot;18&quot;]
Found Element By : By.xpath: .//option[normalize-space(.) = &quot;18&quot;]
Trying to click on: [[[[ChromeDriver: chrome on WINDOWS (841eeccfca46ed94e62cbaaf0adfd57d)] -&gt; xpath: (//select[contains(@id,&apos;0&apos;)])[3]]] -&gt; xpath: .//option[normalize-space(.) = &quot;18&quot;]]
Clicked on: [[[[ChromeDriver: chrome on WINDOWS (841eeccfca46ed94e62cbaaf0adfd57d)] -&gt; xpath: (//select[contains(@id,&apos;0&apos;)])[3]]] -&gt; xpath: .//option[normalize-space(.) = &quot;18&quot;]]
Trying to find Element By : By.xpath: (//select[contains(@id,&apos;0&apos;)])[4]
Found Element By : By.xpath: (//select[contains(@id,&apos;0&apos;)])[4]
Trying to find Element By : By.xpath: (//select[contains(@id,&apos;0&apos;)])[4]
Found Element By : By.xpath: (//select[contains(@id,&apos;0&apos;)])[4]
Trying to find Element By : By.xpath: (//select[contains(@id,&apos;0&apos;)])[4]
Found Element By : By.xpath: (//select[contains(@id,&apos;0&apos;)])[4]
Trying to find Element By : By.xpath: .//option[normalize-space(.) = &quot;18&quot;]
Found Element By : By.xpath: .//option[normalize-space(.) = &quot;18&quot;]
Trying to click on: [[[[ChromeDriver: chrome on WINDOWS (841eeccfca46ed94e62cbaaf0adfd57d)] -&gt; xpath: (//select[contains(@id,&apos;0&apos;)])[4]]] -&gt; xpath: .//option[normalize-space(.) = &quot;18&quot;]]
Clicked on: [[[[ChromeDriver: chrome on WINDOWS (841eeccfca46ed94e62cbaaf0adfd57d)] -&gt; xpath: (//select[contains(@id,&apos;0&apos;)])[4]]] -&gt; xpath: .//option[normalize-space(.) = &quot;18&quot;]]
Trying to find Element By : By.xpath: //select[contains(@name,&apos;wds_0&apos;)]
Found Element By : By.xpath: //select[contains(@name,&apos;wds_0&apos;)]
Trying to find Element By : By.xpath: //select[contains(@name,&apos;wds_0&apos;)]
Found Element By : By.xpath: //select[contains(@name,&apos;wds_0&apos;)]
Trying to find Element By : By.xpath: //select[contains(@name,&apos;wds_0&apos;)]
Found Element By : By.xpath: //select[contains(@name,&apos;wds_0&apos;)]
Trying to find Element By : By.xpath: .//option[normalize-space(.) = &quot;Sunday&quot;]
Found Element By : By.xpath: .//option[normalize-space(.) = &quot;Sunday&quot;]
Trying to click on: [[[[ChromeDriver: chrome on WINDOWS (841eeccfca46ed94e62cbaaf0adfd57d)] -&gt; xpath: //select[contains(@name,&apos;wds_0&apos;)]]] -&gt; xpath: .//option[normalize-space(.) = &quot;Sunday&quot;]]
Clicked on: [[[[ChromeDriver: chrome on WINDOWS (841eeccfca46ed94e62cbaaf0adfd57d)] -&gt; xpath: //select[contains(@name,&apos;wds_0&apos;)]]] -&gt; xpath: .//option[normalize-space(.) = &quot;Sunday&quot;]]
Trying to find Element By : By.xpath: (//select[contains(@id,&apos;0&apos;)])[6]
Found Element By : By.xpath: (//select[contains(@id,&apos;0&apos;)])[6]
Trying to find Element By : By.xpath: (//select[contains(@id,&apos;0&apos;)])[6]
Found Element By : By.xpath: (//select[contains(@id,&apos;0&apos;)])[6]
Trying to find Element By : By.xpath: (//select[contains(@id,&apos;0&apos;)])[6]
Found Element By : By.xpath: (//select[contains(@id,&apos;0&apos;)])[6]
Trying to find Element By : By.xpath: .//option[normalize-space(.) = &quot;Friday&quot;]
Found Element By : By.xpath: .//option[normalize-space(.) = &quot;Friday&quot;]
Trying to click on: [[[[ChromeDriver: chrome on WINDOWS (841eeccfca46ed94e62cbaaf0adfd57d)] -&gt; xpath: (//select[contains(@id,&apos;0&apos;)])[6]]] -&gt; xpath: .//option[normalize-space(.) = &quot;Friday&quot;]]
Clicked on: [[[[ChromeDriver: chrome on WINDOWS (841eeccfca46ed94e62cbaaf0adfd57d)] -&gt; xpath: (//select[contains(@id,&apos;0&apos;)])[6]]] -&gt; xpath: .//option[normalize-space(.) = &quot;Friday&quot;]]
Trying to find Element By : By.xpath: (//select[contains(@id,&apos;0&apos;)])[7]
Found Element By : By.xpath: (//select[contains(@id,&apos;0&apos;)])[7]
Trying to find Element By : By.xpath: (//select[contains(@id,&apos;0&apos;)])[7]
Found Element By : By.xpath: (//select[contains(@id,&apos;0&apos;)])[7]
Trying to find Element By : By.xpath: (//select[contains(@id,&apos;0&apos;)])[7]
Found Element By : By.xpath: (//select[contains(@id,&apos;0&apos;)])[7]
Trying to find Element By : By.xpath: .//option[normalize-space(.) = &quot;5&quot;]
Found Element By : By.xpath: .//option[normalize-space(.) = &quot;5&quot;]
Trying to click on: [[[[ChromeDriver: chrome on WINDOWS (841eeccfca46ed94e62cbaaf0adfd57d)] -&gt; xpath: (//select[contains(@id,&apos;0&apos;)])[7]]] -&gt; xpath: .//option[normalize-space(.) = &quot;5&quot;]]
Clicked on: [[[[ChromeDriver: chrome on WINDOWS (841eeccfca46ed94e62cbaaf0adfd57d)] -&gt; xpath: (//select[contains(@id,&apos;0&apos;)])[7]]] -&gt; xpath: .//option[normalize-space(.) = &quot;5&quot;]]
Trying to find Element By : By.xpath: (//select[contains(@id,&apos;0&apos;)])[8]
Found Element By : By.xpath: (//select[contains(@id,&apos;0&apos;)])[8]
Trying to find Element By : By.xpath: (//select[contains(@id,&apos;0&apos;)])[8]
Found Element By : By.xpath: (//select[contains(@id,&apos;0&apos;)])[8]
Trying to find Element By : By.xpath: (//select[contains(@id,&apos;0&apos;)])[8]
Found Element By : By.xpath: (//select[contains(@id,&apos;0&apos;)])[8]
Trying to find Element By : By.xpath: .//option[normalize-space(.) = &quot;25&quot;]
Found Element By : By.xpath: .//option[normalize-space(.) = &quot;25&quot;]
Trying to click on: [[[[ChromeDriver: chrome on WINDOWS (841eeccfca46ed94e62cbaaf0adfd57d)] -&gt; xpath: (//select[contains(@id,&apos;0&apos;)])[8]]] -&gt; xpath: .//option[normalize-space(.) = &quot;25&quot;]]
Clicked on: [[[[ChromeDriver: chrome on WINDOWS (841eeccfca46ed94e62cbaaf0adfd57d)] -&gt; xpath: (//select[contains(@id,&apos;0&apos;)])[8]]] -&gt; xpath: .//option[normalize-space(.) = &quot;25&quot;]]
Trying to find Element By : By.xpath: (//select[contains(@id,&apos;0&apos;)])[9]
Found Element By : By.xpath: (//select[contains(@id,&apos;0&apos;)])[9]
Trying to find Element By : By.xpath: (//select[contains(@id,&apos;0&apos;)])[9]
Found Element By : By.xpath: (//select[contains(@id,&apos;0&apos;)])[9]
Trying to find Element By : By.xpath: (//select[contains(@id,&apos;0&apos;)])[9]
Found Element By : By.xpath: (//select[contains(@id,&apos;0&apos;)])[9]
Trying to find Element By : By.xpath: .//option[normalize-space(.) = &quot;January&quot;]
Found Element By : By.xpath: .//option[normalize-space(.) = &quot;January&quot;]
Trying to find Element By : By.xpath: (//select[contains(@id,&apos;0&apos;)])[10]
Found Element By : By.xpath: (//select[contains(@id,&apos;0&apos;)])[10]
Trying to find Element By : By.xpath: (//select[contains(@id,&apos;0&apos;)])[10]
Found Element By : By.xpath: (//select[contains(@id,&apos;0&apos;)])[10]
Trying to find Element By : By.xpath: (//select[contains(@id,&apos;0&apos;)])[10]
Found Element By : By.xpath: (//select[contains(@id,&apos;0&apos;)])[10]
Trying to find Element By : By.xpath: .//option[normalize-space(.) = &quot;December&quot;]
Found Element By : By.xpath: .//option[normalize-space(.) = &quot;December&quot;]
Trying to find Element By : By.xpath: //button[@type=&apos;submit&apos;][contains(.,&apos;Update&apos;)]
Found Element By : By.xpath: //button[@type=&apos;submit&apos;][contains(.,&apos;Update&apos;)]
Trying to click on: [[ChromeDriver: chrome on WINDOWS (841eeccfca46ed94e62cbaaf0adfd57d)] -&gt; xpath: //button[@type=&apos;submit&apos;][contains(.,&apos;Update&apos;)]]
Clicked on: [[ChromeDriver: chrome on WINDOWS (841eeccfca46ed94e62cbaaf0adfd57d)] -&gt; xpath: //button[@type=&apos;submit&apos;][contains(.,&apos;Update&apos;)]]
Trying to find Element By : By.xpath: //h4[@class=&apos;ng-binding&apos;][contains(.,&apos;Time Group Updated successfully&apos;)]
Exception occured: org.openqa.selenium.NoSuchElementException: no such element: Unable to locate element: {&quot;method&quot;:&quot;xpath&quot;,&quot;selector&quot;:&quot;//h4[@class=&apos;ng-binding&apos;][contains(.,&apos;Time Group Updated successfully&apos;)]&quot;}
  (Session info: chrome=84.0.4147.125)
For documentation on this error, please visit: http://seleniumhq.org/exceptions/no_such_element.html
Build info: version: &apos;3.141.5&apos;, revision: &apos;d54ebd709a&apos;, time: &apos;2018-11-06T11:42:16&apos;
System info: host: &apos;DESKTOP-4C220HH&apos;, ip: &apos;192.168.29.189&apos;, os.name: &apos;Windows 10&apos;, os.arch: &apos;amd64&apos;, os.version: &apos;10.0&apos;, java.version: &apos;1.8.0_251&apos;
Driver info: org.openqa.selenium.chrome.ChromeDriver
Capabilities {acceptInsecureCerts: false, browserName: chrome, browserVersion: 84.0.4147.125, chrome: {chromedriverVersion: 83.0.4103.14 (be04594a2b841..., userDataDir: C:\Users\Surendra\AppData\L...}, goog:chromeOptions: {debuggerAddress: localhost:54955}, javascriptEnabled: true, networkConnectionEnabled: false, pageLoadStrategy: normal, platform: WINDOWS, platformName: WINDOWS, proxy: Proxy(), setWindowRect: true, strictFileInteractability: false, timeouts: {implicit: 0, pageLoad: 300000, script: 30000}, unhandledPromptBehavior: dismiss and notify, webauthn:virtualAuthenticators: true}
Session ID: 841eeccfca46ed94e62cbaaf0adfd57d
*** Element info: {Using=xpath, value=//h4[@class=&apos;ng-binding&apos;][contains(.,&apos;Time Group Updated successfully&apos;)]}
</system-out>
  </testcase>
  <testcase classname="testcases.TimeGroupsPjsipPage_Test" name="add1_timegroup" time="25.1">
    <failure type="java.lang.NullPointerException">java.lang.NullPointerException
	at reusefunctions.ReuseFunctions.takeScreenshotAtEndOfTest(ReuseFunctions.java:57)
	at webeventlistner.WebEventListener.onException(WebEventListener.java:63)
	at sun.reflect.GeneratedMethodAccessor19.invoke(Unknown Source)
	at sun.reflect.DelegatingMethodAccessorImpl.invoke(Unknown Source)
	at java.lang.reflect.Method.invoke(Unknown Source)
	at org.openqa.selenium.support.events.EventFiringWebDriver.lambda$new$0(EventFiringWebDriver.java:84)
	at com.sun.proxy.$Proxy9.onException(Unknown Source)
	at org.openqa.selenium.support.events.EventFiringWebDriver$EventFiringWebElement.lambda$new$0(EventFiringWebDriver.java:406)
	at com.sun.proxy.$Proxy15.click(Unknown Source)
	at org.openqa.selenium.support.events.EventFiringWebDriver$EventFiringWebElement.click(EventFiringWebDriver.java:417)
	at sun.reflect.GeneratedMethodAccessor9.invoke(Unknown Source)
	at sun.reflect.DelegatingMethodAccessorImpl.invoke(Unknown Source)
	at java.lang.reflect.Method.invoke(Unknown Source)
	at org.openqa.selenium.support.pagefactory.internal.LocatingElementHandler.invoke(LocatingElementHandler.java:51)
	at com.sun.proxy.$Proxy14.click(Unknown Source)
	at webpages.TimeGroupsPjsipPage.add1_timegroup(TimeGroupsPjsipPage.java:198)
	at testcases.TimeGroupsPjsipPage_Test.add1_timegroup(TimeGroupsPjsipPage_Test.java:65)
</failure>
    <system-out>Trying to find Element By : By.xpath: //button[@data-toggle=&apos;dropdown&apos;][contains(.,&apos;Action&apos;)]
Found Element By : By.xpath: //button[@data-toggle=&apos;dropdown&apos;][contains(.,&apos;Action&apos;)]
Trying to click on: [[ChromeDriver: chrome on WINDOWS (841eeccfca46ed94e62cbaaf0adfd57d)] -&gt; xpath: //button[@data-toggle=&apos;dropdown&apos;][contains(.,&apos;Action&apos;)]]
Exception occured: org.openqa.selenium.ElementNotInteractableException: element not interactable
  (Session info: chrome=84.0.4147.125)
Build info: version: &apos;3.141.5&apos;, revision: &apos;d54ebd709a&apos;, time: &apos;2018-11-06T11:42:16&apos;
System info: host: &apos;DESKTOP-4C220HH&apos;, ip: &apos;192.168.29.189&apos;, os.name: &apos;Windows 10&apos;, os.arch: &apos;amd64&apos;, os.version: &apos;10.0&apos;, java.version: &apos;1.8.0_251&apos;
Driver info: org.openqa.selenium.chrome.ChromeDriver
Capabilities {acceptInsecureCerts: false, browserName: chrome, browserVersion: 84.0.4147.125, chrome: {chromedriverVersion: 83.0.4103.14 (be04594a2b841..., userDataDir: C:\Users\Surendra\AppData\L...}, goog:chromeOptions: {debuggerAddress: localhost:54955}, javascriptEnabled: true, networkConnectionEnabled: false, pageLoadStrategy: normal, platform: WINDOWS, platformName: WINDOWS, proxy: Proxy(), setWindowRect: true, strictFileInteractability: false, timeouts: {implicit: 0, pageLoad: 300000, script: 30000}, unhandledPromptBehavior: dismiss and notify, webauthn:virtualAuthenticators: true}
Session ID: 841eeccfca46ed94e62cbaaf0adfd57d
</system-out>
  </testcase>
  <testcase classname="testcases.TimeGroupsPjsipPage_Test" name="delete_timegroup" time="25.047">
    <failure type="java.lang.NullPointerException">java.lang.NullPointerException
	at reusefunctions.ReuseFunctions.takeScreenshotAtEndOfTest(ReuseFunctions.java:57)
	at webeventlistner.WebEventListener.onException(WebEventListener.java:63)
	at sun.reflect.GeneratedMethodAccessor19.invoke(Unknown Source)
	at sun.reflect.DelegatingMethodAccessorImpl.invoke(Unknown Source)
	at java.lang.reflect.Method.invoke(Unknown Source)
	at org.openqa.selenium.support.events.EventFiringWebDriver.lambda$new$0(EventFiringWebDriver.java:84)
	at com.sun.proxy.$Proxy9.onException(Unknown Source)
	at org.openqa.selenium.support.events.EventFiringWebDriver$EventFiringWebElement.lambda$new$0(EventFiringWebDriver.java:406)
	at com.sun.proxy.$Proxy15.click(Unknown Source)
	at org.openqa.selenium.support.events.EventFiringWebDriver$EventFiringWebElement.click(EventFiringWebDriver.java:417)
	at sun.reflect.GeneratedMethodAccessor9.invoke(Unknown Source)
	at sun.reflect.DelegatingMethodAccessorImpl.invoke(Unknown Source)
	at java.lang.reflect.Method.invoke(Unknown Source)
	at org.openqa.selenium.support.pagefactory.internal.LocatingElementHandler.invoke(LocatingElementHandler.java:51)
	at com.sun.proxy.$Proxy14.click(Unknown Source)
	at webpages.TimeGroupsPjsipPage.delete_timegroup(TimeGroupsPjsipPage.java:275)
	at testcases.TimeGroupsPjsipPage_Test.delete_timegroup(TimeGroupsPjsipPage_Test.java:58)
</failure>
    <system-out>Trying to find Element By : By.xpath: (//td[contains(.,&apos;newtester&apos;)])[1]
Found Element By : By.xpath: (//td[contains(.,&apos;newtester&apos;)])[1]
Trying to click on: [[ChromeDriver: chrome on WINDOWS (841eeccfca46ed94e62cbaaf0adfd57d)] -&gt; xpath: (//td[contains(.,&apos;newtester&apos;)])[1]]
Exception occured: org.openqa.selenium.ElementNotInteractableException: element not interactable
  (Session info: chrome=84.0.4147.125)
Build info: version: &apos;3.141.5&apos;, revision: &apos;d54ebd709a&apos;, time: &apos;2018-11-06T11:42:16&apos;
System info: host: &apos;DESKTOP-4C220HH&apos;, ip: &apos;192.168.29.189&apos;, os.name: &apos;Windows 10&apos;, os.arch: &apos;amd64&apos;, os.version: &apos;10.0&apos;, java.version: &apos;1.8.0_251&apos;
Driver info: org.openqa.selenium.chrome.ChromeDriver
Capabilities {acceptInsecureCerts: false, browserName: chrome, browserVersion: 84.0.4147.125, chrome: {chromedriverVersion: 83.0.4103.14 (be04594a2b841..., userDataDir: C:\Users\Surendra\AppData\L...}, goog:chromeOptions: {debuggerAddress: localhost:54955}, javascriptEnabled: true, networkConnectionEnabled: false, pageLoadStrategy: normal, platform: WINDOWS, platformName: WINDOWS, proxy: Proxy(), setWindowRect: true, strictFileInteractability: false, timeouts: {implicit: 0, pageLoad: 300000, script: 30000}, unhandledPromptBehavior: dismiss and notify, webauthn:virtualAuthenticators: true}
Session ID: 841eeccfca46ed94e62cbaaf0adfd57d
</system-out>
  </testcase>
  <testcase classname="testcases.TimeZonePage_Test" name="timezone_validation" time="8.971"/>
  <testcase classname="testcases.TimeZonePage_Test" name="add_timezone" time="11.068"/>
  <testcase classname="testcases.TimeZonePjsip_Test" name="timezone_validation" time="6.839"/>
  <testcase classname="testcases.TimeZonePjsip_Test" name="add_timezone" time="11.079"/>
  <testcase classname="testcases.TimeZonePjsip_Test" name="edit_timezone" time="10.774"/>
  <testcase classname="testcases.UserAnnouncementPage_Test" name="announcement_validation" time="20.018">
    <failure type="java.lang.NullPointerException">java.lang.NullPointerException
	at reusefunctions.ReuseFunctions.takeScreenshotAtEndOfTest(ReuseFunctions.java:57)
	at webeventlistner.WebEventListener.onException(WebEventListener.java:63)
	at sun.reflect.GeneratedMethodAccessor19.invoke(Unknown Source)
	at sun.reflect.DelegatingMethodAccessorImpl.invoke(Unknown Source)
	at java.lang.reflect.Method.invoke(Unknown Source)
	at org.openqa.selenium.support.events.EventFiringWebDriver.lambda$new$0(EventFiringWebDriver.java:84)
	at com.sun.proxy.$Proxy9.onException(Unknown Source)
	at org.openqa.selenium.support.events.EventFiringWebDriver.lambda$new$1(EventFiringWebDriver.java:107)
	at com.sun.proxy.$Proxy10.findElement(Unknown Source)
	at org.openqa.selenium.support.events.EventFiringWebDriver.findElement(EventFiringWebDriver.java:194)
	at org.openqa.selenium.support.pagefactory.DefaultElementLocator.findElement(DefaultElementLocator.java:69)
	at org.openqa.selenium.support.pagefactory.internal.LocatingElementHandler.invoke(LocatingElementHandler.java:38)
	at com.sun.proxy.$Proxy14.click(Unknown Source)
	at webpages.UserAnnouncementPage.announcement_validation(UserAnnouncementPage.java:56)
	at testcases.UserAnnouncementPage_Test.announcement_validation(UserAnnouncementPage_Test.java:42)
</failure>
    <system-out>Before navigating to: &apos;http://123.108.80.102/multitenant&apos;
Navigated to:&apos;http://123.108.80.102/multitenant&apos;
Trying to find Element By : By.xpath: //input[contains(@ng-model,&apos;formdata.username&apos;)]
Found Element By : By.xpath: //input[contains(@ng-model,&apos;formdata.username&apos;)]
Trying to find Element By : By.xpath: //input[@type=&apos;password&apos;]
Found Element By : By.xpath: //input[@type=&apos;password&apos;]
Trying to find Element By : By.xpath: (//button[@type=&apos;submit&apos;])[1]
Found Element By : By.xpath: (//button[@type=&apos;submit&apos;])[1]
Trying to click on: [[ChromeDriver: chrome on WINDOWS (18a7afd894d423baad46409c163be3bf)] -&gt; xpath: (//button[@type=&apos;submit&apos;])[1]]
Clicked on: [[ChromeDriver: chrome on WINDOWS (18a7afd894d423baad46409c163be3bf)] -&gt; xpath: (//button[@type=&apos;submit&apos;])[1]]
Trying to find Element By : By.xpath: //a[contains(.,&apos;PBX Setting&apos;)]
Exception occured: org.openqa.selenium.NoSuchElementException: no such element: Unable to locate element: {&quot;method&quot;:&quot;xpath&quot;,&quot;selector&quot;:&quot;//a[contains(.,&apos;PBX Setting&apos;)]&quot;}
  (Session info: chrome=84.0.4147.125)
For documentation on this error, please visit: http://seleniumhq.org/exceptions/no_such_element.html
Build info: version: &apos;3.141.5&apos;, revision: &apos;d54ebd709a&apos;, time: &apos;2018-11-06T11:42:16&apos;
System info: host: &apos;DESKTOP-4C220HH&apos;, ip: &apos;192.168.29.189&apos;, os.name: &apos;Windows 10&apos;, os.arch: &apos;amd64&apos;, os.version: &apos;10.0&apos;, java.version: &apos;1.8.0_251&apos;
Driver info: org.openqa.selenium.chrome.ChromeDriver
Capabilities {acceptInsecureCerts: false, browserName: chrome, browserVersion: 84.0.4147.125, chrome: {chromedriverVersion: 83.0.4103.14 (be04594a2b841..., userDataDir: C:\Users\Surendra\AppData\L...}, goog:chromeOptions: {debuggerAddress: localhost:55300}, javascriptEnabled: true, networkConnectionEnabled: false, pageLoadStrategy: normal, platform: WINDOWS, platformName: WINDOWS, proxy: Proxy(), setWindowRect: true, strictFileInteractability: false, timeouts: {implicit: 0, pageLoad: 300000, script: 30000}, unhandledPromptBehavior: dismiss and notify, webauthn:virtualAuthenticators: true}
Session ID: 18a7afd894d423baad46409c163be3bf
*** Element info: {Using=xpath, value=//a[contains(.,&apos;PBX Setting&apos;)]}
</system-out>
    <system-err>Starting ChromeDriver 83.0.4103.14 (be04594a2b8411758b860104bc0a1033417178be-refs/branch-heads/4103@{#119}) on port 39964
Only local connections are allowed.
Please see https://chromedriver.chromium.org/security-considerations for suggestions on keeping ChromeDriver safe.
ChromeDriver was started successfully.
[1597327948.888][WARNING]: This version of ChromeDriver has not been tested with Chrome version 84.
Aug 13, 2020 7:42:30 PM org.openqa.selenium.remote.ProtocolHandshake createSession
INFO: Detected dialect: W3C
</system-err>
  </testcase>
  <testcase classname="testcases.UserAnnouncementPage_Test" name="add_announcement" time="22.026">
    <failure type="java.lang.NullPointerException">java.lang.NullPointerException
	at reusefunctions.ReuseFunctions.takeScreenshotAtEndOfTest(ReuseFunctions.java:57)
	at webeventlistner.WebEventListener.onException(WebEventListener.java:63)
	at sun.reflect.GeneratedMethodAccessor19.invoke(Unknown Source)
	at sun.reflect.DelegatingMethodAccessorImpl.invoke(Unknown Source)
	at java.lang.reflect.Method.invoke(Unknown Source)
	at org.openqa.selenium.support.events.EventFiringWebDriver.lambda$new$0(EventFiringWebDriver.java:84)
	at com.sun.proxy.$Proxy9.onException(Unknown Source)
	at org.openqa.selenium.support.events.EventFiringWebDriver.lambda$new$1(EventFiringWebDriver.java:107)
	at com.sun.proxy.$Proxy10.findElement(Unknown Source)
	at org.openqa.selenium.support.events.EventFiringWebDriver.findElement(EventFiringWebDriver.java:194)
	at org.openqa.selenium.support.pagefactory.DefaultElementLocator.findElement(DefaultElementLocator.java:69)
	at org.openqa.selenium.support.pagefactory.internal.LocatingElementHandler.invoke(LocatingElementHandler.java:38)
	at com.sun.proxy.$Proxy14.click(Unknown Source)
	at webpages.UserAnnouncementPage.add_announcement(UserAnnouncementPage.java:70)
	at testcases.UserAnnouncementPage_Test.add_announcement(UserAnnouncementPage_Test.java:50)
</failure>
    <system-out>Trying to find Element By : By.xpath: //button[@data-toggle=&apos;dropdown&apos;][contains(.,&apos;Action&apos;)]
Exception occured: org.openqa.selenium.NoSuchElementException: no such element: Unable to locate element: {&quot;method&quot;:&quot;xpath&quot;,&quot;selector&quot;:&quot;//button[@data-toggle=&apos;dropdown&apos;][contains(.,&apos;Action&apos;)]&quot;}
  (Session info: chrome=84.0.4147.125)
For documentation on this error, please visit: http://seleniumhq.org/exceptions/no_such_element.html
Build info: version: &apos;3.141.5&apos;, revision: &apos;d54ebd709a&apos;, time: &apos;2018-11-06T11:42:16&apos;
System info: host: &apos;DESKTOP-4C220HH&apos;, ip: &apos;192.168.29.189&apos;, os.name: &apos;Windows 10&apos;, os.arch: &apos;amd64&apos;, os.version: &apos;10.0&apos;, java.version: &apos;1.8.0_251&apos;
Driver info: org.openqa.selenium.chrome.ChromeDriver
Capabilities {acceptInsecureCerts: false, browserName: chrome, browserVersion: 84.0.4147.125, chrome: {chromedriverVersion: 83.0.4103.14 (be04594a2b841..., userDataDir: C:\Users\Surendra\AppData\L...}, goog:chromeOptions: {debuggerAddress: localhost:55300}, javascriptEnabled: true, networkConnectionEnabled: false, pageLoadStrategy: normal, platform: WINDOWS, platformName: WINDOWS, proxy: Proxy(), setWindowRect: true, strictFileInteractability: false, timeouts: {implicit: 0, pageLoad: 300000, script: 30000}, unhandledPromptBehavior: dismiss and notify, webauthn:virtualAuthenticators: true}
Session ID: 18a7afd894d423baad46409c163be3bf
*** Element info: {Using=xpath, value=//button[@data-toggle=&apos;dropdown&apos;][contains(.,&apos;Action&apos;)]}
</system-out>
  </testcase>
  <testcase classname="testcases.UserAnnouncementPage_Test" name="edit_announcement" time="25.064">
    <failure type="java.lang.NullPointerException">java.lang.NullPointerException
	at reusefunctions.ReuseFunctions.takeScreenshotAtEndOfTest(ReuseFunctions.java:57)
	at webeventlistner.WebEventListener.onException(WebEventListener.java:63)
	at sun.reflect.GeneratedMethodAccessor19.invoke(Unknown Source)
	at sun.reflect.DelegatingMethodAccessorImpl.invoke(Unknown Source)
	at java.lang.reflect.Method.invoke(Unknown Source)
	at org.openqa.selenium.support.events.EventFiringWebDriver.lambda$new$0(EventFiringWebDriver.java:84)
	at com.sun.proxy.$Proxy9.onException(Unknown Source)
	at org.openqa.selenium.support.events.EventFiringWebDriver.lambda$new$1(EventFiringWebDriver.java:107)
	at com.sun.proxy.$Proxy10.findElement(Unknown Source)
	at org.openqa.selenium.support.events.EventFiringWebDriver.findElement(EventFiringWebDriver.java:194)
	at org.openqa.selenium.support.pagefactory.DefaultElementLocator.findElement(DefaultElementLocator.java:69)
	at org.openqa.selenium.support.pagefactory.internal.LocatingElementHandler.invoke(LocatingElementHandler.java:38)
	at com.sun.proxy.$Proxy14.click(Unknown Source)
	at webpages.UserAnnouncementPage.edit_announcement(UserAnnouncementPage.java:92)
	at testcases.UserAnnouncementPage_Test.edit_announcement(UserAnnouncementPage_Test.java:58)
</failure>
    <system-out>Trying to find Element By : By.xpath: //td[@class=&apos;ng-binding&apos;][contains(.,&apos;newtest&apos;)]
Exception occured: org.openqa.selenium.NoSuchElementException: no such element: Unable to locate element: {&quot;method&quot;:&quot;xpath&quot;,&quot;selector&quot;:&quot;//td[@class=&apos;ng-binding&apos;][contains(.,&apos;newtest&apos;)]&quot;}
  (Session info: chrome=84.0.4147.125)
For documentation on this error, please visit: http://seleniumhq.org/exceptions/no_such_element.html
Build info: version: &apos;3.141.5&apos;, revision: &apos;d54ebd709a&apos;, time: &apos;2018-11-06T11:42:16&apos;
System info: host: &apos;DESKTOP-4C220HH&apos;, ip: &apos;192.168.29.189&apos;, os.name: &apos;Windows 10&apos;, os.arch: &apos;amd64&apos;, os.version: &apos;10.0&apos;, java.version: &apos;1.8.0_251&apos;
Driver info: org.openqa.selenium.chrome.ChromeDriver
Capabilities {acceptInsecureCerts: false, browserName: chrome, browserVersion: 84.0.4147.125, chrome: {chromedriverVersion: 83.0.4103.14 (be04594a2b841..., userDataDir: C:\Users\Surendra\AppData\L...}, goog:chromeOptions: {debuggerAddress: localhost:55300}, javascriptEnabled: true, networkConnectionEnabled: false, pageLoadStrategy: normal, platform: WINDOWS, platformName: WINDOWS, proxy: Proxy(), setWindowRect: true, strictFileInteractability: false, timeouts: {implicit: 0, pageLoad: 300000, script: 30000}, unhandledPromptBehavior: dismiss and notify, webauthn:virtualAuthenticators: true}
Session ID: 18a7afd894d423baad46409c163be3bf
*** Element info: {Using=xpath, value=//td[@class=&apos;ng-binding&apos;][contains(.,&apos;newtest&apos;)]}
</system-out>
  </testcase>
  <testcase classname="testcases.UserAnnouncementPage_Test" name="delete_announcement" time="25.064">
    <failure type="java.lang.NullPointerException">java.lang.NullPointerException
	at reusefunctions.ReuseFunctions.takeScreenshotAtEndOfTest(ReuseFunctions.java:57)
	at webeventlistner.WebEventListener.onException(WebEventListener.java:63)
	at sun.reflect.GeneratedMethodAccessor19.invoke(Unknown Source)
	at sun.reflect.DelegatingMethodAccessorImpl.invoke(Unknown Source)
	at java.lang.reflect.Method.invoke(Unknown Source)
	at org.openqa.selenium.support.events.EventFiringWebDriver.lambda$new$0(EventFiringWebDriver.java:84)
	at com.sun.proxy.$Proxy9.onException(Unknown Source)
	at org.openqa.selenium.support.events.EventFiringWebDriver.lambda$new$1(EventFiringWebDriver.java:107)
	at com.sun.proxy.$Proxy10.findElement(Unknown Source)
	at org.openqa.selenium.support.events.EventFiringWebDriver.findElement(EventFiringWebDriver.java:194)
	at org.openqa.selenium.support.pagefactory.DefaultElementLocator.findElement(DefaultElementLocator.java:69)
	at org.openqa.selenium.support.pagefactory.internal.LocatingElementHandler.invoke(LocatingElementHandler.java:38)
	at com.sun.proxy.$Proxy14.click(Unknown Source)
	at webpages.UserAnnouncementPage.delete_announcement(UserAnnouncementPage.java:109)
	at testcases.UserAnnouncementPage_Test.delete_announcement(UserAnnouncementPage_Test.java:66)
</failure>
    <system-out>Trying to find Element By : By.xpath: //td[@class=&apos;ng-binding&apos;][contains(.,&apos;newtest&apos;)]
Exception occured: org.openqa.selenium.NoSuchElementException: no such element: Unable to locate element: {&quot;method&quot;:&quot;xpath&quot;,&quot;selector&quot;:&quot;//td[@class=&apos;ng-binding&apos;][contains(.,&apos;newtest&apos;)]&quot;}
  (Session info: chrome=84.0.4147.125)
For documentation on this error, please visit: http://seleniumhq.org/exceptions/no_such_element.html
Build info: version: &apos;3.141.5&apos;, revision: &apos;d54ebd709a&apos;, time: &apos;2018-11-06T11:42:16&apos;
System info: host: &apos;DESKTOP-4C220HH&apos;, ip: &apos;192.168.29.189&apos;, os.name: &apos;Windows 10&apos;, os.arch: &apos;amd64&apos;, os.version: &apos;10.0&apos;, java.version: &apos;1.8.0_251&apos;
Driver info: org.openqa.selenium.chrome.ChromeDriver
Capabilities {acceptInsecureCerts: false, browserName: chrome, browserVersion: 84.0.4147.125, chrome: {chromedriverVersion: 83.0.4103.14 (be04594a2b841..., userDataDir: C:\Users\Surendra\AppData\L...}, goog:chromeOptions: {debuggerAddress: localhost:55300}, javascriptEnabled: true, networkConnectionEnabled: false, pageLoadStrategy: normal, platform: WINDOWS, platformName: WINDOWS, proxy: Proxy(), setWindowRect: true, strictFileInteractability: false, timeouts: {implicit: 0, pageLoad: 300000, script: 30000}, unhandledPromptBehavior: dismiss and notify, webauthn:virtualAuthenticators: true}
Session ID: 18a7afd894d423baad46409c163be3bf
*** Element info: {Using=xpath, value=//td[@class=&apos;ng-binding&apos;][contains(.,&apos;newtest&apos;)]}
</system-out>
  </testcase>
  <testcase classname="testcases.ListofExtensionsSipPage_Test" name="delete_extension" time="5.019">
    <failure type="java.lang.NullPointerException">java.lang.NullPointerException
	at reusefunctions.ReuseFunctions.takeScreenshotAtEndOfTest(ReuseFunctions.java:57)
	at webeventlistner.WebEventListener.onException(WebEventListener.java:63)
	at sun.reflect.GeneratedMethodAccessor19.invoke(Unknown Source)
	at sun.reflect.DelegatingMethodAccessorImpl.invoke(Unknown Source)
	at java.lang.reflect.Method.invoke(Unknown Source)
	at org.openqa.selenium.support.events.EventFiringWebDriver.lambda$new$0(EventFiringWebDriver.java:84)
	at com.sun.proxy.$Proxy9.onException(Unknown Source)
	at org.openqa.selenium.support.events.EventFiringWebDriver.lambda$new$1(EventFiringWebDriver.java:107)
	at com.sun.proxy.$Proxy10.findElement(Unknown Source)
	at org.openqa.selenium.support.events.EventFiringWebDriver.findElement(EventFiringWebDriver.java:194)
	at org.openqa.selenium.support.pagefactory.DefaultElementLocator.findElement(DefaultElementLocator.java:69)
	at org.openqa.selenium.support.pagefactory.internal.LocatingElementHandler.invoke(LocatingElementHandler.java:38)
	at com.sun.proxy.$Proxy14.click(Unknown Source)
	at webpages.ListofExtensionsSipPage.delete_extension(ListofExtensionsSipPage.java:239)
	at testcases.ListofExtensionsSipPage_Test.delete_extension(ListofExtensionsSipPage_Test.java:86)
</failure>
    <system-out>Trying to find Element By : By.xpath: //td[@class=&apos;ng-binding&apos;][contains(.,&apos;786&apos;)]
Exception occured: org.openqa.selenium.NoSuchSessionException: invalid session id
Build info: version: &apos;3.141.5&apos;, revision: &apos;d54ebd709a&apos;, time: &apos;2018-11-06T11:42:16&apos;
System info: host: &apos;DESKTOP-4C220HH&apos;, ip: &apos;192.168.29.189&apos;, os.name: &apos;Windows 10&apos;, os.arch: &apos;amd64&apos;, os.version: &apos;10.0&apos;, java.version: &apos;1.8.0_251&apos;
Driver info: org.openqa.selenium.chrome.ChromeDriver
Capabilities {acceptInsecureCerts: false, browserName: chrome, browserVersion: 84.0.4147.125, chrome: {chromedriverVersion: 83.0.4103.14 (be04594a2b841..., userDataDir: C:\Users\Surendra\AppData\L...}, goog:chromeOptions: {debuggerAddress: localhost:54094}, javascriptEnabled: true, networkConnectionEnabled: false, pageLoadStrategy: normal, platform: WINDOWS, platformName: WINDOWS, proxy: Proxy(), setWindowRect: true, strictFileInteractability: false, timeouts: {implicit: 0, pageLoad: 300000, script: 30000}, unhandledPromptBehavior: dismiss and notify, webauthn:virtualAuthenticators: true}
Session ID: 83a262e702ef4447bca83ba33276256e
*** Element info: {Using=xpath, value=//td[@class=&apos;ng-binding&apos;][contains(.,&apos;786&apos;)]}
</system-out>
  </testcase>
  <testcase classname="testcases.ListofExtensionsSipPage_Test" name="teardown" time="5.023">
    <failure type="java.lang.NullPointerException">java.lang.NullPointerException
	at reusefunctions.ReuseFunctions.takeScreenshotAtEndOfTest(ReuseFunctions.java:57)
	at webeventlistner.WebEventListener.onException(WebEventListener.java:63)
	at sun.reflect.GeneratedMethodAccessor19.invoke(Unknown Source)
	at sun.reflect.DelegatingMethodAccessorImpl.invoke(Unknown Source)
	at java.lang.reflect.Method.invoke(Unknown Source)
	at org.openqa.selenium.support.events.EventFiringWebDriver.lambda$new$0(EventFiringWebDriver.java:84)
	at com.sun.proxy.$Proxy9.onException(Unknown Source)
	at org.openqa.selenium.support.events.EventFiringWebDriver.lambda$new$1(EventFiringWebDriver.java:107)
	at com.sun.proxy.$Proxy10.close(Unknown Source)
	at org.openqa.selenium.support.events.EventFiringWebDriver.close(EventFiringWebDriver.java:206)
	at testcases.ListofExtensionsSipPage_Test.teardown(ListofExtensionsSipPage_Test.java:93)
</failure>
    <system-out>Exception occured: org.openqa.selenium.NoSuchSessionException: invalid session id
Build info: version: &apos;3.141.5&apos;, revision: &apos;d54ebd709a&apos;, time: &apos;2018-11-06T11:42:16&apos;
System info: host: &apos;DESKTOP-4C220HH&apos;, ip: &apos;192.168.29.189&apos;, os.name: &apos;Windows 10&apos;, os.arch: &apos;amd64&apos;, os.version: &apos;10.0&apos;, java.version: &apos;1.8.0_251&apos;
Driver info: org.openqa.selenium.chrome.ChromeDriver
Capabilities {acceptInsecureCerts: false, browserName: chrome, browserVersion: 84.0.4147.125, chrome: {chromedriverVersion: 83.0.4103.14 (be04594a2b841..., userDataDir: C:\Users\Surendra\AppData\L...}, goog:chromeOptions: {debuggerAddress: localhost:55300}, javascriptEnabled: true, networkConnectionEnabled: false, pageLoadStrategy: normal, platform: WINDOWS, platformName: WINDOWS, proxy: Proxy(), setWindowRect: true, strictFileInteractability: false, timeouts: {implicit: 0, pageLoad: 300000, script: 30000}, unhandledPromptBehavior: dismiss and notify, webauthn:virtualAuthenticators: true}
Session ID: 18a7afd894d423baad46409c163be3bf
</system-out>
  </testcase>
  <testcase classname="testcases.ListofExtensionsUserDevice_Test" name="extension_validation" time="6.782"/>
  <testcase classname="testcases.ListofExtensionsUserDevice_Test" name="add_extension" time="6.439"/>
  <testcase classname="testcases.ListofExtensionsUserDevice_Test" name="edit_extension" time="9.867"/>
  <testcase classname="testcases.ListofExtensionsUserDevice_Test" name="followme_extension" time="10.902"/>
  <testcase classname="testcases.ListofExtensionsUserDevice_Test" name="edit_follow_extension" time="12.198"/>
  <testcase classname="testcases.ListofExtensionsUserDevice_Test" name="check_bulk_extension" time="8.021"/>
  <testcase classname="testcases.ListofExtensionsUserDevice_Test" name="delete_extension" time="7.351"/>
  <testcase classname="testcases.LoginPage_Test" name="loginTest" time="13.063">
    <failure type="java.lang.NullPointerException">java.lang.NullPointerException
	at reusefunctions.ReuseFunctions.takeScreenshotAtEndOfTest(ReuseFunctions.java:57)
	at webeventlistner.WebEventListener.onException(WebEventListener.java:63)
	at sun.reflect.GeneratedMethodAccessor19.invoke(Unknown Source)
	at sun.reflect.DelegatingMethodAccessorImpl.invoke(Unknown Source)
	at java.lang.reflect.Method.invoke(Unknown Source)
	at org.openqa.selenium.support.events.EventFiringWebDriver.lambda$new$0(EventFiringWebDriver.java:84)
	at com.sun.proxy.$Proxy9.onException(Unknown Source)
	at org.openqa.selenium.support.events.EventFiringWebDriver.lambda$new$1(EventFiringWebDriver.java:107)
	at com.sun.proxy.$Proxy10.findElement(Unknown Source)
	at org.openqa.selenium.support.events.EventFiringWebDriver.findElement(EventFiringWebDriver.java:194)
	at org.openqa.selenium.support.pagefactory.DefaultElementLocator.findElement(DefaultElementLocator.java:69)
	at org.openqa.selenium.support.pagefactory.internal.LocatingElementHandler.invoke(LocatingElementHandler.java:38)
	at com.sun.proxy.$Proxy14.sendKeys(Unknown Source)
	at webpages.LoginPage.login(LoginPage.java:31)
	at testcases.LoginPage_Test.loginTest(LoginPage_Test.java:39)
</failure>
    <system-out>Trying to find Element By : By.xpath: //input[@ng-model=&apos;formdata.username&apos;]
Exception occured: org.openqa.selenium.WebDriverException: chrome not reachable
  (Session info: chrome=84.0.4147.125)
Build info: version: &apos;3.141.5&apos;, revision: &apos;d54ebd709a&apos;, time: &apos;2018-11-06T11:42:16&apos;
System info: host: &apos;DESKTOP-4C220HH&apos;, ip: &apos;192.168.29.189&apos;, os.name: &apos;Windows 10&apos;, os.arch: &apos;amd64&apos;, os.version: &apos;10.0&apos;, java.version: &apos;1.8.0_251&apos;
Driver info: org.openqa.selenium.chrome.ChromeDriver
Capabilities {acceptInsecureCerts: false, browserName: chrome, browserVersion: 84.0.4147.125, chrome: {chromedriverVersion: 83.0.4103.14 (be04594a2b841..., userDataDir: C:\Users\Surendra\AppData\L...}, goog:chromeOptions: {debuggerAddress: localhost:51696}, javascriptEnabled: true, networkConnectionEnabled: false, pageLoadStrategy: normal, platform: WINDOWS, platformName: WINDOWS, proxy: Proxy(), setWindowRect: true, strictFileInteractability: false, timeouts: {implicit: 0, pageLoad: 300000, script: 30000}, unhandledPromptBehavior: dismiss and notify, webauthn:virtualAuthenticators: true}
Session ID: 035d9fa39ffa65d912a78dddb995af21
*** Element info: {Using=xpath, value=//input[@ng-model=&apos;formdata.username&apos;]}
</system-out>
    <system-err>[1597328136.506][WARNING]: Timed out connecting to Chrome, retrying...
</system-err>
  </testcase>
  <testcase classname="testcases.LoginPage_Test" name="getmethodstatus" time="13.07">
    <failure type="java.lang.NullPointerException">java.lang.NullPointerException
	at reusefunctions.ReuseFunctions.takeScreenshotAtEndOfTest(ReuseFunctions.java:57)
	at webeventlistner.WebEventListener.onException(WebEventListener.java:63)
	at sun.reflect.GeneratedMethodAccessor19.invoke(Unknown Source)
	at sun.reflect.DelegatingMethodAccessorImpl.invoke(Unknown Source)
	at java.lang.reflect.Method.invoke(Unknown Source)
	at org.openqa.selenium.support.events.EventFiringWebDriver.lambda$new$0(EventFiringWebDriver.java:84)
	at com.sun.proxy.$Proxy9.onException(Unknown Source)
	at org.openqa.selenium.support.events.EventFiringWebDriver.lambda$new$1(EventFiringWebDriver.java:107)
	at com.sun.proxy.$Proxy10.getScreenshotAs(Unknown Source)
	at org.openqa.selenium.support.events.EventFiringWebDriver.getScreenshotAs(EventFiringWebDriver.java:302)
	at reusefunctions.ReuseFunctions.getScreenshot(ReuseFunctions.java:101)
	at webpages.BaseTest.getResult(BaseTest.java:100)
	at testcases.LoginPage_Test.getmethodstatus(LoginPage_Test.java:46)
</failure>
    <system-out>Exception occured: org.openqa.selenium.NoSuchSessionException: invalid session id
Build info: version: &apos;3.141.5&apos;, revision: &apos;d54ebd709a&apos;, time: &apos;2018-11-06T11:42:16&apos;
System info: host: &apos;DESKTOP-4C220HH&apos;, ip: &apos;192.168.29.189&apos;, os.name: &apos;Windows 10&apos;, os.arch: &apos;amd64&apos;, os.version: &apos;10.0&apos;, java.version: &apos;1.8.0_251&apos;
Driver info: org.openqa.selenium.chrome.ChromeDriver
Capabilities {acceptInsecureCerts: false, browserName: chrome, browserVersion: 84.0.4147.125, chrome: {chromedriverVersion: 83.0.4103.14 (be04594a2b841..., userDataDir: C:\Users\Surendra\AppData\L...}, goog:chromeOptions: {debuggerAddress: localhost:55374}, javascriptEnabled: true, networkConnectionEnabled: false, pageLoadStrategy: normal, platform: WINDOWS, platformName: WINDOWS, proxy: Proxy(), setWindowRect: true, strictFileInteractability: false, timeouts: {implicit: 0, pageLoad: 300000, script: 30000}, unhandledPromptBehavior: dismiss and notify, webauthn:virtualAuthenticators: true}
Session ID: 5be3268b2ad1bafe978afc06013d0c56
</system-out>
  </testcase>
  <testcase classname="testcases.LoginPage_Test" name="endreport" time="14.504">
    <skipped/>
  </testcase>
  <testcase classname="testcases.UserLoginPage_Test" name="endreport" time="14.504">
    <skipped/>
  </testcase>
</testsuite>