<?xml version="1.0" encoding="UTF-8"?>
<!-- Generated by org.testng.reporters.JUnitReportReporter -->
<testsuite skipped="0" hostname="DESKTOP-4C220HH" name="testcases.CustomerPage_Test" tests="1" failures="0" timestamp="21 Jul 2020 13:11:11 GMT" time="71.210" errors="0">
  <testcase name="Addcustomer" time="71.210" classname="testcases.CustomerPage_Test"/>
</testsuite> <!-- testcases.CustomerPage_Test -->
