<?xml version="1.0" encoding="UTF-8"?>
<!-- Generated by org.testng.reporters.JUnitReportReporter -->
<testsuite skipped="0" hostname="DESKTOP-4C220HH" name="testcases.ConferencePjsipPage_Test" tests="4" failures="0" timestamp="2020-08-03T22:05:38 IST" time="38.739" errors="0">
  <testcase name="conferencepage_validation" time="12.080" classname="testcases.ConferencePjsipPage_Test"/>
  <system-out/>
  <testcase name="add_conferencepage" time="7.184" classname="testcases.ConferencePjsipPage_Test"/>
  <system-out/>
  <testcase name="edit_conferencepage" time="13.920" classname="testcases.ConferencePjsipPage_Test"/>
  <system-out/>
  <testcase name="delete_conferencepage" time="5.555" classname="testcases.ConferencePjsipPage_Test"/>
  <system-out/>
</testsuite> <!-- testcases.ConferencePjsipPage_Test -->
