<?xml version="1.0" encoding="UTF-8"?>
<!-- Generated by org.testng.reporters.JUnitReportReporter -->
<testsuite skipped="0" hostname="DESKTOP-4C220HH" name="testcases.QueuesPjsipPage_Test" tests="4" failures="0" timestamp="2020-08-03T21:43:04 IST" time="63.075" errors="0">
  <testcase name="queues_validation" time="6.803" classname="testcases.QueuesPjsipPage_Test"/>
  <system-out/>
  <testcase name="add_queues" time="27.633" classname="testcases.QueuesPjsipPage_Test"/>
  <system-out/>
  <testcase name="edit_queues" time="21.244" classname="testcases.QueuesPjsipPage_Test"/>
  <system-out/>
  <testcase name="delete_queues" time="7.395" classname="testcases.QueuesPjsipPage_Test"/>
  <system-out/>
</testsuite> <!-- testcases.QueuesPjsipPage_Test -->
