<?xml version="1.0" encoding="UTF-8"?>
<!-- Generated by org.testng.reporters.JUnitReportReporter -->
<testsuite skipped="1" hostname="DESKTOP-4C220HH" name="testcases.MusiconHoldPjsipPage_Test" tests="6" failures="0" timestamp="2020-08-03T21:34:41 IST" time="47.750" errors="0">
  <testcase name="musiconhold_validation" time="10.358" classname="testcases.MusiconHoldPjsipPage_Test"/>
  <system-out/>
  <testcase name="add_musichold" time="5.971" classname="testcases.MusiconHoldPjsipPage_Test"/>
  <system-out/>
  <testcase name="edit_musichold" time="16.224" classname="testcases.MusiconHoldPjsipPage_Test"/>
  <system-out/>
  <testcase name="delete_musichold" time="7.292" classname="testcases.MusiconHoldPjsipPage_Test"/>
  <system-out/>
  <testcase name="field_validation" time="7.905" classname="testcases.MusiconHoldPjsipPage_Test"/>
  <system-out/>
  <testcase name="file_field_validation" classname="testcases.MusiconHoldPjsipPage_Test">
    <skipped/>
  </testcase> <!-- file_field_validation -->
  <system-out/>
</testsuite> <!-- testcases.MusiconHoldPjsipPage_Test -->
