<?xml version="1.0" encoding="UTF-8"?>
<!-- Generated by org.testng.reporters.JUnitReportReporter -->
<testsuite skipped="0" hostname="DESKTOP-4C220HH" name="testcases.UserLoginPage_Test" tests="1" failures="0" timestamp="2020-08-07T00:27:37 IST" time="6.736" errors="0">
  <testcase name="loginTest" time="6.736" classname="testcases.UserLoginPage_Test"/>
  <system-out/>
</testsuite> <!-- testcases.UserLoginPage_Test -->
