<?xml version="1.0" encoding="UTF-8"?>
<!-- Generated by org.testng.reporters.JUnitReportReporter -->
<testsuite skipped="0" hostname="DESKTOP-4C220HH" name="testcases.UserTimezonePage_Test" tests="3" failures="0" timestamp="2020-08-10T20:05:58 IST" time="27.017" errors="0">
  <testcase name="timezone_validation" time="5.097" classname="testcases.UserTimezonePage_Test"/>
  <system-out/>
  <testcase name="add_timezone" time="11.087" classname="testcases.UserTimezonePage_Test"/>
  <system-out/>
  <testcase name="edit_timezone" time="10.833" classname="testcases.UserTimezonePage_Test"/>
  <system-out/>
</testsuite> <!-- testcases.UserTimezonePage_Test -->
