<?xml version="1.0" encoding="UTF-8"?>
<!-- Generated by org.testng.reporters.JUnitReportReporter -->
<testsuite skipped="0" hostname="DESKTOP-4C220HH" name="testcases.UserSystemRecordingPage_Test" tests="3" failures="0" timestamp="2020-08-07T00:48:00 IST" time="30.081" errors="0">
  <testcase name="add_systemrecord" time="12.227" classname="testcases.UserSystemRecordingPage_Test"/>
  <system-out/>
  <testcase name="edit_systemrecord" time="7.320" classname="testcases.UserSystemRecordingPage_Test"/>
  <system-out/>
  <testcase name="delete_systemrecord" time="10.534" classname="testcases.UserSystemRecordingPage_Test"/>
  <system-out/>
</testsuite> <!-- testcases.UserSystemRecordingPage_Test -->
