<?xml version="1.0" encoding="UTF-8"?>
<!-- Generated by org.testng.reporters.JUnitReportReporter -->
<testsuite skipped="0" hostname="DESKTOP-4C220HH" name="testcases.UserRingGroupsPage_Test" tests="4" failures="0" timestamp="2020-08-09T18:48:52 IST" time="38.752" errors="0">
  <testcase name="ringgroup_validation" time="5.074" classname="testcases.UserRingGroupsPage_Test"/>
  <system-out/>
  <testcase name="add_ringgroup" time="7.321" classname="testcases.UserRingGroupsPage_Test"/>
  <system-out/>
  <testcase name="edit_ringgroup" time="17.985" classname="testcases.UserRingGroupsPage_Test"/>
  <system-out/>
  <testcase name="delete_ringgroup" time="8.372" classname="testcases.UserRingGroupsPage_Test"/>
  <system-out/>
</testsuite> <!-- testcases.UserRingGroupsPage_Test -->
