<?xml version="1.0" encoding="UTF-8"?>
<!-- Generated by org.testng.reporters.JUnitReportReporter -->
<testsuite skipped="7" hostname="DESKTOP-4C220HH" name="testcases.UserDirectoryPage_Test" tests="8" failures="0" timestamp="2020-10-21T19:59:17 IST" time="27.694" errors="1">
  <testcase name="setup" time="27.694" classname="testcases.UserDirectoryPage_Test">
    <error type="java.lang.NullPointerException">
      <![CDATA[java.lang.NullPointerException
at reusefunctions.ReuseFunctions.takeScreenshotAtEndOfTest(ReuseFunctions.java:57)
at webeventlistner.WebEventListener.onException(WebEventListener.java:63)
at sun.reflect.NativeMethodAccessorImpl.invoke0(Native Method)
at sun.reflect.NativeMethodAccessorImpl.invoke(NativeMethodAccessorImpl.java:62)
at sun.reflect.DelegatingMethodAccessorImpl.invoke(DelegatingMethodAccessorImpl.java:43)
at java.lang.reflect.Method.invoke(Method.java:498)
at org.openqa.selenium.support.events.EventFiringWebDriver.lambda$new$0(EventFiringWebDriver.java:84)
at com.sun.proxy.$Proxy6.onException(Unknown Source)
at org.openqa.selenium.support.events.EventFiringWebDriver.lambda$new$1(EventFiringWebDriver.java:107)
at com.sun.proxy.$Proxy7.get(Unknown Source)
at org.openqa.selenium.support.events.EventFiringWebDriver.get(EventFiringWebDriver.java:165)
at webpages.BaseTest.initialization(BaseTest.java:76)
at testcases.UserDirectoryPage_Test.setup(UserDirectoryPage_Test.java:28)
at sun.reflect.NativeMethodAccessorImpl.invoke0(Native Method)
at sun.reflect.NativeMethodAccessorImpl.invoke(NativeMethodAccessorImpl.java:62)
at sun.reflect.DelegatingMethodAccessorImpl.invoke(DelegatingMethodAccessorImpl.java:43)
at java.lang.reflect.Method.invoke(Method.java:498)
at org.testng.internal.MethodInvocationHelper.invokeMethod(MethodInvocationHelper.java:134)
at org.testng.internal.MethodInvocationHelper.invokeMethodConsideringTimeout(MethodInvocationHelper.java:63)
at org.testng.internal.ConfigInvoker.invokeConfigurationMethod(ConfigInvoker.java:348)
at org.testng.internal.ConfigInvoker.invokeConfigurations(ConfigInvoker.java:302)
at org.testng.internal.TestMethodWorker.invokeBeforeClassMethods(TestMethodWorker.java:176)
at org.testng.internal.TestMethodWorker.run(TestMethodWorker.java:122)
at java.util.ArrayList.forEach(ArrayList.java:1257)
at org.testng.TestRunner.privateRun(TestRunner.java:766)
at org.testng.TestRunner.run(TestRunner.java:587)
at org.testng.SuiteRunner.runTest(SuiteRunner.java:384)
at org.testng.SuiteRunner.runSequentially(SuiteRunner.java:378)
at org.testng.SuiteRunner.privateRun(SuiteRunner.java:337)
at org.testng.SuiteRunner.run(SuiteRunner.java:286)
at org.testng.SuiteRunnerWorker.runSuite(SuiteRunnerWorker.java:53)
at org.testng.SuiteRunnerWorker.run(SuiteRunnerWorker.java:96)
at org.testng.TestNG.runSuitesSequentially(TestNG.java:1187)
at org.testng.TestNG.runSuitesLocally(TestNG.java:1109)
at org.testng.TestNG.runSuites(TestNG.java:1039)
at org.testng.TestNG.run(TestNG.java:1007)
at org.testng.remote.AbstractRemoteTestNG.run(AbstractRemoteTestNG.java:115)
at org.testng.remote.RemoteTestNG.initAndRun(RemoteTestNG.java:251)
at org.testng.remote.RemoteTestNG.main(RemoteTestNG.java:77)
]]>
    </error>
  </testcase> <!-- setup -->
  <system-out/>
  <testcase name="directory_validation" time="0.000" classname="testcases.UserDirectoryPage_Test">
    <skipped/>
  </testcase> <!-- directory_validation -->
  <system-out/>
  <testcase name="add_directroy" time="0.000" classname="testcases.UserDirectoryPage_Test">
    <skipped/>
  </testcase> <!-- add_directroy -->
  <system-out/>
  <testcase name="assign_directroy" time="0.000" classname="testcases.UserDirectoryPage_Test">
    <skipped/>
  </testcase> <!-- assign_directroy -->
  <system-out/>
  <testcase name="edit_directroy" time="0.000" classname="testcases.UserDirectoryPage_Test">
    <skipped/>
  </testcase> <!-- edit_directroy -->
  <system-out/>
  <testcase name="delete_directroy" time="0.000" classname="testcases.UserDirectoryPage_Test">
    <skipped/>
  </testcase> <!-- delete_directroy -->
  <system-out/>
  <testcase name="withoutradioedit" time="0.000" classname="testcases.UserDirectoryPage_Test">
    <skipped/>
  </testcase> <!-- withoutradioedit -->
  <system-out/>
  <testcase name="withoutradiodelete" time="0.000" classname="testcases.UserDirectoryPage_Test">
    <skipped/>
  </testcase> <!-- withoutradiodelete -->
  <system-out/>
</testsuite> <!-- testcases.UserDirectoryPage_Test -->
