<?xml version="1.0" encoding="UTF-8"?>
<!-- Generated by org.testng.reporters.JUnitReportReporter -->
<testsuite skipped="0" hostname="DESKTOP-4C220HH" name="testcases.TimeZonePjsip_Test" tests="3" failures="0" timestamp="2020-08-03T22:37:07 IST" time="30.290" errors="0">
  <testcase name="timezone_validation" time="6.767" classname="testcases.TimeZonePjsip_Test"/>
  <system-out/>
  <testcase name="add_timezone" time="12.794" classname="testcases.TimeZonePjsip_Test"/>
  <system-out/>
  <testcase name="edit_timezone" time="10.729" classname="testcases.TimeZonePjsip_Test"/>
  <system-out/>
</testsuite> <!-- testcases.TimeZonePjsip_Test -->
