<?xml version="1.0" encoding="UTF-8"?>
<!-- Generated by org.testng.reporters.JUnitReportReporter -->
<testsuite skipped="0" hostname="DESKTOP-4C220HH" name="testcases.UserMusiconHoldPage_Test" tests="4" failures="0" timestamp="2020-08-08T17:46:14 IST" time="34.546" errors="0">
  <testcase name="musiconhold_validation" time="6.937" classname="testcases.UserMusiconHoldPage_Test"/>
  <system-out/>
  <testcase name="add_musichold" time="4.529" classname="testcases.UserMusiconHoldPage_Test"/>
  <system-out/>
  <testcase name="edit_musichold" time="15.229" classname="testcases.UserMusiconHoldPage_Test"/>
  <system-out/>
  <testcase name="field_validation" time="7.851" classname="testcases.UserMusiconHoldPage_Test"/>
  <system-out/>
</testsuite> <!-- testcases.UserMusiconHoldPage_Test -->
