<?xml version="1.0" encoding="UTF-8"?>
<!-- Generated by org.testng.reporters.JUnitReportReporter -->
<testsuite skipped="0" hostname="DESKTOP-4C220HH" name="testcases.RingGroupsPage_Test" tests="4" failures="0" timestamp="2020-12-18T13:03:07 EST" time="42.316" errors="0">
  <testcase name="ringgroup_validation" time="7.146" classname="testcases.RingGroupsPage_Test"/>
  <system-out/>
  <testcase name="add_ringgroup" time="8.520" classname="testcases.RingGroupsPage_Test"/>
  <system-out/>
  <testcase name="edit_ringgroup" time="18.914" classname="testcases.RingGroupsPage_Test"/>
  <system-out/>
  <testcase name="delete_ringgroup" time="7.736" classname="testcases.RingGroupsPage_Test"/>
  <system-out/>
</testsuite> <!-- testcases.RingGroupsPage_Test -->
