<?xml version="1.0" encoding="UTF-8"?>
<!-- Generated by org.testng.reporters.JUnitReportReporter -->
<testsuite skipped="0" hostname="DESKTOP-4C220HH" name="testcases.TimeZonePage_Test" tests="2" failures="0" timestamp="2020-12-18T13:03:09 EST" time="18.511" errors="0">
  <testcase name="timezone_validation" time="6.294" classname="testcases.TimeZonePage_Test"/>
  <system-out/>
  <testcase name="add_timezone" time="12.217" classname="testcases.TimeZonePage_Test"/>
  <system-out/>
</testsuite> <!-- testcases.TimeZonePage_Test -->
