<?xml version="1.0" encoding="UTF-8"?>
<!-- Generated by org.testng.reporters.JUnitReportReporter -->
<testsuite skipped="0" hostname="DESKTOP-4C220HH" name="testcases.PagingIntercomPage_Test" tests="4" failures="0" timestamp="2020-12-18T13:03:10 EST" time="34.543" errors="0">
  <testcase name="paging_validation" time="8.005" classname="testcases.PagingIntercomPage_Test"/>
  <system-out/>
  <testcase name="add_paging" time="8.164" classname="testcases.PagingIntercomPage_Test"/>
  <system-out/>
  <testcase name="edit_paging" time="10.555" classname="testcases.PagingIntercomPage_Test"/>
  <system-out/>
  <testcase name="delete_paging" time="7.819" classname="testcases.PagingIntercomPage_Test"/>
  <system-out/>
</testsuite> <!-- testcases.PagingIntercomPage_Test -->
