<?xml version="1.0" encoding="UTF-8"?>
<!-- Generated by org.testng.reporters.JUnitReportReporter -->
<testsuite skipped="0" hostname="DESKTOP-4C220HH" name="testcases.UserAnnouncementPage_Test" tests="4" failures="0" timestamp="2020-08-08T16:31:11 IST" time="32.396" errors="0">
  <testcase name="announcement_validation" time="8.930" classname="testcases.UserAnnouncementPage_Test"/>
  <system-out/>
  <testcase name="add_announcement" time="6.588" classname="testcases.UserAnnouncementPage_Test"/>
  <system-out/>
  <testcase name="edit_announcement" time="9.567" classname="testcases.UserAnnouncementPage_Test"/>
  <system-out/>
  <testcase name="delete_announcement" time="7.311" classname="testcases.UserAnnouncementPage_Test"/>
  <system-out/>
</testsuite> <!-- testcases.UserAnnouncementPage_Test -->
