<?xml version="1.0" encoding="UTF-8"?>
<!-- Generated by org.testng.reporters.JUnitReportReporter -->
<testsuite skipped="0" hostname="DESKTOP-4C220HH" name="testcases.DirectoryPage_Test" tests="7" failures="0" timestamp="2020-12-18T13:03:08 EST" time="52.256" errors="0">
  <testcase name="directory_validation" time="6.305" classname="testcases.DirectoryPage_Test"/>
  <system-out/>
  <testcase name="add_directroy" time="11.140" classname="testcases.DirectoryPage_Test"/>
  <system-out/>
  <testcase name="assign_directroy" time="6.495" classname="testcases.DirectoryPage_Test"/>
  <system-out/>
  <testcase name="edit_directroy" time="10.301" classname="testcases.DirectoryPage_Test"/>
  <system-out/>
  <testcase name="delete_directroy" time="7.563" classname="testcases.DirectoryPage_Test"/>
  <system-out/>
  <testcase name="withoutradioedit" time="5.194" classname="testcases.DirectoryPage_Test"/>
  <system-out/>
  <testcase name="withoutradiodelete" time="5.258" classname="testcases.DirectoryPage_Test"/>
  <system-out/>
</testsuite> <!-- testcases.DirectoryPage_Test -->
