<?xml version="1.0" encoding="UTF-8"?>
<!-- Generated by org.testng.reporters.JUnitReportReporter -->
<testsuite skipped="0" hostname="DESKTOP-4C220HH" name="testcases.RingGroupsPjsipPage_Test" tests="4" failures="0" timestamp="2020-08-03T21:52:56 IST" time="45.955" errors="0">
  <testcase name="ringgroup_validation" time="8.150" classname="testcases.RingGroupsPjsipPage_Test"/>
  <system-out/>
  <testcase name="add_ringgroup" time="7.287" classname="testcases.RingGroupsPjsipPage_Test"/>
  <system-out/>
  <testcase name="edit_ringgroup" time="23.159" classname="testcases.RingGroupsPjsipPage_Test"/>
  <system-out/>
  <testcase name="delete_ringgroup" time="7.359" classname="testcases.RingGroupsPjsipPage_Test"/>
  <system-out/>
</testsuite> <!-- testcases.RingGroupsPjsipPage_Test -->
