<?xml version="1.0" encoding="UTF-8"?>
<!-- Generated by org.testng.reporters.JUnitReportReporter -->
<testsuite skipped="0" hostname="DESKTOP-4C220HH" name="testcases.Musiconhold_Test" tests="1" failures="0" timestamp="21 Jul 2020 17:08:36 GMT" time="129.782" errors="0">
  <testcase name="Addmusiconhold" time="129.782" classname="testcases.Musiconhold_Test"/>
</testsuite> <!-- testcases.Musiconhold_Test -->
