<?xml version="1.0" encoding="UTF-8"?>
<!-- Generated by org.testng.reporters.JUnitReportReporter -->
<testsuite skipped="0" hostname="DESKTOP-4C220HH" name="testcases.DirectoryPjsipPage_Test" tests="7" failures="0" timestamp="2020-07-31T19:33:42 IST" time="42.833" errors="0">
  <testcase name="directory_validation" time="6.901" classname="testcases.DirectoryPjsipPage_Test"/>
  <system-out/>
  <testcase name="add_directroy" time="1.831" classname="testcases.DirectoryPjsipPage_Test"/>
  <system-out/>
  <testcase name="assign_directroy" time="6.225" classname="testcases.DirectoryPjsipPage_Test"/>
  <system-out/>
  <testcase name="edit_directroy" time="10.067" classname="testcases.DirectoryPjsipPage_Test"/>
  <system-out/>
  <testcase name="delete_directroy" time="7.342" classname="testcases.DirectoryPjsipPage_Test"/>
  <system-out/>
  <testcase name="withoutradioedit" time="5.217" classname="testcases.DirectoryPjsipPage_Test"/>
  <system-out/>
  <testcase name="withoutradiodelete" time="5.250" classname="testcases.DirectoryPjsipPage_Test"/>
  <system-out/>
</testsuite> <!-- testcases.DirectoryPjsipPage_Test -->
