<?xml version="1.0" encoding="UTF-8"?>
<!-- Generated by org.testng.reporters.JUnitReportReporter -->
<testsuite skipped="0" hostname="DESKTOP-564T0NE" name="testcases.ListofExtension_Test" tests="1" failures="0" timestamp="04 Jun 2020 17:46:12 GMT" time="192.788" errors="0">
  <testcase name="ListofExtensionData" time="192.788" classname="testcases.ListofExtension_Test"/>
</testsuite> <!-- testcases.ListofExtension_Test -->
