<?xml version="1.0" encoding="UTF-8"?>
<!-- Generated by org.testng.reporters.JUnitReportReporter -->
<testsuite skipped="0" hostname="DESKTOP-4C220HH" name="testcases.LoginPage_Test" tests="1" failures="0" timestamp="2020-12-18T13:03:09 EST" time="4.033" errors="0">
  <testcase name="loginTest" time="4.033" classname="testcases.LoginPage_Test"/>
  <system-out/>
</testsuite> <!-- testcases.LoginPage_Test -->
