<?xml version="1.0" encoding="UTF-8"?>
<!-- Generated by org.testng.reporters.JUnitReportReporter -->
<testsuite skipped="0" hostname="DESKTOP-4C220HH" name="testcases.IvrOptionsPage_Test" tests="4" failures="0" timestamp="2020-12-18T13:03:10 EST" time="58.931" errors="0">
  <testcase name="timecondition_validation" time="7.493" classname="testcases.IvrOptionsPage_Test"/>
  <system-out/>
  <testcase name="add_ivroption" time="18.361" classname="testcases.IvrOptionsPage_Test"/>
  <system-out/>
  <testcase name="edit_ivroption" time="25.536" classname="testcases.IvrOptionsPage_Test"/>
  <system-out/>
  <testcase name="delete_ivroption" time="7.541" classname="testcases.IvrOptionsPage_Test"/>
  <system-out/>
</testsuite> <!-- testcases.IvrOptionsPage_Test -->
