<?xml version="1.0" encoding="UTF-8"?>
<!-- Generated by org.testng.reporters.JUnitReportReporter -->
<testsuite skipped="0" hostname="DESKTOP-4C220HH" name="testcases.UserQueuesPage_Test" tests="4" failures="0" timestamp="2020-08-09T18:11:40 IST" time="56.273" errors="0">
  <testcase name="queues_validation" time="8.518" classname="testcases.UserQueuesPage_Test"/>
  <system-out/>
  <testcase name="add_queues" time="19.429" classname="testcases.UserQueuesPage_Test"/>
  <system-out/>
  <testcase name="edit_queues" time="20.993" classname="testcases.UserQueuesPage_Test"/>
  <system-out/>
  <testcase name="delete_queues" time="7.333" classname="testcases.UserQueuesPage_Test"/>
  <system-out/>
</testsuite> <!-- testcases.UserQueuesPage_Test -->
