<?xml version="1.0" encoding="UTF-8"?>
<!-- Generated by org.testng.reporters.JUnitReportReporter -->
<testsuite skipped="0" hostname="DESKTOP-4C220HH" name="testcases.AnnouncementsPage_Test" tests="4" failures="0" timestamp="2020-12-18T13:03:08 EST" time="31.804" errors="0">
  <testcase name="announcement_validation" time="6.734" classname="testcases.AnnouncementsPage_Test"/>
  <system-out/>
  <testcase name="add_announcement" time="7.530" classname="testcases.AnnouncementsPage_Test"/>
  <system-out/>
  <testcase name="edit_announcement" time="9.979" classname="testcases.AnnouncementsPage_Test"/>
  <system-out/>
  <testcase name="delete_announcement" time="7.561" classname="testcases.AnnouncementsPage_Test"/>
  <system-out/>
</testsuite> <!-- testcases.AnnouncementsPage_Test -->
