<?xml version="1.0" encoding="UTF-8"?>
<!-- Generated by org.testng.reporters.JUnitReportReporter -->
<testsuite skipped="0" hostname="DESKTOP-4C220HH" name="testcases.TimeConditionsPage_Test" tests="4" failures="0" timestamp="2020-12-18T13:03:09 EST" time="31.243" errors="0">
  <testcase name="timecondition_validation" time="7.457" classname="testcases.TimeConditionsPage_Test"/>
  <system-out/>
  <testcase name="add_timecondition" time="3.435" classname="testcases.TimeConditionsPage_Test"/>
  <system-out/>
  <testcase name="edit_timecondition" time="12.599" classname="testcases.TimeConditionsPage_Test"/>
  <system-out/>
  <testcase name="delete_timecondition" time="7.752" classname="testcases.TimeConditionsPage_Test"/>
  <system-out/>
</testsuite> <!-- testcases.TimeConditionsPage_Test -->
