<?xml version="1.0" encoding="UTF-8"?>
<!-- Generated by org.testng.reporters.JUnitReportReporter -->
<testsuite skipped="0" hostname="DESKTOP-4C220HH" name="testcases.AnnouncementsPjsipPage_Test" tests="4" failures="0" timestamp="2020-08-03T21:18:21 IST" time="34.261" errors="0">
  <testcase name="announcement_validation" time="10.847" classname="testcases.AnnouncementsPjsipPage_Test"/>
  <system-out/>
  <testcase name="add_announcement" time="6.547" classname="testcases.AnnouncementsPjsipPage_Test"/>
  <system-out/>
  <testcase name="edit_announcement" time="9.457" classname="testcases.AnnouncementsPjsipPage_Test"/>
  <system-out/>
  <testcase name="delete_announcement" time="7.410" classname="testcases.AnnouncementsPjsipPage_Test"/>
  <system-out/>
</testsuite> <!-- testcases.AnnouncementsPjsipPage_Test -->
