<?xml version="1.0" encoding="UTF-8"?>
<!-- Generated by org.testng.reporters.JUnitReportReporter -->
<testsuite skipped="1" hostname="DESKTOP-4C220HH" name="testcases.ConferencePage_Test" tests="6" failures="0" timestamp="2020-12-18T13:03:09 EST" time="40.710" errors="0">
  <testcase name="conferencepage_validation" time="12.487" classname="testcases.ConferencePage_Test"/>
  <system-out/>
  <testcase name="add_conferencepage" time="7.638" classname="testcases.ConferencePage_Test"/>
  <system-out/>
  <testcase name="edit_conferencepage" time="14.834" classname="testcases.ConferencePage_Test"/>
  <system-out/>
  <testcase name="radiodelete_conferencepage" time="0.001" classname="testcases.ConferencePage_Test"/>
  <system-out/>
  <testcase name="delete_conferencepage" time="5.750" classname="testcases.ConferencePage_Test"/>
  <system-out/>
  <testcase name="radioedit_confrencepage" classname="testcases.ConferencePage_Test">
    <skipped/>
  </testcase> <!-- radioedit_confrencepage -->
  <system-out/>
</testsuite> <!-- testcases.ConferencePage_Test -->
