<?xml version="1.0" encoding="UTF-8"?>
<!-- Generated by org.testng.reporters.JUnitReportReporter -->
<testsuite skipped="0" hostname="DESKTOP-4C220HH" name="testcases.ListofExtensionsUserDevice_Test" tests="7" failures="0" timestamp="2020-08-13T19:45:47 IST" time="61.561" errors="0">
  <testcase name="extension_validation" time="6.782" classname="testcases.ListofExtensionsUserDevice_Test"/>
  <system-out/>
  <testcase name="add_extension" time="6.440" classname="testcases.ListofExtensionsUserDevice_Test"/>
  <system-out/>
  <testcase name="edit_extension" time="9.868" classname="testcases.ListofExtensionsUserDevice_Test"/>
  <system-out/>
  <testcase name="followme_extension" time="10.902" classname="testcases.ListofExtensionsUserDevice_Test"/>
  <system-out/>
  <testcase name="edit_follow_extension" time="12.198" classname="testcases.ListofExtensionsUserDevice_Test"/>
  <system-out/>
  <testcase name="check_bulk_extension" time="8.021" classname="testcases.ListofExtensionsUserDevice_Test"/>
  <system-out/>
  <testcase name="delete_extension" time="7.350" classname="testcases.ListofExtensionsUserDevice_Test"/>
  <system-out/>
</testsuite> <!-- testcases.ListofExtensionsUserDevice_Test -->
