<?xml version="1.0" encoding="UTF-8"?>
<!-- Generated by org.testng.reporters.JUnitReportReporter -->
<testsuite skipped="0" hostname="DESKTOP-4C220HH" name="testcases.QueuesPage_Test" tests="4" failures="0" timestamp="2020-08-13T19:45:47 IST" time="64.109" errors="0">
  <testcase name="queues_validation" time="6.533" classname="testcases.QueuesPage_Test"/>
  <system-out/>
  <testcase name="add_queues" time="29.076" classname="testcases.QueuesPage_Test"/>
  <system-out/>
  <testcase name="edit_queues" time="21.183" classname="testcases.QueuesPage_Test"/>
  <system-out/>
  <testcase name="delete_queues" time="7.317" classname="testcases.QueuesPage_Test"/>
  <system-out/>
</testsuite> <!-- testcases.QueuesPage_Test -->
