<?xml version="1.0" encoding="UTF-8"?>
<!-- Generated by org.testng.reporters.JUnitReportReporter -->
<testsuite skipped="0" hostname="DESKTOP-4C220HH" name="testcases.PagingIntercomPage_Test" tests="4" failures="0" timestamp="2020-08-13T19:45:48 IST" time="30.606" errors="0">
  <testcase name="paging_validation" time="6.597" classname="testcases.PagingIntercomPage_Test"/>
  <system-out/>
  <testcase name="add_paging" time="6.917" classname="testcases.PagingIntercomPage_Test"/>
  <system-out/>
  <testcase name="edit_paging" time="9.751" classname="testcases.PagingIntercomPage_Test"/>
  <system-out/>
  <testcase name="delete_paging" time="7.341" classname="testcases.PagingIntercomPage_Test"/>
  <system-out/>
</testsuite> <!-- testcases.PagingIntercomPage_Test -->
