<?xml version="1.0" encoding="UTF-8"?>
<!-- Generated by org.testng.reporters.JUnitReportReporter -->
<testsuite skipped="0" hostname="DESKTOP-4C220HH" name="testcases.RingGroupsPage_Test" tests="4" failures="0" timestamp="2020-08-13T19:45:48 IST" time="41.558" errors="0">
  <testcase name="ringgroup_validation" time="8.791" classname="testcases.RingGroupsPage_Test"/>
  <system-out/>
  <testcase name="add_ringgroup" time="7.451" classname="testcases.RingGroupsPage_Test"/>
  <system-out/>
  <testcase name="edit_ringgroup" time="17.950" classname="testcases.RingGroupsPage_Test"/>
  <system-out/>
  <testcase name="delete_ringgroup" time="7.366" classname="testcases.RingGroupsPage_Test"/>
  <system-out/>
</testsuite> <!-- testcases.RingGroupsPage_Test -->
