<?xml version="1.0" encoding="UTF-8"?>
<!-- Generated by org.testng.reporters.JUnitReportReporter -->
<testsuite skipped="0" hostname="DESKTOP-4C220HH" name="testcases.IvrOptionsPage_Test" tests="4" failures="0" timestamp="2020-08-13T19:45:48 IST" time="54.489" errors="0">
  <testcase name="timecondition_validation" time="7.154" classname="testcases.IvrOptionsPage_Test"/>
  <system-out/>
  <testcase name="add_ivroption" time="16.421" classname="testcases.IvrOptionsPage_Test"/>
  <system-out/>
  <testcase name="edit_ivroption" time="23.519" classname="testcases.IvrOptionsPage_Test"/>
  <system-out/>
  <testcase name="delete_ivroption" time="7.395" classname="testcases.IvrOptionsPage_Test"/>
  <system-out/>
</testsuite> <!-- testcases.IvrOptionsPage_Test -->
