<?xml version="1.0" encoding="UTF-8"?>
<!-- Generated by org.testng.reporters.JUnitReportReporter -->
<testsuite skipped="0" hostname="DESKTOP-4C220HH" name="testcases.DirectoryPjsipPage_Test" tests="7" failures="0" timestamp="2020-08-13T19:45:47 IST" time="44.333" errors="0">
  <testcase name="directory_validation" time="8.887" classname="testcases.DirectoryPjsipPage_Test"/>
  <system-out/>
  <testcase name="add_directroy" time="1.678" classname="testcases.DirectoryPjsipPage_Test"/>
  <system-out/>
  <testcase name="assign_directroy" time="6.035" classname="testcases.DirectoryPjsipPage_Test"/>
  <system-out/>
  <testcase name="edit_directroy" time="9.983" classname="testcases.DirectoryPjsipPage_Test"/>
  <system-out/>
  <testcase name="delete_directroy" time="7.319" classname="testcases.DirectoryPjsipPage_Test"/>
  <system-out/>
  <testcase name="withoutradiodelete" time="5.181" classname="testcases.DirectoryPjsipPage_Test"/>
  <system-out/>
  <testcase name="withoutradioedit" time="5.250" classname="testcases.DirectoryPjsipPage_Test"/>
  <system-out/>
</testsuite> <!-- testcases.DirectoryPjsipPage_Test -->
