<?xml version="1.0" encoding="UTF-8"?>
<!-- Generated by org.testng.reporters.JUnitReportReporter -->
<testsuite skipped="1" hostname="DESKTOP-4C220HH" name="testcases.ConferencePage_Test" tests="6" failures="0" timestamp="2020-08-13T19:45:48 IST" time="39.062" errors="0">
  <testcase name="conferencepage_validation" time="11.996" classname="testcases.ConferencePage_Test"/>
  <system-out/>
  <testcase name="add_conferencepage" time="7.479" classname="testcases.ConferencePage_Test"/>
  <system-out/>
  <testcase name="edit_conferencepage" time="14.002" classname="testcases.ConferencePage_Test"/>
  <system-out/>
  <testcase name="radiodelete_conferencepage" time="0.001" classname="testcases.ConferencePage_Test"/>
  <system-out/>
  <testcase name="delete_conferencepage" time="5.584" classname="testcases.ConferencePage_Test"/>
  <system-out/>
  <testcase name="radioedit_confrencepage" classname="testcases.ConferencePage_Test">
    <skipped/>
  </testcase> <!-- radioedit_confrencepage -->
  <system-out/>
</testsuite> <!-- testcases.ConferencePage_Test -->
