<?xml version="1.0" encoding="UTF-8"?>
<!-- Generated by org.testng.reporters.JUnitReportReporter -->
<testsuite skipped="0" hostname="DESKTOP-4C220HH" name="testcases.TimeConditionsPage_Test" tests="4" failures="0" timestamp="2020-08-13T19:45:47 IST" time="28.623" errors="0">
  <testcase name="timecondition_validation" time="7.008" classname="testcases.TimeConditionsPage_Test"/>
  <system-out/>
  <testcase name="add_timecondition" time="2.677" classname="testcases.TimeConditionsPage_Test"/>
  <system-out/>
  <testcase name="edit_timecondition" time="11.565" classname="testcases.TimeConditionsPage_Test"/>
  <system-out/>
  <testcase name="delete_timecondition" time="7.373" classname="testcases.TimeConditionsPage_Test"/>
  <system-out/>
</testsuite> <!-- testcases.TimeConditionsPage_Test -->
