<?xml version="1.0" encoding="UTF-8"?>
<!-- Generated by org.testng.reporters.JUnitReportReporter -->
<testsuite skipped="0" hostname="DESKTOP-4C220HH" name="testcases.RingGroupsPjsipPage_Test" tests="4" failures="0" timestamp="2020-08-13T19:45:47 IST" time="44.813" errors="0">
  <testcase name="ringgroup_validation" time="6.917" classname="testcases.RingGroupsPjsipPage_Test"/>
  <system-out/>
  <testcase name="add_ringgroup" time="7.176" classname="testcases.RingGroupsPjsipPage_Test"/>
  <system-out/>
  <testcase name="edit_ringgroup" time="23.339" classname="testcases.RingGroupsPjsipPage_Test"/>
  <system-out/>
  <testcase name="delete_ringgroup" time="7.381" classname="testcases.RingGroupsPjsipPage_Test"/>
  <system-out/>
</testsuite> <!-- testcases.RingGroupsPjsipPage_Test -->
