<?xml version="1.0" encoding="UTF-8"?>
<!-- Generated by org.testng.reporters.JUnitReportReporter -->
<testsuite skipped="0" hostname="DESKTOP-4C220HH" name="testcases.QueuesPjsipPage_Test" tests="4" failures="0" timestamp="2020-08-13T19:45:47 IST" time="65.404" errors="0">
  <testcase name="queues_validation" time="7.187" classname="testcases.QueuesPjsipPage_Test"/>
  <system-out/>
  <testcase name="add_queues" time="28.060" classname="testcases.QueuesPjsipPage_Test"/>
  <system-out/>
  <testcase name="edit_queues" time="21.381" classname="testcases.QueuesPjsipPage_Test"/>
  <system-out/>
  <testcase name="delete_queues" time="8.776" classname="testcases.QueuesPjsipPage_Test"/>
  <system-out/>
</testsuite> <!-- testcases.QueuesPjsipPage_Test -->
