<?xml version="1.0" encoding="UTF-8"?>
<!-- Generated by org.testng.reporters.JUnitReportReporter -->
<testsuite skipped="0" hostname="DESKTOP-4C220HH" name="testcases.TimeZonePjsip_Test" tests="3" failures="0" timestamp="2020-08-13T19:45:47 IST" time="28.689" errors="0">
  <testcase name="timezone_validation" time="6.838" classname="testcases.TimeZonePjsip_Test"/>
  <system-out/>
  <testcase name="add_timezone" time="11.078" classname="testcases.TimeZonePjsip_Test"/>
  <system-out/>
  <testcase name="edit_timezone" time="10.773" classname="testcases.TimeZonePjsip_Test"/>
  <system-out/>
</testsuite> <!-- testcases.TimeZonePjsip_Test -->
