<?xml version="1.0" encoding="UTF-8"?>
<!-- Generated by org.testng.reporters.JUnitReportReporter -->
<testsuite skipped="0" hostname="DESKTOP-4C220HH" name="testcases.TimeZonePage_Test" tests="2" failures="0" timestamp="2020-08-13T19:45:47 IST" time="20.040" errors="0">
  <testcase name="timezone_validation" time="8.971" classname="testcases.TimeZonePage_Test"/>
  <system-out/>
  <testcase name="add_timezone" time="11.069" classname="testcases.TimeZonePage_Test"/>
  <system-out/>
</testsuite> <!-- testcases.TimeZonePage_Test -->
