<?xml version="1.0" encoding="UTF-8"?>
<!-- Generated by org.testng.reporters.JUnitReportReporter -->
<testsuite skipped="0" hostname="DESKTOP-4C220HH" name="testcases.AnnouncementsPjsipPage_Test" tests="4" failures="0" timestamp="2020-08-13T19:45:48 IST" time="32.502" errors="0">
  <testcase name="announcement_validation" time="9.135" classname="testcases.AnnouncementsPjsipPage_Test"/>
  <system-out/>
  <testcase name="add_announcement" time="6.456" classname="testcases.AnnouncementsPjsipPage_Test"/>
  <system-out/>
  <testcase name="edit_announcement" time="9.554" classname="testcases.AnnouncementsPjsipPage_Test"/>
  <system-out/>
  <testcase name="delete_announcement" time="7.357" classname="testcases.AnnouncementsPjsipPage_Test"/>
  <system-out/>
</testsuite> <!-- testcases.AnnouncementsPjsipPage_Test -->
