<?xml version="1.0" encoding="UTF-8"?>
<!-- Generated by org.testng.reporters.JUnitReportReporter -->
<testsuite skipped="1" hostname="DESKTOP-4C220HH" name="testcases.MusiconHoldPjsipPage_Test" tests="6" failures="0" timestamp="2020-08-13T19:45:48 IST" time="44.212" errors="0">
  <testcase name="musiconhold_validation" time="6.920" classname="testcases.MusiconHoldPjsipPage_Test"/>
  <system-out/>
  <testcase name="add_musichold" time="5.952" classname="testcases.MusiconHoldPjsipPage_Test"/>
  <system-out/>
  <testcase name="edit_musichold" time="16.057" classname="testcases.MusiconHoldPjsipPage_Test"/>
  <system-out/>
  <testcase name="delete_musichold" time="7.434" classname="testcases.MusiconHoldPjsipPage_Test"/>
  <system-out/>
  <testcase name="field_validation" time="7.849" classname="testcases.MusiconHoldPjsipPage_Test"/>
  <system-out/>
  <testcase name="file_field_validation" classname="testcases.MusiconHoldPjsipPage_Test">
    <skipped/>
  </testcase> <!-- file_field_validation -->
  <system-out/>
</testsuite> <!-- testcases.MusiconHoldPjsipPage_Test -->
