<?xml version="1.0" encoding="UTF-8"?>
<!-- Generated by org.testng.reporters.JUnitReportReporter -->
<testsuite skipped="0" hostname="DESKTOP-4C220HH" name="testcases.PagingIntercomPjsipPage_Test" tests="4" failures="0" timestamp="2020-08-13T19:45:47 IST" time="30.394" errors="0">
  <testcase name="paging_validation" time="6.474" classname="testcases.PagingIntercomPjsipPage_Test"/>
  <system-out/>
  <testcase name="add_paging" time="6.862" classname="testcases.PagingIntercomPjsipPage_Test"/>
  <system-out/>
  <testcase name="edit_paging" time="9.725" classname="testcases.PagingIntercomPjsipPage_Test"/>
  <system-out/>
  <testcase name="delete_paging" time="7.333" classname="testcases.PagingIntercomPjsipPage_Test"/>
  <system-out/>
</testsuite> <!-- testcases.PagingIntercomPjsipPage_Test -->
