<?xml version="1.0" encoding="UTF-8"?>
<!-- Generated by org.testng.reporters.JUnitReportReporter -->
<testsuite skipped="2" hostname="DESKTOP-4C220HH" name="testcases.SystemRecordingPjsipPage_Test" tests="8" failures="0" timestamp="2020-08-13T19:45:47 IST" time="46.222" errors="0">
  <testcase name="systemrecord_validation" time="8.391" classname="testcases.SystemRecordingPjsipPage_Test"/>
  <system-out/>
  <testcase name="add_systemrecord" time="9.096" classname="testcases.SystemRecordingPjsipPage_Test"/>
  <system-out/>
  <testcase name="edit_systemrecord" time="7.966" classname="testcases.SystemRecordingPjsipPage_Test"/>
  <system-out/>
  <testcase name="delete_systemrecord" time="8.361" classname="testcases.SystemRecordingPjsipPage_Test"/>
  <system-out/>
  <testcase name="withoutselectradioedit" time="5.181" classname="testcases.SystemRecordingPjsipPage_Test"/>
  <system-out/>
  <testcase name="withoutselectradiodelete" time="7.227" classname="testcases.SystemRecordingPjsipPage_Test"/>
  <system-out/>
  <testcase name="wronginputs" classname="testcases.SystemRecordingPjsipPage_Test">
    <skipped/>
  </testcase> <!-- wronginputs -->
  <system-out/>
  <testcase name="play_audio" classname="testcases.SystemRecordingPjsipPage_Test">
    <skipped/>
  </testcase> <!-- play_audio -->
  <system-out/>
</testsuite> <!-- testcases.SystemRecordingPjsipPage_Test -->
