<?xml version="1.0" encoding="UTF-8"?>
<!-- Generated by org.testng.reporters.JUnitReportReporter -->
<testsuite skipped="0" hostname="DESKTOP-4C220HH" name="testcases.CustomerPage_Test" tests="1" failures="0" timestamp="2020-08-13T19:45:47 IST" time="71.001" errors="0">
  <testcase name="Addcustomer" time="71.001" classname="testcases.CustomerPage_Test"/>
  <system-out/>
</testsuite> <!-- testcases.CustomerPage_Test -->
